<?xml version="1.0" encoding="UTF-8"?>
<robot generator="Robot 3.1.2 (Python 3.7.6 on win32)" generated="20200129 12:10:44.702" rpa="false">
<suite id="s1" name="Suites">
<suite id="s1-s1" name="Cp001 Chrome Copy 10" source="C:\Test_amtif\amtif\test_uno\cp001_chrome copy 10.robot">
<test id="s1-s1-t1" name="CP009 Aviso de Movilización Tipo Inspección Federal MAAMTIF">
<kw name="Esperar Iniciar ok" library="recursos">
<arguments>
<arg>5</arg>
</arguments>
<kw name="Set Selenium Timeout" library="SeleniumLibrary">
<doc>Sets the timeout that is used by various keywords.</doc>
<arguments>
<arg>${arg1} seconds</arg>
</arguments>
<status status="PASS" starttime="20200129 12:10:45.461" endtime="20200129 12:10:45.461"></status>
</kw>
<status status="PASS" starttime="20200129 12:10:45.460" endtime="20200129 12:10:45.461"></status>
</kw>
<kw name="Dormir Todos" library="recursos">
<arguments>
<arg>${tiempo}</arg>
</arguments>
<kw name="Set Selenium Speed" library="SeleniumLibrary">
<doc>Sets the delay that is waited after each Selenium command.</doc>
<arguments>
<arg>${arg1} seconds</arg>
</arguments>
<status status="PASS" starttime="20200129 12:10:45.462" endtime="20200129 12:10:45.462"></status>
</kw>
<status status="PASS" starttime="20200129 12:10:45.461" endtime="20200129 12:10:45.462"></status>
</kw>
<kw name="Abrir navegador" library="recursos">
<kw name="Open Browser" library="SeleniumLibrary">
<doc>Opens a new browser instance to the optional ``url``.</doc>
<arguments>
<arg>${url}</arg>
<arg>${navegador}</arg>
</arguments>
<msg timestamp="20200129 12:10:45.463" level="INFO">Opening browser 'chrome' to base url 'https://adessistemas.senasica.gob.mx/amtif/login.xhtml'.</msg>
<status status="PASS" starttime="20200129 12:10:45.462" endtime="20200129 12:10:49.946"></status>
</kw>
<status status="PASS" starttime="20200129 12:10:45.462" endtime="20200129 12:10:49.946"></status>
</kw>
<kw name="Maximizar" library="recursos">
<kw name="Maximize Browser Window" library="SeleniumLibrary">
<doc>Maximizes current browser window.</doc>
<status status="PASS" starttime="20200129 12:10:49.947" endtime="20200129 12:10:51.330"></status>
</kw>
<status status="PASS" starttime="20200129 12:10:49.946" endtime="20200129 12:10:51.330"></status>
</kw>
<kw name="Login uno" library="recursos">
<kw name="Texto" library="recursos">
<arguments>
<arg>(//input[contains(@type,'text')])[1]</arg>
<arg>erojasc14760</arg>
</arguments>
<kw name="Input Text" library="SeleniumLibrary">
<doc>Types the given ``text`` into the text field identified by ``locator``.</doc>
<arguments>
<arg>xpath=${arg1}</arg>
<arg>${arg2}</arg>
</arguments>
<msg timestamp="20200129 12:10:51.332" level="INFO">Typing text 'erojasc14760' into text field 'xpath=(//input[contains(@type,'text')])[1]'.</msg>
<status status="PASS" starttime="20200129 12:10:51.332" endtime="20200129 12:10:52.050"></status>
</kw>
<status status="PASS" starttime="20200129 12:10:51.331" endtime="20200129 12:10:52.050"></status>
</kw>
<kw name="Texto" library="recursos">
<arguments>
<arg>(//input[@class='form-control'])[2]</arg>
<arg>sena2o14</arg>
</arguments>
<kw name="Input Text" library="SeleniumLibrary">
<doc>Types the given ``text`` into the text field identified by ``locator``.</doc>
<arguments>
<arg>xpath=${arg1}</arg>
<arg>${arg2}</arg>
</arguments>
<msg timestamp="20200129 12:10:52.051" level="INFO">Typing text 'sena2o14' into text field 'xpath=(//input[@class='form-control'])[2]'.</msg>
<status status="PASS" starttime="20200129 12:10:52.051" endtime="20200129 12:10:52.755"></status>
</kw>
<status status="PASS" starttime="20200129 12:10:52.050" endtime="20200129 12:10:52.755"></status>
</kw>
<kw name="Pantalla" library="recursos">
<arguments>
<arg>${dir}/Loguno.png</arg>
</arguments>
<kw name="Capture Page Screenshot" library="SeleniumLibrary">
<doc>Takes a screenshot of the current page and embeds it into a log file.</doc>
<arguments>
<arg>${arg1}</arg>
</arguments>
<msg timestamp="20200129 12:10:53.376" level="INFO" html="yes">&lt;/td&gt;&lt;/tr&gt;&lt;tr&gt;&lt;td colspan="3"&gt;&lt;a href="Img/Loguno.png"&gt;&lt;img src="Img/Loguno.png" width="800px"&gt;&lt;/a&gt;</msg>
<status status="PASS" starttime="20200129 12:10:52.756" endtime="20200129 12:10:53.376"></status>
</kw>
<status status="PASS" starttime="20200129 12:10:52.755" endtime="20200129 12:10:53.376"></status>
</kw>
<kw name="Click" library="recursos">
<arguments>
<arg>//input[@type='submit']</arg>
</arguments>
<kw name="Click Element" library="SeleniumLibrary">
<doc>Click the element identified by ``locator``.</doc>
<arguments>
<arg>xpath=${arg1}</arg>
</arguments>
<msg timestamp="20200129 12:10:53.379" level="INFO">Clicking element 'xpath=//input[@type='submit']'.</msg>
<status status="PASS" starttime="20200129 12:10:53.379" endtime="20200129 12:10:54.328"></status>
</kw>
<status status="PASS" starttime="20200129 12:10:53.378" endtime="20200129 12:10:54.328"></status>
</kw>
<status status="PASS" starttime="20200129 12:10:51.331" endtime="20200129 12:10:54.328"></status>
</kw>
<kw name="Login Tif" library="recursos">
<kw name="Texto" library="recursos">
<arguments>
<arg>(//input[contains(@id,'tif')])[1]</arg>
<arg>A-124</arg>
</arguments>
<kw name="Input Text" library="SeleniumLibrary">
<doc>Types the given ``text`` into the text field identified by ``locator``.</doc>
<arguments>
<arg>xpath=${arg1}</arg>
<arg>${arg2}</arg>
</arguments>
<msg timestamp="20200129 12:10:54.330" level="INFO">Typing text 'A-124' into text field 'xpath=(//input[contains(@id,'tif')])[1]'.</msg>
<status status="PASS" starttime="20200129 12:10:54.329" endtime="20200129 12:10:55.086"></status>
</kw>
<status status="PASS" starttime="20200129 12:10:54.329" endtime="20200129 12:10:55.086"></status>
</kw>
<kw name="Texto" library="recursos">
<arguments>
<arg>//input[contains(@type,'password')]</arg>
<arg>sen962fitA-124</arg>
</arguments>
<kw name="Input Text" library="SeleniumLibrary">
<doc>Types the given ``text`` into the text field identified by ``locator``.</doc>
<arguments>
<arg>xpath=${arg1}</arg>
<arg>${arg2}</arg>
</arguments>
<msg timestamp="20200129 12:10:55.088" level="INFO">Typing text 'sen962fitA-124' into text field 'xpath=//input[contains(@type,'password')]'.</msg>
<status status="PASS" starttime="20200129 12:10:55.087" endtime="20200129 12:10:56.167"></status>
</kw>
<status status="PASS" starttime="20200129 12:10:55.087" endtime="20200129 12:10:56.167"></status>
</kw>
<kw name="Pantalla" library="recursos">
<arguments>
<arg>${dir}/Tif.png</arg>
</arguments>
<kw name="Capture Page Screenshot" library="SeleniumLibrary">
<doc>Takes a screenshot of the current page and embeds it into a log file.</doc>
<arguments>
<arg>${arg1}</arg>
</arguments>
<msg timestamp="20200129 12:10:56.749" level="INFO" html="yes">&lt;/td&gt;&lt;/tr&gt;&lt;tr&gt;&lt;td colspan="3"&gt;&lt;a href="Img/Tif.png"&gt;&lt;img src="Img/Tif.png" width="800px"&gt;&lt;/a&gt;</msg>
<status status="PASS" starttime="20200129 12:10:56.168" endtime="20200129 12:10:56.749"></status>
</kw>
<status status="PASS" starttime="20200129 12:10:56.168" endtime="20200129 12:10:56.749"></status>
</kw>
<kw name="Click" library="recursos">
<arguments>
<arg>(//input[contains(@type,'submit')])[2]</arg>
</arguments>
<kw name="Click Element" library="SeleniumLibrary">
<doc>Click the element identified by ``locator``.</doc>
<arguments>
<arg>xpath=${arg1}</arg>
</arguments>
<msg timestamp="20200129 12:10:56.750" level="INFO">Clicking element 'xpath=(//input[contains(@type,'submit')])[2]'.</msg>
<status status="PASS" starttime="20200129 12:10:56.750" endtime="20200129 12:10:57.414"></status>
</kw>
<status status="PASS" starttime="20200129 12:10:56.750" endtime="20200129 12:10:57.414"></status>
</kw>
<status status="PASS" starttime="20200129 12:10:54.328" endtime="20200129 12:10:57.415"></status>
</kw>
<kw name="Resultado" library="recursos">
<arguments>
<arg>1</arg>
<arg>${dir}/Resultado_uno.png</arg>
<arg>Resultado Ok con dormir</arg>
</arguments>
<kw name="Sleep" library="BuiltIn">
<doc>Pauses the test executed for the given time.</doc>
<arguments>
<arg>${arg1}</arg>
</arguments>
<msg timestamp="20200129 12:10:58.417" level="INFO">Slept 1 second</msg>
<status status="PASS" starttime="20200129 12:10:57.415" endtime="20200129 12:10:58.417"></status>
</kw>
<kw name="Capture Page Screenshot" library="SeleniumLibrary">
<doc>Takes a screenshot of the current page and embeds it into a log file.</doc>
<arguments>
<arg>${arg2}</arg>
</arguments>
<msg timestamp="20200129 12:10:59.177" level="INFO" html="yes">&lt;/td&gt;&lt;/tr&gt;&lt;tr&gt;&lt;td colspan="3"&gt;&lt;a href="Img/Resultado_uno.png"&gt;&lt;img src="Img/Resultado_uno.png" width="800px"&gt;&lt;/a&gt;</msg>
<status status="PASS" starttime="20200129 12:10:58.417" endtime="20200129 12:10:59.177"></status>
</kw>
<kw name="Log To Console" library="BuiltIn">
<doc>Logs the given message to the console.</doc>
<arguments>
<arg>${arg3}</arg>
</arguments>
<status status="PASS" starttime="20200129 12:10:59.178" endtime="20200129 12:10:59.178"></status>
</kw>
<status status="PASS" starttime="20200129 12:10:57.415" endtime="20200129 12:10:59.178"></status>
</kw>
<kw name="Click" library="recursos">
<arguments>
<arg>(//a[@href='#'])[1]</arg>
</arguments>
<kw name="Click Element" library="SeleniumLibrary">
<doc>Click the element identified by ``locator``.</doc>
<arguments>
<arg>xpath=${arg1}</arg>
</arguments>
<msg timestamp="20200129 12:10:59.179" level="INFO">Clicking element 'xpath=(//a[@href='#'])[1]'.</msg>
<status status="PASS" starttime="20200129 12:10:59.179" endtime="20200129 12:11:00.794"></status>
</kw>
<status status="PASS" starttime="20200129 12:10:59.178" endtime="20200129 12:11:00.794"></status>
</kw>
<kw name="Scroll" library="recursos">
<arguments>
<arg>0</arg>
<arg>200</arg>
</arguments>
<kw name="Execute Javascript" library="SeleniumLibrary">
<doc>Executes the given JavaScript code with possible arguments.</doc>
<arguments>
<arg>window.scrollTo(${arg1},${arg2})</arg>
</arguments>
<msg timestamp="20200129 12:11:00.796" level="INFO">Executing JavaScript:
window.scrollTo(0,200)
Without any arguments.</msg>
<status status="PASS" starttime="20200129 12:11:00.795" endtime="20200129 12:11:00.997"></status>
</kw>
<status status="PASS" starttime="20200129 12:11:00.794" endtime="20200129 12:11:00.997"></status>
</kw>
<kw name="Pantalla" library="recursos">
<arguments>
<arg>${dir}/AvisoTif.png</arg>
</arguments>
<kw name="Capture Page Screenshot" library="SeleniumLibrary">
<doc>Takes a screenshot of the current page and embeds it into a log file.</doc>
<arguments>
<arg>${arg1}</arg>
</arguments>
<msg timestamp="20200129 12:11:01.823" level="INFO" html="yes">&lt;/td&gt;&lt;/tr&gt;&lt;tr&gt;&lt;td colspan="3"&gt;&lt;a href="Img/AvisoTif.png"&gt;&lt;img src="Img/AvisoTif.png" width="800px"&gt;&lt;/a&gt;</msg>
<status status="PASS" starttime="20200129 12:11:00.998" endtime="20200129 12:11:01.823"></status>
</kw>
<status status="PASS" starttime="20200129 12:11:00.997" endtime="20200129 12:11:01.823"></status>
</kw>
<kw name="Print" library="recursos">
<arguments>
<arg>Solicitud Aviso ok</arg>
</arguments>
<kw name="Log To Console" library="BuiltIn">
<doc>Logs the given message to the console.</doc>
<arguments>
<arg>${arg1}</arg>
</arguments>
<status status="PASS" starttime="20200129 12:11:01.824" endtime="20200129 12:11:01.825"></status>
</kw>
<status status="PASS" starttime="20200129 12:11:01.823" endtime="20200129 12:11:01.825"></status>
</kw>
<kw name="Click" library="recursos">
<arguments>
<arg>(//input[@type='submit'])[11]</arg>
</arguments>
<kw name="Click Element" library="SeleniumLibrary">
<doc>Click the element identified by ``locator``.</doc>
<arguments>
<arg>xpath=${arg1}</arg>
</arguments>
<msg timestamp="20200129 12:11:01.826" level="INFO">Clicking element 'xpath=(//input[@type='submit'])[11]'.</msg>
<status status="PASS" starttime="20200129 12:11:01.826" endtime="20200129 12:11:02.833"></status>
</kw>
<status status="PASS" starttime="20200129 12:11:01.825" endtime="20200129 12:11:02.833"></status>
</kw>
<kw name="Scroll" library="recursos">
<arguments>
<arg>0</arg>
<arg>200</arg>
</arguments>
<kw name="Execute Javascript" library="SeleniumLibrary">
<doc>Executes the given JavaScript code with possible arguments.</doc>
<arguments>
<arg>window.scrollTo(${arg1},${arg2})</arg>
</arguments>
<msg timestamp="20200129 12:11:02.834" level="INFO">Executing JavaScript:
window.scrollTo(0,200)
Without any arguments.</msg>
<status status="PASS" starttime="20200129 12:11:02.834" endtime="20200129 12:11:03.006"></status>
</kw>
<status status="PASS" starttime="20200129 12:11:02.833" endtime="20200129 12:11:03.006"></status>
</kw>
<kw name="Pantalla" library="recursos">
<arguments>
<arg>${dir}/Estable_destino.png</arg>
</arguments>
<kw name="Capture Page Screenshot" library="SeleniumLibrary">
<doc>Takes a screenshot of the current page and embeds it into a log file.</doc>
<arguments>
<arg>${arg1}</arg>
</arguments>
<msg timestamp="20200129 12:11:03.815" level="INFO" html="yes">&lt;/td&gt;&lt;/tr&gt;&lt;tr&gt;&lt;td colspan="3"&gt;&lt;a href="Img/Estable_destino.png"&gt;&lt;img src="Img/Estable_destino.png" width="800px"&gt;&lt;/a&gt;</msg>
<status status="PASS" starttime="20200129 12:11:03.007" endtime="20200129 12:11:03.816"></status>
</kw>
<status status="PASS" starttime="20200129 12:11:03.007" endtime="20200129 12:11:03.816"></status>
</kw>
<kw name="Print" library="recursos">
<arguments>
<arg>Establecimiento destino OK</arg>
</arguments>
<kw name="Log To Console" library="BuiltIn">
<doc>Logs the given message to the console.</doc>
<arguments>
<arg>${arg1}</arg>
</arguments>
<status status="PASS" starttime="20200129 12:11:03.817" endtime="20200129 12:11:03.817"></status>
</kw>
<status status="PASS" starttime="20200129 12:11:03.816" endtime="20200129 12:11:03.817"></status>
</kw>
<kw name="SR" library="recursos">
<arguments>
<arg>amtif:tipoPatron</arg>
<arg>Otro</arg>
</arguments>
<kw name="Select Radio Button" library="SeleniumLibrary">
<doc>Sets the radio button group ``group_name`` to ``value``.</doc>
<arguments>
<arg>${arg1}</arg>
<arg>${arg2}</arg>
</arguments>
<msg timestamp="20200129 12:11:03.818" level="INFO">Selecting 'Otro' from radio button 'amtif:tipoPatron'.</msg>
<status status="PASS" starttime="20200129 12:11:03.818" endtime="20200129 12:11:04.247"></status>
</kw>
<status status="PASS" starttime="20200129 12:11:03.817" endtime="20200129 12:11:04.247"></status>
</kw>
<kw name="Pantalla" library="recursos">
<arguments>
<arg>${dir}/RadioOtro.png</arg>
</arguments>
<kw name="Capture Page Screenshot" library="SeleniumLibrary">
<doc>Takes a screenshot of the current page and embeds it into a log file.</doc>
<arguments>
<arg>${arg1}</arg>
</arguments>
<msg timestamp="20200129 12:11:04.938" level="INFO" html="yes">&lt;/td&gt;&lt;/tr&gt;&lt;tr&gt;&lt;td colspan="3"&gt;&lt;a href="Img/RadioOtro.png"&gt;&lt;img src="Img/RadioOtro.png" width="800px"&gt;&lt;/a&gt;</msg>
<status status="PASS" starttime="20200129 12:11:04.248" endtime="20200129 12:11:04.938"></status>
</kw>
<status status="PASS" starttime="20200129 12:11:04.247" endtime="20200129 12:11:04.938"></status>
</kw>
<kw name="Print" library="recursos">
<arguments>
<arg>Radio Otro OK</arg>
</arguments>
<kw name="Log To Console" library="BuiltIn">
<doc>Logs the given message to the console.</doc>
<arguments>
<arg>${arg1}</arg>
</arguments>
<status status="PASS" starttime="20200129 12:11:04.939" endtime="20200129 12:11:04.939"></status>
</kw>
<status status="PASS" starttime="20200129 12:11:04.938" endtime="20200129 12:11:04.940"></status>
</kw>
<kw name="SR" library="recursos">
<arguments>
<arg>amtif:tipoPatron</arg>
<arg>TIF</arg>
</arguments>
<kw name="Select Radio Button" library="SeleniumLibrary">
<doc>Sets the radio button group ``group_name`` to ``value``.</doc>
<arguments>
<arg>${arg1}</arg>
<arg>${arg2}</arg>
</arguments>
<msg timestamp="20200129 12:11:04.941" level="INFO">Selecting 'TIF' from radio button 'amtif:tipoPatron'.</msg>
<status status="PASS" starttime="20200129 12:11:04.940" endtime="20200129 12:11:05.406"></status>
</kw>
<status status="PASS" starttime="20200129 12:11:04.940" endtime="20200129 12:11:05.406"></status>
</kw>
<kw name="Pantalla" library="recursos">
<arguments>
<arg>${dir}/RadioTif.png</arg>
</arguments>
<kw name="Capture Page Screenshot" library="SeleniumLibrary">
<doc>Takes a screenshot of the current page and embeds it into a log file.</doc>
<arguments>
<arg>${arg1}</arg>
</arguments>
<msg timestamp="20200129 12:11:06.002" level="INFO" html="yes">&lt;/td&gt;&lt;/tr&gt;&lt;tr&gt;&lt;td colspan="3"&gt;&lt;a href="Img/RadioTif.png"&gt;&lt;img src="Img/RadioTif.png" width="800px"&gt;&lt;/a&gt;</msg>
<status status="PASS" starttime="20200129 12:11:05.407" endtime="20200129 12:11:06.002"></status>
</kw>
<status status="PASS" starttime="20200129 12:11:05.406" endtime="20200129 12:11:06.002"></status>
</kw>
<kw name="Print" library="recursos">
<arguments>
<arg>Radio TIF OK</arg>
</arguments>
<kw name="Log To Console" library="BuiltIn">
<doc>Logs the given message to the console.</doc>
<arguments>
<arg>${arg1}</arg>
</arguments>
<status status="PASS" starttime="20200129 12:11:06.003" endtime="20200129 12:11:06.003"></status>
</kw>
<status status="PASS" starttime="20200129 12:11:06.002" endtime="20200129 12:11:06.003"></status>
</kw>
<kw name="Texto Vacio" library="recursos">
<arguments>
<arg>(//input[contains(@type,'text')])[1]</arg>
</arguments>
<kw name="Input Text" library="SeleniumLibrary">
<doc>Types the given ``text`` into the text field identified by ``locator``.</doc>
<arguments>
<arg>xpath=${arg1}</arg>
<arg>""</arg>
</arguments>
<msg timestamp="20200129 12:11:06.004" level="INFO">Typing text '""' into text field 'xpath=(//input[contains(@type,'text')])[1]'.</msg>
<status status="PASS" starttime="20200129 12:11:06.004" endtime="20200129 12:11:06.544"></status>
</kw>
<status status="PASS" starttime="20200129 12:11:06.003" endtime="20200129 12:11:06.544"></status>
</kw>
<kw name="Click" library="recursos">
<arguments>
<arg>(//input[contains(@type,'submit')])[1]</arg>
</arguments>
<kw name="Click Element" library="SeleniumLibrary">
<doc>Click the element identified by ``locator``.</doc>
<arguments>
<arg>xpath=${arg1}</arg>
</arguments>
<msg timestamp="20200129 12:11:06.545" level="INFO">Clicking element 'xpath=(//input[contains(@type,'submit')])[1]'.</msg>
<status status="PASS" starttime="20200129 12:11:06.544" endtime="20200129 12:11:06.956"></status>
</kw>
<status status="PASS" starttime="20200129 12:11:06.544" endtime="20200129 12:11:06.956"></status>
</kw>
<kw name="Dormir" library="recursos">
<arguments>
<arg>1</arg>
</arguments>
<kw name="Sleep" library="BuiltIn">
<doc>Pauses the test executed for the given time.</doc>
<arguments>
<arg>${arg1}</arg>
</arguments>
<msg timestamp="20200129 12:11:07.957" level="INFO">Slept 1 second</msg>
<status status="PASS" starttime="20200129 12:11:06.956" endtime="20200129 12:11:07.957"></status>
</kw>
<status status="PASS" starttime="20200129 12:11:06.956" endtime="20200129 12:11:07.957"></status>
</kw>
<kw name="Pantalla" library="recursos">
<arguments>
<arg>${dir}/BuscarTif_vacio.png</arg>
</arguments>
<kw name="Capture Page Screenshot" library="SeleniumLibrary">
<doc>Takes a screenshot of the current page and embeds it into a log file.</doc>
<arguments>
<arg>${arg1}</arg>
</arguments>
<msg timestamp="20200129 12:11:08.466" level="INFO" html="yes">&lt;/td&gt;&lt;/tr&gt;&lt;tr&gt;&lt;td colspan="3"&gt;&lt;a href="Img/BuscarTif_vacio.png"&gt;&lt;img src="Img/BuscarTif_vacio.png" width="800px"&gt;&lt;/a&gt;</msg>
<status status="PASS" starttime="20200129 12:11:07.958" endtime="20200129 12:11:08.467"></status>
</kw>
<status status="PASS" starttime="20200129 12:11:07.957" endtime="20200129 12:11:08.467"></status>
</kw>
<kw name="Texto" library="recursos">
<arguments>
<arg>(//input[contains(@type,'text')])[1]</arg>
<arg>A-124</arg>
</arguments>
<kw name="Input Text" library="SeleniumLibrary">
<doc>Types the given ``text`` into the text field identified by ``locator``.</doc>
<arguments>
<arg>xpath=${arg1}</arg>
<arg>${arg2}</arg>
</arguments>
<msg timestamp="20200129 12:11:08.468" level="INFO">Typing text 'A-124' into text field 'xpath=(//input[contains(@type,'text')])[1]'.</msg>
<status status="PASS" starttime="20200129 12:11:08.468" endtime="20200129 12:11:09.121"></status>
</kw>
<status status="PASS" starttime="20200129 12:11:08.467" endtime="20200129 12:11:09.121"></status>
</kw>
<kw name="Click" library="recursos">
<arguments>
<arg>(//input[contains(@type,'submit')])[1]</arg>
</arguments>
<kw name="Click Element" library="SeleniumLibrary">
<doc>Click the element identified by ``locator``.</doc>
<arguments>
<arg>xpath=${arg1}</arg>
</arguments>
<msg timestamp="20200129 12:11:09.122" level="INFO">Clicking element 'xpath=(//input[contains(@type,'submit')])[1]'.</msg>
<status status="PASS" starttime="20200129 12:11:09.122" endtime="20200129 12:11:09.532"></status>
</kw>
<status status="PASS" starttime="20200129 12:11:09.122" endtime="20200129 12:11:09.532"></status>
</kw>
<kw name="Scroll" library="recursos">
<arguments>
<arg>0</arg>
<arg>200</arg>
</arguments>
<kw name="Execute Javascript" library="SeleniumLibrary">
<doc>Executes the given JavaScript code with possible arguments.</doc>
<arguments>
<arg>window.scrollTo(${arg1},${arg2})</arg>
</arguments>
<msg timestamp="20200129 12:11:09.533" level="INFO">Executing JavaScript:
window.scrollTo(0,200)
Without any arguments.</msg>
<status status="PASS" starttime="20200129 12:11:09.533" endtime="20200129 12:11:09.641"></status>
</kw>
<status status="PASS" starttime="20200129 12:11:09.532" endtime="20200129 12:11:09.641"></status>
</kw>
<kw name="Dormir" library="recursos">
<arguments>
<arg>1</arg>
</arguments>
<kw name="Sleep" library="BuiltIn">
<doc>Pauses the test executed for the given time.</doc>
<arguments>
<arg>${arg1}</arg>
</arguments>
<msg timestamp="20200129 12:11:10.643" level="INFO">Slept 1 second</msg>
<status status="PASS" starttime="20200129 12:11:09.642" endtime="20200129 12:11:10.643"></status>
</kw>
<status status="PASS" starttime="20200129 12:11:09.641" endtime="20200129 12:11:10.643"></status>
</kw>
<kw name="Pantalla" library="recursos">
<arguments>
<arg>${dir}/TifEncontrado.png</arg>
</arguments>
<kw name="Capture Page Screenshot" library="SeleniumLibrary">
<doc>Takes a screenshot of the current page and embeds it into a log file.</doc>
<arguments>
<arg>${arg1}</arg>
</arguments>
<msg timestamp="20200129 12:11:11.133" level="INFO" html="yes">&lt;/td&gt;&lt;/tr&gt;&lt;tr&gt;&lt;td colspan="3"&gt;&lt;a href="Img/TifEncontrado.png"&gt;&lt;img src="Img/TifEncontrado.png" width="800px"&gt;&lt;/a&gt;</msg>
<status status="PASS" starttime="20200129 12:11:10.644" endtime="20200129 12:11:11.134"></status>
</kw>
<status status="PASS" starttime="20200129 12:11:10.643" endtime="20200129 12:11:11.134"></status>
</kw>
<kw name="Print" library="recursos">
<arguments>
<arg>Tif Encontrado OK</arg>
</arguments>
<kw name="Log To Console" library="BuiltIn">
<doc>Logs the given message to the console.</doc>
<arguments>
<arg>${arg1}</arg>
</arguments>
<status status="PASS" starttime="20200129 12:11:11.134" endtime="20200129 12:11:11.135"></status>
</kw>
<status status="PASS" starttime="20200129 12:11:11.134" endtime="20200129 12:11:11.135"></status>
</kw>
<kw name="Click" library="recursos">
<arguments>
<arg>(//input[contains(@type,'submit')])[14]</arg>
</arguments>
<kw name="Click Element" library="SeleniumLibrary">
<doc>Click the element identified by ``locator``.</doc>
<arguments>
<arg>xpath=${arg1}</arg>
</arguments>
<msg timestamp="20200129 12:11:11.136" level="INFO">Clicking element 'xpath=(//input[contains(@type,'submit')])[14]'.</msg>
<status status="PASS" starttime="20200129 12:11:11.135" endtime="20200129 12:11:12.028"></status>
</kw>
<status status="PASS" starttime="20200129 12:11:11.135" endtime="20200129 12:11:12.028"></status>
</kw>
<kw name="Scroll" library="recursos">
<arguments>
<arg>0</arg>
<arg>200</arg>
</arguments>
<kw name="Execute Javascript" library="SeleniumLibrary">
<doc>Executes the given JavaScript code with possible arguments.</doc>
<arguments>
<arg>window.scrollTo(${arg1},${arg2})</arg>
</arguments>
<msg timestamp="20200129 12:11:12.029" level="INFO">Executing JavaScript:
window.scrollTo(0,200)
Without any arguments.</msg>
<status status="PASS" starttime="20200129 12:11:12.029" endtime="20200129 12:11:12.139"></status>
</kw>
<status status="PASS" starttime="20200129 12:11:12.028" endtime="20200129 12:11:12.140"></status>
</kw>
<kw name="Pantalla" library="recursos">
<arguments>
<arg>${dir}/Productos_lotes.png</arg>
</arguments>
<kw name="Capture Page Screenshot" library="SeleniumLibrary">
<doc>Takes a screenshot of the current page and embeds it into a log file.</doc>
<arguments>
<arg>${arg1}</arg>
</arguments>
<msg timestamp="20200129 12:11:12.610" level="INFO" html="yes">&lt;/td&gt;&lt;/tr&gt;&lt;tr&gt;&lt;td colspan="3"&gt;&lt;a href="Img/Productos_lotes.png"&gt;&lt;img src="Img/Productos_lotes.png" width="800px"&gt;&lt;/a&gt;</msg>
<status status="PASS" starttime="20200129 12:11:12.140" endtime="20200129 12:11:12.610"></status>
</kw>
<status status="PASS" starttime="20200129 12:11:12.140" endtime="20200129 12:11:12.610"></status>
</kw>
<kw name="Print" library="recursos">
<arguments>
<arg>Productos y Lotes OK OK</arg>
</arguments>
<kw name="Log To Console" library="BuiltIn">
<doc>Logs the given message to the console.</doc>
<arguments>
<arg>${arg1}</arg>
</arguments>
<status status="PASS" starttime="20200129 12:11:12.611" endtime="20200129 12:11:12.612"></status>
</kw>
<status status="PASS" starttime="20200129 12:11:12.610" endtime="20200129 12:11:12.612"></status>
</kw>
<kw name="Click" library="recursos">
<arguments>
<arg>(//input[contains(@type,'checkbox')])[1]</arg>
</arguments>
<kw name="Click Element" library="SeleniumLibrary">
<doc>Click the element identified by ``locator``.</doc>
<arguments>
<arg>xpath=${arg1}</arg>
</arguments>
<msg timestamp="20200129 12:11:12.612" level="INFO">Clicking element 'xpath=(//input[contains(@type,'checkbox')])[1]'.</msg>
<status status="PASS" starttime="20200129 12:11:12.612" endtime="20200129 12:11:12.877"></status>
</kw>
<status status="PASS" starttime="20200129 12:11:12.612" endtime="20200129 12:11:12.877"></status>
</kw>
<kw name="Scroll" library="recursos">
<arguments>
<arg>0</arg>
<arg>400</arg>
</arguments>
<kw name="Execute Javascript" library="SeleniumLibrary">
<doc>Executes the given JavaScript code with possible arguments.</doc>
<arguments>
<arg>window.scrollTo(${arg1},${arg2})</arg>
</arguments>
<msg timestamp="20200129 12:11:12.878" level="INFO">Executing JavaScript:
window.scrollTo(0,400)
Without any arguments.</msg>
<status status="PASS" starttime="20200129 12:11:12.877" endtime="20200129 12:11:12.982"></status>
</kw>
<status status="PASS" starttime="20200129 12:11:12.877" endtime="20200129 12:11:12.983"></status>
</kw>
<kw name="Dormir" library="recursos">
<arguments>
<arg>2</arg>
</arguments>
<kw name="Sleep" library="BuiltIn">
<doc>Pauses the test executed for the given time.</doc>
<arguments>
<arg>${arg1}</arg>
</arguments>
<msg timestamp="20200129 12:11:14.985" level="INFO">Slept 2 seconds</msg>
<status status="PASS" starttime="20200129 12:11:12.984" endtime="20200129 12:11:14.985"></status>
</kw>
<status status="PASS" starttime="20200129 12:11:12.983" endtime="20200129 12:11:14.985"></status>
</kw>
<kw name="Click" library="recursos">
<arguments>
<arg>//*[@id="amtif:btnAbrirAgregarProducto"]</arg>
</arguments>
<kw name="Click Element" library="SeleniumLibrary">
<doc>Click the element identified by ``locator``.</doc>
<arguments>
<arg>xpath=${arg1}</arg>
</arguments>
<msg timestamp="20200129 12:11:14.986" level="INFO">Clicking element 'xpath=//*[@id="amtif:btnAbrirAgregarProducto"]'.</msg>
<status status="PASS" starttime="20200129 12:11:14.986" endtime="20200129 12:11:15.445"></status>
</kw>
<status status="PASS" starttime="20200129 12:11:14.985" endtime="20200129 12:11:15.445"></status>
</kw>
<kw name="Dormir" library="recursos">
<arguments>
<arg>1</arg>
</arguments>
<kw name="Sleep" library="BuiltIn">
<doc>Pauses the test executed for the given time.</doc>
<arguments>
<arg>${arg1}</arg>
</arguments>
<msg timestamp="20200129 12:11:16.446" level="INFO">Slept 1 second</msg>
<status status="PASS" starttime="20200129 12:11:15.446" endtime="20200129 12:11:16.446"></status>
</kw>
<status status="PASS" starttime="20200129 12:11:15.445" endtime="20200129 12:11:16.446"></status>
</kw>
<kw name="Pantalla" library="recursos">
<arguments>
<arg>${dir}/Agregar_Producto.png</arg>
</arguments>
<kw name="Capture Page Screenshot" library="SeleniumLibrary">
<doc>Takes a screenshot of the current page and embeds it into a log file.</doc>
<arguments>
<arg>${arg1}</arg>
</arguments>
<msg timestamp="20200129 12:11:16.949" level="INFO" html="yes">&lt;/td&gt;&lt;/tr&gt;&lt;tr&gt;&lt;td colspan="3"&gt;&lt;a href="Img/Agregar_Producto.png"&gt;&lt;img src="Img/Agregar_Producto.png" width="800px"&gt;&lt;/a&gt;</msg>
<status status="PASS" starttime="20200129 12:11:16.447" endtime="20200129 12:11:16.949"></status>
</kw>
<status status="PASS" starttime="20200129 12:11:16.446" endtime="20200129 12:11:16.949"></status>
</kw>
<kw name="SLI" library="recursos">
<arguments>
<arg>amtif:selProductos</arg>
<arg>3</arg>
</arguments>
<kw name="Select From List By Index" library="SeleniumLibrary">
<doc>Selects options from selection list ``locator`` by ``indexes``.</doc>
<arguments>
<arg>${arg1}</arg>
<arg>${arg2}</arg>
</arguments>
<msg timestamp="20200129 12:11:16.950" level="INFO">Selecting options from selection list 'amtif:selProductos' by index 3.</msg>
<status status="PASS" starttime="20200129 12:11:16.950" endtime="20200129 12:11:18.074"></status>
</kw>
<status status="PASS" starttime="20200129 12:11:16.950" endtime="20200129 12:11:18.074"></status>
</kw>
<kw name="SLI" library="recursos">
<arguments>
<arg>amtif:selProcesos</arg>
<arg>1</arg>
</arguments>
<kw name="Select From List By Index" library="SeleniumLibrary">
<doc>Selects options from selection list ``locator`` by ``indexes``.</doc>
<arguments>
<arg>${arg1}</arg>
<arg>${arg2}</arg>
</arguments>
<msg timestamp="20200129 12:11:18.074" level="INFO">Selecting options from selection list 'amtif:selProcesos' by index 1.</msg>
<status status="PASS" starttime="20200129 12:11:18.074" endtime="20200129 12:11:19.076"></status>
</kw>
<status status="PASS" starttime="20200129 12:11:18.074" endtime="20200129 12:11:19.076"></status>
</kw>
<kw name="SLI" library="recursos">
<arguments>
<arg>amtif:selMotivos</arg>
<arg>2</arg>
</arguments>
<kw name="Select From List By Index" library="SeleniumLibrary">
<doc>Selects options from selection list ``locator`` by ``indexes``.</doc>
<arguments>
<arg>${arg1}</arg>
<arg>${arg2}</arg>
</arguments>
<msg timestamp="20200129 12:11:19.076" level="INFO">Selecting options from selection list 'amtif:selMotivos' by index 2.</msg>
<status status="PASS" starttime="20200129 12:11:19.076" endtime="20200129 12:11:20.120"></status>
</kw>
<status status="PASS" starttime="20200129 12:11:19.076" endtime="20200129 12:11:20.121"></status>
</kw>
<kw name="Texto" library="recursos">
<arguments>
<arg>(//input[contains(@type,'text')])[1]</arg>
<arg>Demo Producto</arg>
</arguments>
<kw name="Input Text" library="SeleniumLibrary">
<doc>Types the given ``text`` into the text field identified by ``locator``.</doc>
<arguments>
<arg>xpath=${arg1}</arg>
<arg>${arg2}</arg>
</arguments>
<msg timestamp="20200129 12:11:20.122" level="INFO">Typing text 'Demo Producto' into text field 'xpath=(//input[contains(@type,'text')])[1]'.</msg>
<status status="PASS" starttime="20200129 12:11:20.122" endtime="20200129 12:11:20.554"></status>
</kw>
<status status="PASS" starttime="20200129 12:11:20.121" endtime="20200129 12:11:20.554"></status>
</kw>
<kw name="Texto" library="recursos">
<arguments>
<arg>(//input[@type='text'])[2]</arg>
<arg>10</arg>
</arguments>
<kw name="Input Text" library="SeleniumLibrary">
<doc>Types the given ``text`` into the text field identified by ``locator``.</doc>
<arguments>
<arg>xpath=${arg1}</arg>
<arg>${arg2}</arg>
</arguments>
<msg timestamp="20200129 12:11:20.555" level="INFO">Typing text '10' into text field 'xpath=(//input[@type='text'])[2]'.</msg>
<status status="PASS" starttime="20200129 12:11:20.554" endtime="20200129 12:11:20.945"></status>
</kw>
<status status="PASS" starttime="20200129 12:11:20.554" endtime="20200129 12:11:20.945"></status>
</kw>
<kw name="SLI" library="recursos">
<arguments>
<arg>amtif:selPresentaciones</arg>
<arg>3</arg>
</arguments>
<kw name="Select From List By Index" library="SeleniumLibrary">
<doc>Selects options from selection list ``locator`` by ``indexes``.</doc>
<arguments>
<arg>${arg1}</arg>
<arg>${arg2}</arg>
</arguments>
<msg timestamp="20200129 12:11:20.946" level="INFO">Selecting options from selection list 'amtif:selPresentaciones' by index 3.</msg>
<status status="PASS" starttime="20200129 12:11:20.946" endtime="20200129 12:11:22.102"></status>
</kw>
<status status="PASS" starttime="20200129 12:11:20.945" endtime="20200129 12:11:22.102"></status>
</kw>
<kw name="Pantalla" library="recursos">
<arguments>
<arg>${dir}/Producto_cargados.png</arg>
</arguments>
<kw name="Capture Page Screenshot" library="SeleniumLibrary">
<doc>Takes a screenshot of the current page and embeds it into a log file.</doc>
<arguments>
<arg>${arg1}</arg>
</arguments>
<msg timestamp="20200129 12:11:22.614" level="INFO" html="yes">&lt;/td&gt;&lt;/tr&gt;&lt;tr&gt;&lt;td colspan="3"&gt;&lt;a href="Img/Producto_cargados.png"&gt;&lt;img src="Img/Producto_cargados.png" width="800px"&gt;&lt;/a&gt;</msg>
<status status="PASS" starttime="20200129 12:11:22.103" endtime="20200129 12:11:22.615"></status>
</kw>
<status status="PASS" starttime="20200129 12:11:22.103" endtime="20200129 12:11:22.615"></status>
</kw>
<kw name="Print" library="recursos">
<arguments>
<arg>Productos Cargados Modal ok</arg>
</arguments>
<kw name="Log To Console" library="BuiltIn">
<doc>Logs the given message to the console.</doc>
<arguments>
<arg>${arg1}</arg>
</arguments>
<status status="PASS" starttime="20200129 12:11:22.615" endtime="20200129 12:11:22.616"></status>
</kw>
<status status="PASS" starttime="20200129 12:11:22.615" endtime="20200129 12:11:22.616"></status>
</kw>
<kw name="Click" library="recursos">
<arguments>
<arg>(//input[contains(@type,'submit')])[3]</arg>
</arguments>
<kw name="Click Element" library="SeleniumLibrary">
<doc>Click the element identified by ``locator``.</doc>
<arguments>
<arg>xpath=${arg1}</arg>
</arguments>
<msg timestamp="20200129 12:11:22.616" level="INFO">Clicking element 'xpath=(//input[contains(@type,'submit')])[3]'.</msg>
<status status="PASS" starttime="20200129 12:11:22.616" endtime="20200129 12:11:23.189"></status>
</kw>
<status status="PASS" starttime="20200129 12:11:22.616" endtime="20200129 12:11:23.189"></status>
</kw>
<kw name="Dormir" library="recursos">
<arguments>
<arg>1</arg>
</arguments>
<kw name="Sleep" library="BuiltIn">
<doc>Pauses the test executed for the given time.</doc>
<arguments>
<arg>${arg1}</arg>
</arguments>
<msg timestamp="20200129 12:11:24.190" level="INFO">Slept 1 second</msg>
<status status="PASS" starttime="20200129 12:11:23.190" endtime="20200129 12:11:24.190"></status>
</kw>
<status status="PASS" starttime="20200129 12:11:23.189" endtime="20200129 12:11:24.190"></status>
</kw>
<kw name="Scroll" library="recursos">
<arguments>
<arg>0</arg>
<arg>200</arg>
</arguments>
<kw name="Execute Javascript" library="SeleniumLibrary">
<doc>Executes the given JavaScript code with possible arguments.</doc>
<arguments>
<arg>window.scrollTo(${arg1},${arg2})</arg>
</arguments>
<msg timestamp="20200129 12:11:24.191" level="INFO">Executing JavaScript:
window.scrollTo(0,200)
Without any arguments.</msg>
<status status="PASS" starttime="20200129 12:11:24.191" endtime="20200129 12:11:24.298"></status>
</kw>
<status status="PASS" starttime="20200129 12:11:24.190" endtime="20200129 12:11:24.298"></status>
</kw>
<kw name="Pantalla" library="recursos">
<arguments>
<arg>${dir}/Producto_add.png</arg>
</arguments>
<kw name="Capture Page Screenshot" library="SeleniumLibrary">
<doc>Takes a screenshot of the current page and embeds it into a log file.</doc>
<arguments>
<arg>${arg1}</arg>
</arguments>
<msg timestamp="20200129 12:11:24.743" level="INFO" html="yes">&lt;/td&gt;&lt;/tr&gt;&lt;tr&gt;&lt;td colspan="3"&gt;&lt;a href="Img/Producto_add.png"&gt;&lt;img src="Img/Producto_add.png" width="800px"&gt;&lt;/a&gt;</msg>
<status status="PASS" starttime="20200129 12:11:24.299" endtime="20200129 12:11:24.743"></status>
</kw>
<status status="PASS" starttime="20200129 12:11:24.298" endtime="20200129 12:11:24.744"></status>
</kw>
<kw name="Print" library="recursos">
<arguments>
<arg>Cargados Ok</arg>
</arguments>
<kw name="Log To Console" library="BuiltIn">
<doc>Logs the given message to the console.</doc>
<arguments>
<arg>${arg1}</arg>
</arguments>
<status status="PASS" starttime="20200129 12:11:24.744" endtime="20200129 12:11:24.744"></status>
</kw>
<status status="PASS" starttime="20200129 12:11:24.744" endtime="20200129 12:11:24.745"></status>
</kw>
<kw name="Scroll" library="recursos">
<arguments>
<arg>0</arg>
<arg>600</arg>
</arguments>
<kw name="Execute Javascript" library="SeleniumLibrary">
<doc>Executes the given JavaScript code with possible arguments.</doc>
<arguments>
<arg>window.scrollTo(${arg1},${arg2})</arg>
</arguments>
<msg timestamp="20200129 12:11:24.746" level="INFO">Executing JavaScript:
window.scrollTo(0,600)
Without any arguments.</msg>
<status status="PASS" starttime="20200129 12:11:24.745" endtime="20200129 12:11:24.852"></status>
</kw>
<status status="PASS" starttime="20200129 12:11:24.745" endtime="20200129 12:11:24.853"></status>
</kw>
<kw name="Dormir" library="recursos">
<arguments>
<arg>2</arg>
</arguments>
<kw name="Sleep" library="BuiltIn">
<doc>Pauses the test executed for the given time.</doc>
<arguments>
<arg>${arg1}</arg>
</arguments>
<msg timestamp="20200129 12:11:26.853" level="INFO">Slept 2 seconds</msg>
<status status="PASS" starttime="20200129 12:11:24.853" endtime="20200129 12:11:26.853"></status>
</kw>
<status status="PASS" starttime="20200129 12:11:24.853" endtime="20200129 12:11:26.853"></status>
</kw>
<kw name="Click" library="recursos">
<arguments>
<arg>(//input[@type='submit'])[8]</arg>
</arguments>
<kw name="Click Element" library="SeleniumLibrary">
<doc>Click the element identified by ``locator``.</doc>
<arguments>
<arg>xpath=${arg1}</arg>
</arguments>
<msg timestamp="20200129 12:11:26.854" level="INFO">Clicking element 'xpath=(//input[@type='submit'])[8]'.</msg>
<status status="PASS" starttime="20200129 12:11:26.854" endtime="20200129 12:11:27.289"></status>
</kw>
<status status="PASS" starttime="20200129 12:11:26.854" endtime="20200129 12:11:27.289"></status>
</kw>
<kw name="Texto" library="recursos">
<arguments>
<arg>(//input[contains(@type,'text')])[3]</arg>
<arg>1234</arg>
</arguments>
<kw name="Input Text" library="SeleniumLibrary">
<doc>Types the given ``text`` into the text field identified by ``locator``.</doc>
<arguments>
<arg>xpath=${arg1}</arg>
<arg>${arg2}</arg>
</arguments>
<msg timestamp="20200129 12:11:27.290" level="INFO">Typing text '1234' into text field 'xpath=(//input[contains(@type,'text')])[3]'.</msg>
<status status="PASS" starttime="20200129 12:11:27.290" endtime="20200129 12:11:27.670"></status>
</kw>
<status status="PASS" starttime="20200129 12:11:27.289" endtime="20200129 12:11:27.670"></status>
</kw>
<kw name="Texto" library="recursos">
<arguments>
<arg>(//input[contains(@type,'text')])[4]</arg>
<arg>${fecha_sacrificio}</arg>
</arguments>
<kw name="Input Text" library="SeleniumLibrary">
<doc>Types the given ``text`` into the text field identified by ``locator``.</doc>
<arguments>
<arg>xpath=${arg1}</arg>
<arg>${arg2}</arg>
</arguments>
<msg timestamp="20200129 12:11:27.671" level="INFO">Typing text '21/01/2020' into text field 'xpath=(//input[contains(@type,'text')])[4]'.</msg>
<status status="PASS" starttime="20200129 12:11:27.671" endtime="20200129 12:11:28.153"></status>
</kw>
<status status="PASS" starttime="20200129 12:11:27.670" endtime="20200129 12:11:28.153"></status>
</kw>
<kw name="Texto" library="recursos">
<arguments>
<arg>(//input[contains(@type,'text')])[5]</arg>
<arg>${fecha_proceso}</arg>
</arguments>
<kw name="Input Text" library="SeleniumLibrary">
<doc>Types the given ``text`` into the text field identified by ``locator``.</doc>
<arguments>
<arg>xpath=${arg1}</arg>
<arg>${arg2}</arg>
</arguments>
<msg timestamp="20200129 12:11:28.155" level="INFO">Typing text '21/01/2020' into text field 'xpath=(//input[contains(@type,'text')])[5]'.</msg>
<status status="PASS" starttime="20200129 12:11:28.155" endtime="20200129 12:11:28.750"></status>
</kw>
<status status="PASS" starttime="20200129 12:11:28.154" endtime="20200129 12:11:28.750"></status>
</kw>
<kw name="Texto" library="recursos">
<arguments>
<arg>(//input[contains(@type,'text')])[6]</arg>
<arg>${fecha_empaque}</arg>
</arguments>
<kw name="Input Text" library="SeleniumLibrary">
<doc>Types the given ``text`` into the text field identified by ``locator``.</doc>
<arguments>
<arg>xpath=${arg1}</arg>
<arg>${arg2}</arg>
</arguments>
<msg timestamp="20200129 12:11:28.752" level="INFO">Typing text '21/01/2020' into text field 'xpath=(//input[contains(@type,'text')])[6]'.</msg>
<status status="PASS" starttime="20200129 12:11:28.751" endtime="20200129 12:11:29.207"></status>
</kw>
<status status="PASS" starttime="20200129 12:11:28.751" endtime="20200129 12:11:29.207"></status>
</kw>
<kw name="Pantalla" library="recursos">
<arguments>
<arg>${dir}/Agregar_lote.png</arg>
</arguments>
<kw name="Capture Page Screenshot" library="SeleniumLibrary">
<doc>Takes a screenshot of the current page and embeds it into a log file.</doc>
<arguments>
<arg>${arg1}</arg>
</arguments>
<msg timestamp="20200129 12:11:29.729" level="INFO" html="yes">&lt;/td&gt;&lt;/tr&gt;&lt;tr&gt;&lt;td colspan="3"&gt;&lt;a href="Img/Agregar_lote.png"&gt;&lt;img src="Img/Agregar_lote.png" width="800px"&gt;&lt;/a&gt;</msg>
<status status="PASS" starttime="20200129 12:11:29.208" endtime="20200129 12:11:29.729"></status>
</kw>
<status status="PASS" starttime="20200129 12:11:29.207" endtime="20200129 12:11:29.729"></status>
</kw>
<kw name="Click" library="recursos">
<arguments>
<arg>(//input[contains(@type,'submit')])[7]</arg>
</arguments>
<kw name="Click Element" library="SeleniumLibrary">
<doc>Click the element identified by ``locator``.</doc>
<arguments>
<arg>xpath=${arg1}</arg>
</arguments>
<msg timestamp="20200129 12:11:29.731" level="INFO">Clicking element 'xpath=(//input[contains(@type,'submit')])[7]'.</msg>
<status status="PASS" starttime="20200129 12:11:29.730" endtime="20200129 12:11:30.251"></status>
</kw>
<status status="PASS" starttime="20200129 12:11:29.729" endtime="20200129 12:11:30.252"></status>
</kw>
<kw name="Scroll" library="recursos">
<arguments>
<arg>0</arg>
<arg>700</arg>
</arguments>
<kw name="Execute Javascript" library="SeleniumLibrary">
<doc>Executes the given JavaScript code with possible arguments.</doc>
<arguments>
<arg>window.scrollTo(${arg1},${arg2})</arg>
</arguments>
<msg timestamp="20200129 12:11:30.253" level="INFO">Executing JavaScript:
window.scrollTo(0,700)
Without any arguments.</msg>
<status status="PASS" starttime="20200129 12:11:30.252" endtime="20200129 12:11:30.373"></status>
</kw>
<status status="PASS" starttime="20200129 12:11:30.252" endtime="20200129 12:11:30.373"></status>
</kw>
<kw name="Dormir" library="recursos">
<arguments>
<arg>1</arg>
</arguments>
<kw name="Sleep" library="BuiltIn">
<doc>Pauses the test executed for the given time.</doc>
<arguments>
<arg>${arg1}</arg>
</arguments>
<msg timestamp="20200129 12:11:31.374" level="INFO">Slept 1 second</msg>
<status status="PASS" starttime="20200129 12:11:30.373" endtime="20200129 12:11:31.374"></status>
</kw>
<status status="PASS" starttime="20200129 12:11:30.373" endtime="20200129 12:11:31.374"></status>
</kw>
<kw name="Pantalla" library="recursos">
<arguments>
<arg>${dir}/Lote_ok.png</arg>
</arguments>
<kw name="Capture Page Screenshot" library="SeleniumLibrary">
<doc>Takes a screenshot of the current page and embeds it into a log file.</doc>
<arguments>
<arg>${arg1}</arg>
</arguments>
<msg timestamp="20200129 12:11:31.980" level="INFO" html="yes">&lt;/td&gt;&lt;/tr&gt;&lt;tr&gt;&lt;td colspan="3"&gt;&lt;a href="Img/Lote_ok.png"&gt;&lt;img src="Img/Lote_ok.png" width="800px"&gt;&lt;/a&gt;</msg>
<status status="PASS" starttime="20200129 12:11:31.375" endtime="20200129 12:11:31.981"></status>
</kw>
<status status="PASS" starttime="20200129 12:11:31.374" endtime="20200129 12:11:31.981"></status>
</kw>
<kw name="Print" library="recursos">
<arguments>
<arg>Carga Lote ok</arg>
</arguments>
<kw name="Log To Console" library="BuiltIn">
<doc>Logs the given message to the console.</doc>
<arguments>
<arg>${arg1}</arg>
</arguments>
<status status="PASS" starttime="20200129 12:11:31.981" endtime="20200129 12:11:31.982"></status>
</kw>
<status status="PASS" starttime="20200129 12:11:31.981" endtime="20200129 12:11:31.982"></status>
</kw>
<kw name="Dormir" library="recursos">
<arguments>
<arg>1</arg>
</arguments>
<kw name="Sleep" library="BuiltIn">
<doc>Pauses the test executed for the given time.</doc>
<arguments>
<arg>${arg1}</arg>
</arguments>
<msg timestamp="20200129 12:11:32.983" level="INFO">Slept 1 second</msg>
<status status="PASS" starttime="20200129 12:11:31.983" endtime="20200129 12:11:32.983"></status>
</kw>
<status status="PASS" starttime="20200129 12:11:31.982" endtime="20200129 12:11:32.983"></status>
</kw>
<kw name="Click" library="recursos">
<arguments>
<arg>(//input[contains(@type,'submit')])[20]</arg>
</arguments>
<kw name="Click Element" library="SeleniumLibrary">
<doc>Click the element identified by ``locator``.</doc>
<arguments>
<arg>xpath=${arg1}</arg>
</arguments>
<msg timestamp="20200129 12:11:32.985" level="INFO">Clicking element 'xpath=(//input[contains(@type,'submit')])[20]'.</msg>
<status status="PASS" starttime="20200129 12:11:32.984" endtime="20200129 12:11:33.540"></status>
</kw>
<status status="PASS" starttime="20200129 12:11:32.984" endtime="20200129 12:11:33.540"></status>
</kw>
<kw name="Pantalla" library="recursos">
<arguments>
<arg>${dir}/Trasporte_agregados.png</arg>
</arguments>
<kw name="Capture Page Screenshot" library="SeleniumLibrary">
<doc>Takes a screenshot of the current page and embeds it into a log file.</doc>
<arguments>
<arg>${arg1}</arg>
</arguments>
<msg timestamp="20200129 12:11:34.014" level="INFO" html="yes">&lt;/td&gt;&lt;/tr&gt;&lt;tr&gt;&lt;td colspan="3"&gt;&lt;a href="Img/Trasporte_agregados.png"&gt;&lt;img src="Img/Trasporte_agregados.png" width="800px"&gt;&lt;/a&gt;</msg>
<status status="PASS" starttime="20200129 12:11:33.540" endtime="20200129 12:11:34.015"></status>
</kw>
<status status="PASS" starttime="20200129 12:11:33.540" endtime="20200129 12:11:34.015"></status>
</kw>
<kw name="Print" library="recursos">
<arguments>
<arg>Pantalla transporte OK</arg>
</arguments>
<kw name="Log To Console" library="BuiltIn">
<doc>Logs the given message to the console.</doc>
<arguments>
<arg>${arg1}</arg>
</arguments>
<status status="PASS" starttime="20200129 12:11:34.015" endtime="20200129 12:11:34.016"></status>
</kw>
<status status="PASS" starttime="20200129 12:11:34.015" endtime="20200129 12:11:34.016"></status>
</kw>
<kw name="Dormir" library="recursos">
<arguments>
<arg>2</arg>
</arguments>
<kw name="Sleep" library="BuiltIn">
<doc>Pauses the test executed for the given time.</doc>
<arguments>
<arg>${arg1}</arg>
</arguments>
<msg timestamp="20200129 12:11:36.019" level="INFO">Slept 2 seconds</msg>
<status status="PASS" starttime="20200129 12:11:34.016" endtime="20200129 12:11:36.019"></status>
</kw>
<status status="PASS" starttime="20200129 12:11:34.016" endtime="20200129 12:11:36.019"></status>
</kw>
<kw name="Click" library="recursos">
<arguments>
<arg>(//input[contains(@type,'submit')])[4]</arg>
</arguments>
<kw name="Click Element" library="SeleniumLibrary">
<doc>Click the element identified by ``locator``.</doc>
<arguments>
<arg>xpath=${arg1}</arg>
</arguments>
<msg timestamp="20200129 12:11:36.019" level="INFO">Clicking element 'xpath=(//input[contains(@type,'submit')])[4]'.</msg>
<status status="PASS" starttime="20200129 12:11:36.019" endtime="20200129 12:11:36.442"></status>
</kw>
<status status="PASS" starttime="20200129 12:11:36.019" endtime="20200129 12:11:36.443"></status>
</kw>
<kw name="Pantalla" library="recursos">
<arguments>
<arg>${dir}/Modal_agregar_trasnporte.png</arg>
</arguments>
<kw name="Capture Page Screenshot" library="SeleniumLibrary">
<doc>Takes a screenshot of the current page and embeds it into a log file.</doc>
<arguments>
<arg>${arg1}</arg>
</arguments>
<msg timestamp="20200129 12:11:37.022" level="INFO" html="yes">&lt;/td&gt;&lt;/tr&gt;&lt;tr&gt;&lt;td colspan="3"&gt;&lt;a href="Img/Modal_agregar_trasnporte.png"&gt;&lt;img src="Img/Modal_agregar_trasnporte.png" width="800px"&gt;&lt;/a&gt;</msg>
<status status="PASS" starttime="20200129 12:11:36.444" endtime="20200129 12:11:37.023"></status>
</kw>
<status status="PASS" starttime="20200129 12:11:36.443" endtime="20200129 12:11:37.023"></status>
</kw>
<kw name="Texto" library="recursos">
<arguments>
<arg>(//input[contains(@type,'text')])[1]</arg>
<arg>1234567890</arg>
</arguments>
<kw name="Input Text" library="SeleniumLibrary">
<doc>Types the given ``text`` into the text field identified by ``locator``.</doc>
<arguments>
<arg>xpath=${arg1}</arg>
<arg>${arg2}</arg>
</arguments>
<msg timestamp="20200129 12:11:37.024" level="INFO">Typing text '1234567890' into text field 'xpath=(//input[contains(@type,'text')])[1]'.</msg>
<status status="PASS" starttime="20200129 12:11:37.023" endtime="20200129 12:11:37.482"></status>
</kw>
<status status="PASS" starttime="20200129 12:11:37.023" endtime="20200129 12:11:37.482"></status>
</kw>
<kw name="Texto" library="recursos">
<arguments>
<arg>(//input[contains(@type,'text')])[2]</arg>
<arg>12345678901234567892</arg>
</arguments>
<kw name="Input Text" library="SeleniumLibrary">
<doc>Types the given ``text`` into the text field identified by ``locator``.</doc>
<arguments>
<arg>xpath=${arg1}</arg>
<arg>${arg2}</arg>
</arguments>
<msg timestamp="20200129 12:11:37.483" level="INFO">Typing text '12345678901234567892' into text field 'xpath=(//input[contains(@type,'text')])[2]'.</msg>
<status status="PASS" starttime="20200129 12:11:37.483" endtime="20200129 12:11:37.943"></status>
</kw>
<status status="PASS" starttime="20200129 12:11:37.483" endtime="20200129 12:11:37.943"></status>
</kw>
<kw name="Click" library="recursos">
<arguments>
<arg>(//input[contains(@type,'submit')])[3]</arg>
</arguments>
<kw name="Click Element" library="SeleniumLibrary">
<doc>Click the element identified by ``locator``.</doc>
<arguments>
<arg>xpath=${arg1}</arg>
</arguments>
<msg timestamp="20200129 12:11:37.944" level="INFO">Clicking element 'xpath=(//input[contains(@type,'submit')])[3]'.</msg>
<status status="PASS" starttime="20200129 12:11:37.944" endtime="20200129 12:11:38.398"></status>
</kw>
<status status="PASS" starttime="20200129 12:11:37.943" endtime="20200129 12:11:38.398"></status>
</kw>
<kw name="Pantalla" library="recursos">
<arguments>
<arg>${dir}/Add_transporte.png</arg>
</arguments>
<kw name="Capture Page Screenshot" library="SeleniumLibrary">
<doc>Takes a screenshot of the current page and embeds it into a log file.</doc>
<arguments>
<arg>${arg1}</arg>
</arguments>
<msg timestamp="20200129 12:11:38.935" level="INFO" html="yes">&lt;/td&gt;&lt;/tr&gt;&lt;tr&gt;&lt;td colspan="3"&gt;&lt;a href="Img/Add_transporte.png"&gt;&lt;img src="Img/Add_transporte.png" width="800px"&gt;&lt;/a&gt;</msg>
<status status="PASS" starttime="20200129 12:11:38.399" endtime="20200129 12:11:38.935"></status>
</kw>
<status status="PASS" starttime="20200129 12:11:38.398" endtime="20200129 12:11:38.935"></status>
</kw>
<kw name="Print" library="recursos">
<arguments>
<arg>Se agrega el Transporte OK</arg>
</arguments>
<kw name="Log To Console" library="BuiltIn">
<doc>Logs the given message to the console.</doc>
<arguments>
<arg>${arg1}</arg>
</arguments>
<status status="PASS" starttime="20200129 12:11:38.936" endtime="20200129 12:11:38.936"></status>
</kw>
<status status="PASS" starttime="20200129 12:11:38.935" endtime="20200129 12:11:38.936"></status>
</kw>
<kw name="Dormir" library="recursos">
<arguments>
<arg>1</arg>
</arguments>
<kw name="Sleep" library="BuiltIn">
<doc>Pauses the test executed for the given time.</doc>
<arguments>
<arg>${arg1}</arg>
</arguments>
<msg timestamp="20200129 12:11:39.937" level="INFO">Slept 1 second</msg>
<status status="PASS" starttime="20200129 12:11:38.937" endtime="20200129 12:11:39.937"></status>
</kw>
<status status="PASS" starttime="20200129 12:11:38.936" endtime="20200129 12:11:39.937"></status>
</kw>
<kw name="Click" library="recursos">
<arguments>
<arg>(//input[contains(@type,'submit')])[16]</arg>
</arguments>
<kw name="Click Element" library="SeleniumLibrary">
<doc>Click the element identified by ``locator``.</doc>
<arguments>
<arg>xpath=${arg1}</arg>
</arguments>
<msg timestamp="20200129 12:11:39.938" level="INFO">Clicking element 'xpath=(//input[contains(@type,'submit')])[16]'.</msg>
<status status="PASS" starttime="20200129 12:11:39.938" endtime="20200129 12:11:40.482"></status>
</kw>
<status status="PASS" starttime="20200129 12:11:39.937" endtime="20200129 12:11:40.482"></status>
</kw>
<kw name="Pantalla" library="recursos">
<arguments>
<arg>${dir}/transporte_lote.png</arg>
</arguments>
<kw name="Capture Page Screenshot" library="SeleniumLibrary">
<doc>Takes a screenshot of the current page and embeds it into a log file.</doc>
<arguments>
<arg>${arg1}</arg>
</arguments>
<msg timestamp="20200129 12:11:40.957" level="INFO" html="yes">&lt;/td&gt;&lt;/tr&gt;&lt;tr&gt;&lt;td colspan="3"&gt;&lt;a href="Img/transporte_lote.png"&gt;&lt;img src="Img/transporte_lote.png" width="800px"&gt;&lt;/a&gt;</msg>
<status status="PASS" starttime="20200129 12:11:40.483" endtime="20200129 12:11:40.957"></status>
</kw>
<status status="PASS" starttime="20200129 12:11:40.482" endtime="20200129 12:11:40.958"></status>
</kw>
<kw name="Print" library="recursos">
<arguments>
<arg>Numoer de Lote y Placas ok</arg>
</arguments>
<kw name="Log To Console" library="BuiltIn">
<doc>Logs the given message to the console.</doc>
<arguments>
<arg>${arg1}</arg>
</arguments>
<status status="PASS" starttime="20200129 12:11:40.959" endtime="20200129 12:11:40.959"></status>
</kw>
<status status="PASS" starttime="20200129 12:11:40.958" endtime="20200129 12:11:40.959"></status>
</kw>
<kw name="Dormir" library="recursos">
<arguments>
<arg>4</arg>
</arguments>
<kw name="Sleep" library="BuiltIn">
<doc>Pauses the test executed for the given time.</doc>
<arguments>
<arg>${arg1}</arg>
</arguments>
<msg timestamp="20200129 12:11:44.961" level="INFO">Slept 4 seconds</msg>
<status status="PASS" starttime="20200129 12:11:40.960" endtime="20200129 12:11:44.961"></status>
</kw>
<status status="PASS" starttime="20200129 12:11:40.959" endtime="20200129 12:11:44.961"></status>
</kw>
<kw name="Click" library="recursos">
<arguments>
<arg>(//input[contains(@type,'submit')])[12]</arg>
</arguments>
<kw name="Click Element" library="SeleniumLibrary">
<doc>Click the element identified by ``locator``.</doc>
<arguments>
<arg>xpath=${arg1}</arg>
</arguments>
<msg timestamp="20200129 12:11:44.962" level="INFO">Clicking element 'xpath=(//input[contains(@type,'submit')])[12]'.</msg>
<status status="PASS" starttime="20200129 12:11:44.962" endtime="20200129 12:11:48.076"></status>
</kw>
<status status="PASS" starttime="20200129 12:11:44.961" endtime="20200129 12:11:48.076"></status>
</kw>
<kw name="Pantalla" library="recursos">
<arguments>
<arg>${dir}/Numero_folio.png</arg>
</arguments>
<kw name="Capture Page Screenshot" library="SeleniumLibrary">
<doc>Takes a screenshot of the current page and embeds it into a log file.</doc>
<arguments>
<arg>${arg1}</arg>
</arguments>
<msg timestamp="20200129 12:11:48.565" level="INFO" html="yes">&lt;/td&gt;&lt;/tr&gt;&lt;tr&gt;&lt;td colspan="3"&gt;&lt;a href="Img/Numero_folio.png"&gt;&lt;img src="Img/Numero_folio.png" width="800px"&gt;&lt;/a&gt;</msg>
<status status="PASS" starttime="20200129 12:11:48.077" endtime="20200129 12:11:48.565"></status>
</kw>
<status status="PASS" starttime="20200129 12:11:48.076" endtime="20200129 12:11:48.565"></status>
</kw>
<kw name="Scroll" library="recursos">
<arguments>
<arg>0</arg>
<arg>200</arg>
</arguments>
<kw name="Execute Javascript" library="SeleniumLibrary">
<doc>Executes the given JavaScript code with possible arguments.</doc>
<arguments>
<arg>window.scrollTo(${arg1},${arg2})</arg>
</arguments>
<msg timestamp="20200129 12:11:48.566" level="INFO">Executing JavaScript:
window.scrollTo(0,200)
Without any arguments.</msg>
<status status="PASS" starttime="20200129 12:11:48.566" endtime="20200129 12:11:48.672"></status>
</kw>
<status status="PASS" starttime="20200129 12:11:48.565" endtime="20200129 12:11:48.672"></status>
</kw>
<kw name="Dormir" library="recursos">
<arguments>
<arg>1</arg>
</arguments>
<kw name="Sleep" library="BuiltIn">
<doc>Pauses the test executed for the given time.</doc>
<arguments>
<arg>${arg1}</arg>
</arguments>
<msg timestamp="20200129 12:11:49.674" level="INFO">Slept 1 second</msg>
<status status="PASS" starttime="20200129 12:11:48.672" endtime="20200129 12:11:49.674"></status>
</kw>
<status status="PASS" starttime="20200129 12:11:48.672" endtime="20200129 12:11:49.674"></status>
</kw>
<kw name="Scroll" library="recursos">
<arguments>
<arg>0</arg>
<arg>500</arg>
</arguments>
<kw name="Execute Javascript" library="SeleniumLibrary">
<doc>Executes the given JavaScript code with possible arguments.</doc>
<arguments>
<arg>window.scrollTo(${arg1},${arg2})</arg>
</arguments>
<msg timestamp="20200129 12:11:49.675" level="INFO">Executing JavaScript:
window.scrollTo(0,500)
Without any arguments.</msg>
<status status="PASS" starttime="20200129 12:11:49.674" endtime="20200129 12:11:49.781"></status>
</kw>
<status status="PASS" starttime="20200129 12:11:49.674" endtime="20200129 12:11:49.781"></status>
</kw>
<kw name="Dormir" library="recursos">
<arguments>
<arg>1</arg>
</arguments>
<kw name="Sleep" library="BuiltIn">
<doc>Pauses the test executed for the given time.</doc>
<arguments>
<arg>${arg1}</arg>
</arguments>
<msg timestamp="20200129 12:11:50.781" level="INFO">Slept 1 second</msg>
<status status="PASS" starttime="20200129 12:11:49.781" endtime="20200129 12:11:50.781"></status>
</kw>
<status status="PASS" starttime="20200129 12:11:49.781" endtime="20200129 12:11:50.781"></status>
</kw>
<kw name="Scroll" library="recursos">
<arguments>
<arg>0</arg>
<arg>800</arg>
</arguments>
<kw name="Execute Javascript" library="SeleniumLibrary">
<doc>Executes the given JavaScript code with possible arguments.</doc>
<arguments>
<arg>window.scrollTo(${arg1},${arg2})</arg>
</arguments>
<msg timestamp="20200129 12:11:50.782" level="INFO">Executing JavaScript:
window.scrollTo(0,800)
Without any arguments.</msg>
<status status="PASS" starttime="20200129 12:11:50.781" endtime="20200129 12:11:50.890"></status>
</kw>
<status status="PASS" starttime="20200129 12:11:50.781" endtime="20200129 12:11:50.890"></status>
</kw>
<kw name="Scroll" library="recursos">
<arguments>
<arg>0</arg>
<arg>0</arg>
</arguments>
<kw name="Execute Javascript" library="SeleniumLibrary">
<doc>Executes the given JavaScript code with possible arguments.</doc>
<arguments>
<arg>window.scrollTo(${arg1},${arg2})</arg>
</arguments>
<msg timestamp="20200129 12:11:50.891" level="INFO">Executing JavaScript:
window.scrollTo(0,0)
Without any arguments.</msg>
<status status="PASS" starttime="20200129 12:11:50.890" endtime="20200129 12:11:50.995"></status>
</kw>
<status status="PASS" starttime="20200129 12:11:50.890" endtime="20200129 12:11:50.995"></status>
</kw>
<kw name="Dormir" library="recursos">
<arguments>
<arg>2</arg>
</arguments>
<kw name="Sleep" library="BuiltIn">
<doc>Pauses the test executed for the given time.</doc>
<arguments>
<arg>${arg1}</arg>
</arguments>
<msg timestamp="20200129 12:11:52.995" level="INFO">Slept 2 seconds</msg>
<status status="PASS" starttime="20200129 12:11:50.995" endtime="20200129 12:11:52.995"></status>
</kw>
<status status="PASS" starttime="20200129 12:11:50.995" endtime="20200129 12:11:52.996"></status>
</kw>
<kw name="Click" library="recursos">
<arguments>
<arg>//a[contains(.,'Imprimir hoja')]</arg>
</arguments>
<kw name="Click Element" library="SeleniumLibrary">
<doc>Click the element identified by ``locator``.</doc>
<arguments>
<arg>xpath=${arg1}</arg>
</arguments>
<msg timestamp="20200129 12:11:52.997" level="INFO">Clicking element 'xpath=//a[contains(.,'Imprimir hoja')]'.</msg>
<status status="PASS" starttime="20200129 12:11:52.996" endtime="20200129 12:11:54.128"></status>
</kw>
<status status="PASS" starttime="20200129 12:11:52.996" endtime="20200129 12:11:54.128"></status>
</kw>
<kw name="Click" library="recursos">
<arguments>
<arg>//a[contains(.,'Imprimir aviso')]</arg>
</arguments>
<kw name="Click Element" library="SeleniumLibrary">
<doc>Click the element identified by ``locator``.</doc>
<arguments>
<arg>xpath=${arg1}</arg>
</arguments>
<msg timestamp="20200129 12:11:54.129" level="INFO">Clicking element 'xpath=//a[contains(.,'Imprimir aviso')]'.</msg>
<status status="PASS" starttime="20200129 12:11:54.129" endtime="20200129 12:11:54.649"></status>
</kw>
<status status="PASS" starttime="20200129 12:11:54.128" endtime="20200129 12:11:54.649"></status>
</kw>
<kw name="Pantalla" library="recursos">
<arguments>
<arg>${dir}/Imprimir_hoja.png</arg>
</arguments>
<kw name="Capture Page Screenshot" library="SeleniumLibrary">
<doc>Takes a screenshot of the current page and embeds it into a log file.</doc>
<arguments>
<arg>${arg1}</arg>
</arguments>
<msg timestamp="20200129 12:11:55.092" level="INFO" html="yes">&lt;/td&gt;&lt;/tr&gt;&lt;tr&gt;&lt;td colspan="3"&gt;&lt;a href="Img/Imprimir_hoja.png"&gt;&lt;img src="Img/Imprimir_hoja.png" width="800px"&gt;&lt;/a&gt;</msg>
<status status="PASS" starttime="20200129 12:11:54.650" endtime="20200129 12:11:55.092"></status>
</kw>
<status status="PASS" starttime="20200129 12:11:54.649" endtime="20200129 12:11:55.092"></status>
</kw>
<kw name="Print" library="recursos">
<arguments>
<arg>Imprimir hoja y Aviso Ok</arg>
</arguments>
<kw name="Log To Console" library="BuiltIn">
<doc>Logs the given message to the console.</doc>
<arguments>
<arg>${arg1}</arg>
</arguments>
<status status="PASS" starttime="20200129 12:11:55.093" endtime="20200129 12:11:55.094"></status>
</kw>
<status status="PASS" starttime="20200129 12:11:55.093" endtime="20200129 12:11:55.094"></status>
</kw>
<kw name="Dormir" library="recursos">
<arguments>
<arg>2</arg>
</arguments>
<kw name="Sleep" library="BuiltIn">
<doc>Pauses the test executed for the given time.</doc>
<arguments>
<arg>${arg1}</arg>
</arguments>
<msg timestamp="20200129 12:11:57.096" level="INFO">Slept 2 seconds</msg>
<status status="PASS" starttime="20200129 12:11:55.095" endtime="20200129 12:11:57.096"></status>
</kw>
<status status="PASS" starttime="20200129 12:11:55.094" endtime="20200129 12:11:57.096"></status>
</kw>
<kw name="Cerrar" library="recursos">
<kw name="Close Browser" library="SeleniumLibrary">
<doc>Closes the current browser.</doc>
<status status="PASS" starttime="20200129 12:11:57.097" endtime="20200129 12:11:59.276"></status>
</kw>
<status status="PASS" starttime="20200129 12:11:57.096" endtime="20200129 12:11:59.276"></status>
</kw>
<doc>Inspección Federal MAAMTIF</doc>
<status status="PASS" starttime="20200129 12:10:45.459" endtime="20200129 12:11:59.276" critical="yes"></status>
</test>
<test id="s1-s1-t2" name="CP052 Capturar Aviso Despojos y Harinas">
<kw name="Esperar Iniciar ok" library="recursos">
<arguments>
<arg>25</arg>
</arguments>
<kw name="Set Selenium Timeout" library="SeleniumLibrary">
<doc>Sets the timeout that is used by various keywords.</doc>
<arguments>
<arg>${arg1} seconds</arg>
</arguments>
<status status="PASS" starttime="20200129 12:11:59.278" endtime="20200129 12:11:59.278"></status>
</kw>
<status status="PASS" starttime="20200129 12:11:59.277" endtime="20200129 12:11:59.278"></status>
</kw>
<kw name="Dormir Todos" library="recursos">
<arguments>
<arg>${tiempo}</arg>
</arguments>
<kw name="Set Selenium Speed" library="SeleniumLibrary">
<doc>Sets the delay that is waited after each Selenium command.</doc>
<arguments>
<arg>${arg1} seconds</arg>
</arguments>
<status status="PASS" starttime="20200129 12:11:59.278" endtime="20200129 12:11:59.279"></status>
</kw>
<status status="PASS" starttime="20200129 12:11:59.278" endtime="20200129 12:11:59.279"></status>
</kw>
<kw name="Abrir navegador" library="recursos">
<kw name="Open Browser" library="SeleniumLibrary">
<doc>Opens a new browser instance to the optional ``url``.</doc>
<arguments>
<arg>${url}</arg>
<arg>${navegador}</arg>
</arguments>
<msg timestamp="20200129 12:11:59.279" level="INFO">Opening browser 'chrome' to base url 'https://adessistemas.senasica.gob.mx/amtif/login.xhtml'.</msg>
<status status="PASS" starttime="20200129 12:11:59.279" endtime="20200129 12:12:02.385"></status>
</kw>
<status status="PASS" starttime="20200129 12:11:59.279" endtime="20200129 12:12:02.385"></status>
</kw>
<kw name="Maximizar" library="recursos">
<kw name="Maximize Browser Window" library="SeleniumLibrary">
<doc>Maximizes current browser window.</doc>
<status status="PASS" starttime="20200129 12:12:02.386" endtime="20200129 12:12:03.646"></status>
</kw>
<status status="PASS" starttime="20200129 12:12:02.386" endtime="20200129 12:12:03.646"></status>
</kw>
<kw name="Login uno" library="recursos">
<kw name="Texto" library="recursos">
<arguments>
<arg>(//input[contains(@type,'text')])[1]</arg>
<arg>erojasc14760</arg>
</arguments>
<kw name="Input Text" library="SeleniumLibrary">
<doc>Types the given ``text`` into the text field identified by ``locator``.</doc>
<arguments>
<arg>xpath=${arg1}</arg>
<arg>${arg2}</arg>
</arguments>
<msg timestamp="20200129 12:12:03.648" level="INFO">Typing text 'erojasc14760' into text field 'xpath=(//input[contains(@type,'text')])[1]'.</msg>
<status status="PASS" starttime="20200129 12:12:03.647" endtime="20200129 12:12:04.174"></status>
</kw>
<status status="PASS" starttime="20200129 12:12:03.646" endtime="20200129 12:12:04.174"></status>
</kw>
<kw name="Texto" library="recursos">
<arguments>
<arg>(//input[@class='form-control'])[2]</arg>
<arg>sena2o14</arg>
</arguments>
<kw name="Input Text" library="SeleniumLibrary">
<doc>Types the given ``text`` into the text field identified by ``locator``.</doc>
<arguments>
<arg>xpath=${arg1}</arg>
<arg>${arg2}</arg>
</arguments>
<msg timestamp="20200129 12:12:04.175" level="INFO">Typing text 'sena2o14' into text field 'xpath=(//input[@class='form-control'])[2]'.</msg>
<status status="PASS" starttime="20200129 12:12:04.175" endtime="20200129 12:12:04.675"></status>
</kw>
<status status="PASS" starttime="20200129 12:12:04.174" endtime="20200129 12:12:04.675"></status>
</kw>
<kw name="Pantalla" library="recursos">
<arguments>
<arg>${dir}/Loguno.png</arg>
</arguments>
<kw name="Capture Page Screenshot" library="SeleniumLibrary">
<doc>Takes a screenshot of the current page and embeds it into a log file.</doc>
<arguments>
<arg>${arg1}</arg>
</arguments>
<msg timestamp="20200129 12:12:05.387" level="INFO" html="yes">&lt;/td&gt;&lt;/tr&gt;&lt;tr&gt;&lt;td colspan="3"&gt;&lt;a href="Img/Loguno.png"&gt;&lt;img src="Img/Loguno.png" width="800px"&gt;&lt;/a&gt;</msg>
<status status="PASS" starttime="20200129 12:12:04.676" endtime="20200129 12:12:05.387"></status>
</kw>
<status status="PASS" starttime="20200129 12:12:04.675" endtime="20200129 12:12:05.387"></status>
</kw>
<kw name="Click" library="recursos">
<arguments>
<arg>//input[@type='submit']</arg>
</arguments>
<kw name="Click Element" library="SeleniumLibrary">
<doc>Click the element identified by ``locator``.</doc>
<arguments>
<arg>xpath=${arg1}</arg>
</arguments>
<msg timestamp="20200129 12:12:05.388" level="INFO">Clicking element 'xpath=//input[@type='submit']'.</msg>
<status status="PASS" starttime="20200129 12:12:05.388" endtime="20200129 12:12:06.235"></status>
</kw>
<status status="PASS" starttime="20200129 12:12:05.387" endtime="20200129 12:12:06.235"></status>
</kw>
<status status="PASS" starttime="20200129 12:12:03.646" endtime="20200129 12:12:06.235"></status>
</kw>
<kw name="Login Tif" library="recursos">
<kw name="Texto" library="recursos">
<arguments>
<arg>(//input[contains(@id,'tif')])[1]</arg>
<arg>A-124</arg>
</arguments>
<kw name="Input Text" library="SeleniumLibrary">
<doc>Types the given ``text`` into the text field identified by ``locator``.</doc>
<arguments>
<arg>xpath=${arg1}</arg>
<arg>${arg2}</arg>
</arguments>
<msg timestamp="20200129 12:12:06.237" level="INFO">Typing text 'A-124' into text field 'xpath=(//input[contains(@id,'tif')])[1]'.</msg>
<status status="PASS" starttime="20200129 12:12:06.236" endtime="20200129 12:12:06.916"></status>
</kw>
<status status="PASS" starttime="20200129 12:12:06.236" endtime="20200129 12:12:06.916"></status>
</kw>
<kw name="Texto" library="recursos">
<arguments>
<arg>//input[contains(@type,'password')]</arg>
<arg>sen962fitA-124</arg>
</arguments>
<kw name="Input Text" library="SeleniumLibrary">
<doc>Types the given ``text`` into the text field identified by ``locator``.</doc>
<arguments>
<arg>xpath=${arg1}</arg>
<arg>${arg2}</arg>
</arguments>
<msg timestamp="20200129 12:12:06.917" level="INFO">Typing text 'sen962fitA-124' into text field 'xpath=//input[contains(@type,'password')]'.</msg>
<status status="PASS" starttime="20200129 12:12:06.917" endtime="20200129 12:12:07.462"></status>
</kw>
<status status="PASS" starttime="20200129 12:12:06.916" endtime="20200129 12:12:07.462"></status>
</kw>
<kw name="Pantalla" library="recursos">
<arguments>
<arg>${dir}/Tif.png</arg>
</arguments>
<kw name="Capture Page Screenshot" library="SeleniumLibrary">
<doc>Takes a screenshot of the current page and embeds it into a log file.</doc>
<arguments>
<arg>${arg1}</arg>
</arguments>
<msg timestamp="20200129 12:12:08.210" level="INFO" html="yes">&lt;/td&gt;&lt;/tr&gt;&lt;tr&gt;&lt;td colspan="3"&gt;&lt;a href="Img/Tif.png"&gt;&lt;img src="Img/Tif.png" width="800px"&gt;&lt;/a&gt;</msg>
<status status="PASS" starttime="20200129 12:12:07.463" endtime="20200129 12:12:08.211"></status>
</kw>
<status status="PASS" starttime="20200129 12:12:07.463" endtime="20200129 12:12:08.211"></status>
</kw>
<kw name="Click" library="recursos">
<arguments>
<arg>(//input[contains(@type,'submit')])[2]</arg>
</arguments>
<kw name="Click Element" library="SeleniumLibrary">
<doc>Click the element identified by ``locator``.</doc>
<arguments>
<arg>xpath=${arg1}</arg>
</arguments>
<msg timestamp="20200129 12:12:08.212" level="INFO">Clicking element 'xpath=(//input[contains(@type,'submit')])[2]'.</msg>
<status status="PASS" starttime="20200129 12:12:08.212" endtime="20200129 12:12:08.980"></status>
</kw>
<status status="PASS" starttime="20200129 12:12:08.211" endtime="20200129 12:12:08.980"></status>
</kw>
<status status="PASS" starttime="20200129 12:12:06.235" endtime="20200129 12:12:08.980"></status>
</kw>
<kw name="Click" library="recursos">
<arguments>
<arg>(//a[@href='#'])[2]</arg>
</arguments>
<kw name="Click Element" library="SeleniumLibrary">
<doc>Click the element identified by ``locator``.</doc>
<arguments>
<arg>xpath=${arg1}</arg>
</arguments>
<msg timestamp="20200129 12:12:08.981" level="INFO">Clicking element 'xpath=(//a[@href='#'])[2]'.</msg>
<status status="PASS" starttime="20200129 12:12:08.981" endtime="20200129 12:12:10.655"></status>
</kw>
<status status="PASS" starttime="20200129 12:12:08.980" endtime="20200129 12:12:10.655"></status>
</kw>
<kw name="Scroll" library="recursos">
<arguments>
<arg>0</arg>
<arg>200</arg>
</arguments>
<kw name="Execute Javascript" library="SeleniumLibrary">
<doc>Executes the given JavaScript code with possible arguments.</doc>
<arguments>
<arg>window.scrollTo(${arg1},${arg2})</arg>
</arguments>
<msg timestamp="20200129 12:12:10.656" level="INFO">Executing JavaScript:
window.scrollTo(0,200)
Without any arguments.</msg>
<status status="PASS" starttime="20200129 12:12:10.656" endtime="20200129 12:12:10.868"></status>
</kw>
<status status="PASS" starttime="20200129 12:12:10.655" endtime="20200129 12:12:10.869"></status>
</kw>
<kw name="Pantalla" library="recursos">
<arguments>
<arg>${dir2}/Aviso_despojo.png</arg>
</arguments>
<kw name="Capture Page Screenshot" library="SeleniumLibrary">
<doc>Takes a screenshot of the current page and embeds it into a log file.</doc>
<arguments>
<arg>${arg1}</arg>
</arguments>
<msg timestamp="20200129 12:12:11.677" level="INFO" html="yes">&lt;/td&gt;&lt;/tr&gt;&lt;tr&gt;&lt;td colspan="3"&gt;&lt;a href="Aviso/Aviso_despojo.png"&gt;&lt;img src="Aviso/Aviso_despojo.png" width="800px"&gt;&lt;/a&gt;</msg>
<status status="PASS" starttime="20200129 12:12:10.869" endtime="20200129 12:12:11.677"></status>
</kw>
<status status="PASS" starttime="20200129 12:12:10.869" endtime="20200129 12:12:11.677"></status>
</kw>
<kw name="Scroll" library="recursos">
<arguments>
<arg>0</arg>
<arg>200</arg>
</arguments>
<kw name="Execute Javascript" library="SeleniumLibrary">
<doc>Executes the given JavaScript code with possible arguments.</doc>
<arguments>
<arg>window.scrollTo(${arg1},${arg2})</arg>
</arguments>
<msg timestamp="20200129 12:12:11.678" level="INFO">Executing JavaScript:
window.scrollTo(0,200)
Without any arguments.</msg>
<status status="PASS" starttime="20200129 12:12:11.678" endtime="20200129 12:12:11.861"></status>
</kw>
<status status="PASS" starttime="20200129 12:12:11.677" endtime="20200129 12:12:11.861"></status>
</kw>
<kw name="Print" library="recursos">
<arguments>
<arg>Solicitud Aviso y despojo ok</arg>
</arguments>
<kw name="Log To Console" library="BuiltIn">
<doc>Logs the given message to the console.</doc>
<arguments>
<arg>${arg1}</arg>
</arguments>
<status status="PASS" starttime="20200129 12:12:11.861" endtime="20200129 12:12:11.862"></status>
</kw>
<status status="PASS" starttime="20200129 12:12:11.861" endtime="20200129 12:12:11.863"></status>
</kw>
<kw name="SLI" library="recursos">
<arguments>
<arg>amtif:selTipoEst</arg>
<arg>2</arg>
</arguments>
<kw name="Select From List By Index" library="SeleniumLibrary">
<doc>Selects options from selection list ``locator`` by ``indexes``.</doc>
<arguments>
<arg>${arg1}</arg>
<arg>${arg2}</arg>
</arguments>
<msg timestamp="20200129 12:12:11.864" level="INFO">Selecting options from selection list 'amtif:selTipoEst' by index 2.</msg>
<status status="PASS" starttime="20200129 12:12:11.863" endtime="20200129 12:12:13.491"></status>
</kw>
<status status="PASS" starttime="20200129 12:12:11.863" endtime="20200129 12:12:13.491"></status>
</kw>
<kw name="SLI" library="recursos">
<arguments>
<arg>amtif:selTipoPatron</arg>
<arg>1</arg>
</arguments>
<kw name="Select From List By Index" library="SeleniumLibrary">
<doc>Selects options from selection list ``locator`` by ``indexes``.</doc>
<arguments>
<arg>${arg1}</arg>
<arg>${arg2}</arg>
</arguments>
<msg timestamp="20200129 12:12:13.492" level="INFO">Selecting options from selection list 'amtif:selTipoPatron' by index 1.</msg>
<status status="PASS" starttime="20200129 12:12:13.492" endtime="20200129 12:12:15.035"></status>
</kw>
<status status="PASS" starttime="20200129 12:12:13.491" endtime="20200129 12:12:15.035"></status>
</kw>
<kw name="Dormir" library="recursos">
<arguments>
<arg>1</arg>
</arguments>
<kw name="Sleep" library="BuiltIn">
<doc>Pauses the test executed for the given time.</doc>
<arguments>
<arg>${arg1}</arg>
</arguments>
<msg timestamp="20200129 12:12:16.036" level="INFO">Slept 1 second</msg>
<status status="PASS" starttime="20200129 12:12:15.035" endtime="20200129 12:12:16.036"></status>
</kw>
<status status="PASS" starttime="20200129 12:12:15.035" endtime="20200129 12:12:16.036"></status>
</kw>
<kw name="Texto" library="recursos">
<arguments>
<arg>(//input[@type='text'])[1]</arg>
<arg>COMERCIALIZADORA</arg>
</arguments>
<kw name="Input Text" library="SeleniumLibrary">
<doc>Types the given ``text`` into the text field identified by ``locator``.</doc>
<arguments>
<arg>xpath=${arg1}</arg>
<arg>${arg2}</arg>
</arguments>
<msg timestamp="20200129 12:12:16.037" level="INFO">Typing text 'COMERCIALIZADORA' into text field 'xpath=(//input[@type='text'])[1]'.</msg>
<status status="PASS" starttime="20200129 12:12:16.037" endtime="20200129 12:12:16.620"></status>
</kw>
<status status="PASS" starttime="20200129 12:12:16.037" endtime="20200129 12:12:16.620"></status>
</kw>
<kw name="Dormir" library="recursos">
<arguments>
<arg>5</arg>
</arguments>
<kw name="Sleep" library="BuiltIn">
<doc>Pauses the test executed for the given time.</doc>
<arguments>
<arg>${arg1}</arg>
</arguments>
<msg timestamp="20200129 12:12:21.622" level="INFO">Slept 5 seconds</msg>
<status status="PASS" starttime="20200129 12:12:16.621" endtime="20200129 12:12:21.622"></status>
</kw>
<status status="PASS" starttime="20200129 12:12:16.620" endtime="20200129 12:12:21.622"></status>
</kw>
<kw name="Click" library="recursos">
<arguments>
<arg>(//input[contains(@type,'submit')])[1]</arg>
</arguments>
<kw name="Click Element" library="SeleniumLibrary">
<doc>Click the element identified by ``locator``.</doc>
<arguments>
<arg>xpath=${arg1}</arg>
</arguments>
<msg timestamp="20200129 12:12:21.623" level="INFO">Clicking element 'xpath=(//input[contains(@type,'submit')])[1]'.</msg>
<status status="PASS" starttime="20200129 12:12:21.623" endtime="20200129 12:12:21.906"></status>
</kw>
<status status="PASS" starttime="20200129 12:12:21.622" endtime="20200129 12:12:21.906"></status>
</kw>
<kw name="Scroll" library="recursos">
<arguments>
<arg>0</arg>
<arg>400</arg>
</arguments>
<kw name="Execute Javascript" library="SeleniumLibrary">
<doc>Executes the given JavaScript code with possible arguments.</doc>
<arguments>
<arg>window.scrollTo(${arg1},${arg2})</arg>
</arguments>
<msg timestamp="20200129 12:12:21.907" level="INFO">Executing JavaScript:
window.scrollTo(0,400)
Without any arguments.</msg>
<status status="PASS" starttime="20200129 12:12:21.907" endtime="20200129 12:12:22.015"></status>
</kw>
<status status="PASS" starttime="20200129 12:12:21.906" endtime="20200129 12:12:22.015"></status>
</kw>
<kw name="Pantalla" library="recursos">
<arguments>
<arg>${dir2}/Establecimiento_des.png</arg>
</arguments>
<kw name="Capture Page Screenshot" library="SeleniumLibrary">
<doc>Takes a screenshot of the current page and embeds it into a log file.</doc>
<arguments>
<arg>${arg1}</arg>
</arguments>
<msg timestamp="20200129 12:12:22.538" level="INFO" html="yes">&lt;/td&gt;&lt;/tr&gt;&lt;tr&gt;&lt;td colspan="3"&gt;&lt;a href="Aviso/Establecimiento_des.png"&gt;&lt;img src="Aviso/Establecimiento_des.png" width="800px"&gt;&lt;/a&gt;</msg>
<status status="PASS" starttime="20200129 12:12:22.016" endtime="20200129 12:12:22.538"></status>
</kw>
<status status="PASS" starttime="20200129 12:12:22.015" endtime="20200129 12:12:22.538"></status>
</kw>
<kw name="Print" library="recursos">
<arguments>
<arg>Establecimiento de Destino OK</arg>
</arguments>
<kw name="Log To Console" library="BuiltIn">
<doc>Logs the given message to the console.</doc>
<arguments>
<arg>${arg1}</arg>
</arguments>
<status status="PASS" starttime="20200129 12:12:22.539" endtime="20200129 12:12:22.539"></status>
</kw>
<status status="PASS" starttime="20200129 12:12:22.539" endtime="20200129 12:12:22.540"></status>
</kw>
<kw name="Dormir" library="recursos">
<arguments>
<arg>2</arg>
</arguments>
[...]
<arguments>
<arg>window.scrollTo(${arg1},${arg2})</arg>
</arguments>
<msg timestamp="20200129 12:12:48.443" level="INFO">Executing JavaScript:
window.scrollTo(0,250)
Without any arguments.</msg>
<status status="PASS" starttime="20200129 12:12:48.442" endtime="20200129 12:12:48.622"></status>
</kw>
<status status="PASS" starttime="20200129 12:12:48.442" endtime="20200129 12:12:48.622"></status>
</kw>
<kw name="Pantalla" library="recursos">
<arguments>
<arg>${dir2}/Transportes_agregados.png</arg>
</arguments>
<kw name="Capture Page Screenshot" library="SeleniumLibrary">
<doc>Takes a screenshot of the current page and embeds it into a log file.</doc>
<arguments>
<arg>${arg1}</arg>
</arguments>
<msg timestamp="20200129 12:12:49.192" level="INFO" html="yes">&lt;/td&gt;&lt;/tr&gt;&lt;tr&gt;&lt;td colspan="3"&gt;&lt;a href="Aviso/Transportes_agregados.png"&gt;&lt;img src="Aviso/Transportes_agregados.png" width="800px"&gt;&lt;/a&gt;</msg>
<status status="PASS" starttime="20200129 12:12:48.623" endtime="20200129 12:12:49.192"></status>
</kw>
<status status="PASS" starttime="20200129 12:12:48.622" endtime="20200129 12:12:49.193"></status>
</kw>
<kw name="Print" library="recursos">
<arguments>
<arg>Transportes Agregados OK</arg>
</arguments>
<kw name="Log To Console" library="BuiltIn">
<doc>Logs the given message to the console.</doc>
<arguments>
<arg>${arg1}</arg>
</arguments>
<status status="PASS" starttime="20200129 12:12:49.193" endtime="20200129 12:12:49.194"></status>
</kw>
<status status="PASS" starttime="20200129 12:12:49.193" endtime="20200129 12:12:49.194"></status>
</kw>
<kw name="Dormir" library="recursos">
<arguments>
<arg>2</arg>
</arguments>
<kw name="Sleep" library="BuiltIn">
<doc>Pauses the test executed for the given time.</doc>
<arguments>
<arg>${arg1}</arg>
</arguments>
<msg timestamp="20200129 12:12:51.195" level="INFO">Slept 2 seconds</msg>
<status status="PASS" starttime="20200129 12:12:49.194" endtime="20200129 12:12:51.195"></status>
</kw>
<status status="PASS" starttime="20200129 12:12:49.194" endtime="20200129 12:12:51.195"></status>
</kw>
<kw name="Click" library="recursos">
<arguments>
<arg>(//input[contains(@type,'submit')])[16]</arg>
</arguments>
<kw name="Click Element" library="SeleniumLibrary">
<doc>Click the element identified by ``locator``.</doc>
<arguments>
<arg>xpath=${arg1}</arg>
</arguments>
<msg timestamp="20200129 12:12:51.196" level="INFO">Clicking element 'xpath=(//input[contains(@type,'submit')])[16]'.</msg>
<status status="PASS" starttime="20200129 12:12:51.196" endtime="20200129 12:12:52.241"></status>
</kw>
<status status="PASS" starttime="20200129 12:12:51.195" endtime="20200129 12:12:52.241"></status>
</kw>
<kw name="Scroll" library="recursos">
<arguments>
<arg>0</arg>
<arg>0</arg>
</arguments>
<kw name="Execute Javascript" library="SeleniumLibrary">
<doc>Executes the given JavaScript code with possible arguments.</doc>
<arguments>
<arg>window.scrollTo(${arg1},${arg2})</arg>
</arguments>
<msg timestamp="20200129 12:12:52.243" level="INFO">Executing JavaScript:
window.scrollTo(0,0)
Without any arguments.</msg>
<status status="PASS" starttime="20200129 12:12:52.242" endtime="20200129 12:12:52.354"></status>
</kw>
<status status="PASS" starttime="20200129 12:12:52.241" endtime="20200129 12:12:52.354"></status>
</kw>
<kw name="Dormir" library="recursos">
<arguments>
<arg>2</arg>
</arguments>
<kw name="Sleep" library="BuiltIn">
<doc>Pauses the test executed for the given time.</doc>
<arguments>
<arg>${arg1}</arg>
</arguments>
<msg timestamp="20200129 12:12:54.356" level="INFO">Slept 2 seconds</msg>
<status status="PASS" starttime="20200129 12:12:52.355" endtime="20200129 12:12:54.356"></status>
</kw>
<status status="PASS" starttime="20200129 12:12:52.354" endtime="20200129 12:12:54.356"></status>
</kw>
<kw name="Pantalla" library="recursos">
<arguments>
<arg>${dir2}/Resumen.png</arg>
</arguments>
<kw name="Capture Page Screenshot" library="SeleniumLibrary">
<doc>Takes a screenshot of the current page and embeds it into a log file.</doc>
<arguments>
<arg>${arg1}</arg>
</arguments>
<msg timestamp="20200129 12:12:54.880" level="INFO" html="yes">&lt;/td&gt;&lt;/tr&gt;&lt;tr&gt;&lt;td colspan="3"&gt;&lt;a href="Aviso/Resumen.png"&gt;&lt;img src="Aviso/Resumen.png" width="800px"&gt;&lt;/a&gt;</msg>
<status status="PASS" starttime="20200129 12:12:54.357" endtime="20200129 12:12:54.880"></status>
</kw>
<status status="PASS" starttime="20200129 12:12:54.356" endtime="20200129 12:12:54.880"></status>
</kw>
<kw name="Print" library="recursos">
<arguments>
<arg>Resumen final</arg>
</arguments>
<kw name="Log To Console" library="BuiltIn">
<doc>Logs the given message to the console.</doc>
<arguments>
<arg>${arg1}</arg>
</arguments>
<status status="PASS" starttime="20200129 12:12:54.882" endtime="20200129 12:12:54.883"></status>
</kw>
<status status="PASS" starttime="20200129 12:12:54.881" endtime="20200129 12:12:54.883"></status>
</kw>
<kw name="Scroll" library="recursos">
<arguments>
<arg>0</arg>
<arg>800</arg>
</arguments>
<kw name="Execute Javascript" library="SeleniumLibrary">
<doc>Executes the given JavaScript code with possible arguments.</doc>
<arguments>
<arg>window.scrollTo(${arg1},${arg2})</arg>
</arguments>
<msg timestamp="20200129 12:12:54.885" level="INFO">Executing JavaScript:
window.scrollTo(0,800)
Without any arguments.</msg>
<status status="PASS" starttime="20200129 12:12:54.884" endtime="20200129 12:12:54.991"></status>
</kw>
<status status="PASS" starttime="20200129 12:12:54.883" endtime="20200129 12:12:54.991"></status>
</kw>
<kw name="Dormir" library="recursos">
<arguments>
<arg>2</arg>
</arguments>
<kw name="Sleep" library="BuiltIn">
<doc>Pauses the test executed for the given time.</doc>
<arguments>
<arg>${arg1}</arg>
</arguments>
<msg timestamp="20200129 12:12:56.993" level="INFO">Slept 2 seconds</msg>
<status status="PASS" starttime="20200129 12:12:54.992" endtime="20200129 12:12:56.993"></status>
</kw>
<status status="PASS" starttime="20200129 12:12:54.991" endtime="20200129 12:12:56.993"></status>
</kw>
<kw name="Pantalla" library="recursos">
<arguments>
<arg>${dir2}/Firmar.png</arg>
</arguments>
<kw name="Capture Page Screenshot" library="SeleniumLibrary">
<doc>Takes a screenshot of the current page and embeds it into a log file.</doc>
<arguments>
<arg>${arg1}</arg>
</arguments>
<msg timestamp="20200129 12:12:57.448" level="INFO" html="yes">&lt;/td&gt;&lt;/tr&gt;&lt;tr&gt;&lt;td colspan="3"&gt;&lt;a href="Aviso/Firmar.png"&gt;&lt;img src="Aviso/Firmar.png" width="800px"&gt;&lt;/a&gt;</msg>
<status status="PASS" starttime="20200129 12:12:56.994" endtime="20200129 12:12:57.448"></status>
</kw>
<status status="PASS" starttime="20200129 12:12:56.993" endtime="20200129 12:12:57.449"></status>
</kw>
<kw name="Click" library="recursos">
<arguments>
<arg>(//input[contains(@type,'submit')])[14]</arg>
</arguments>
<kw name="Click Element" library="SeleniumLibrary">
<doc>Click the element identified by ``locator``.</doc>
<arguments>
<arg>xpath=${arg1}</arg>
</arguments>
<msg timestamp="20200129 12:12:57.449" level="INFO">Clicking element 'xpath=(//input[contains(@type,'submit')])[14]'.</msg>
<status status="PASS" starttime="20200129 12:12:57.449" endtime="20200129 12:12:58.067"></status>
</kw>
<status status="PASS" starttime="20200129 12:12:57.449" endtime="20200129 12:12:58.068"></status>
</kw>
<kw name="Dormir" library="recursos">
<arguments>
<arg>1</arg>
</arguments>
<kw name="Sleep" library="BuiltIn">
<doc>Pauses the test executed for the given time.</doc>
<arguments>
<arg>${arg1}</arg>
</arguments>
<msg timestamp="20200129 12:12:59.069" level="INFO">Slept 1 second</msg>
<status status="PASS" starttime="20200129 12:12:58.068" endtime="20200129 12:12:59.069"></status>
</kw>
<status status="PASS" starttime="20200129 12:12:58.068" endtime="20200129 12:12:59.069"></status>
</kw>
<kw name="Texto" library="recursos">
<arguments>
<arg>(//input[contains(@type,'text')])[1]</arg>
<arg>${rfc}</arg>
</arguments>
<kw name="Input Text" library="SeleniumLibrary">
<doc>Types the given ``text`` into the text field identified by ``locator``.</doc>
<arguments>
<arg>xpath=${arg1}</arg>
<arg>${arg2}</arg>
</arguments>
<msg timestamp="20200129 12:12:59.070" level="INFO">Typing text 'vinr770919lc8' into text field 'xpath=(//input[contains(@type,'text')])[1]'.</msg>
<status status="PASS" starttime="20200129 12:12:59.069" endtime="20200129 12:12:59.456"></status>
</kw>
<status status="PASS" starttime="20200129 12:12:59.069" endtime="20200129 12:12:59.456"></status>
</kw>
<kw name="Texto" library="recursos">
<arguments>
<arg>(//input[contains(@class,'form-control')])[2]</arg>
<arg>${pass}</arg>
</arguments>
<kw name="Input Text" library="SeleniumLibrary">
<doc>Types the given ``text`` into the text field identified by ``locator``.</doc>
<arguments>
<arg>xpath=${arg1}</arg>
<arg>${arg2}</arg>
</arguments>
<msg timestamp="20200129 12:12:59.456" level="INFO">Typing text 'Rorro131319+' into text field 'xpath=(//input[contains(@class,'form-control')])[2]'.</msg>
<status status="PASS" starttime="20200129 12:12:59.456" endtime="20200129 12:12:59.859"></status>
</kw>
<status status="PASS" starttime="20200129 12:12:59.456" endtime="20200129 12:12:59.859"></status>
</kw>
<kw name="Pantalla" library="recursos">
<arguments>
<arg>${dir2}/Firma_electronica.png</arg>
</arguments>
<kw name="Capture Page Screenshot" library="SeleniumLibrary">
<doc>Takes a screenshot of the current page and embeds it into a log file.</doc>
<arguments>
<arg>${arg1}</arg>
</arguments>
<msg timestamp="20200129 12:13:00.305" level="INFO" html="yes">&lt;/td&gt;&lt;/tr&gt;&lt;tr&gt;&lt;td colspan="3"&gt;&lt;a href="Aviso/Firma_electronica.png"&gt;&lt;img src="Aviso/Firma_electronica.png" width="800px"&gt;&lt;/a&gt;</msg>
<status status="PASS" starttime="20200129 12:12:59.860" endtime="20200129 12:13:00.305"></status>
</kw>
<status status="PASS" starttime="20200129 12:12:59.859" endtime="20200129 12:13:00.305"></status>
</kw>
<kw name="Dormir" library="recursos">
<arguments>
<arg>1</arg>
</arguments>
<kw name="Sleep" library="BuiltIn">
<doc>Pauses the test executed for the given time.</doc>
<arguments>
<arg>${arg1}</arg>
</arguments>
<msg timestamp="20200129 12:13:01.307" level="INFO">Slept 1 second</msg>
<status status="PASS" starttime="20200129 12:13:00.306" endtime="20200129 12:13:01.307"></status>
</kw>
<status status="PASS" starttime="20200129 12:13:00.306" endtime="20200129 12:13:01.307"></status>
</kw>
<kw name="Examinar" library="recursos">
<arguments>
<arg>(//input[@type='file'])[1]</arg>
<arg>${key}</arg>
</arguments>
<kw name="Choose File" library="SeleniumLibrary">
<doc>Inputs the ``file_path`` into the file input field ``locator``.</doc>
<arguments>
<arg>${arg1}</arg>
<arg>${arg2}</arg>
</arguments>
<msg timestamp="20200129 12:13:01.308" level="INFO">Sending C:\ClavePrivada.key to browser.</msg>
<status status="PASS" starttime="20200129 12:13:01.308" endtime="20200129 12:13:01.545"></status>
</kw>
<status status="PASS" starttime="20200129 12:13:01.307" endtime="20200129 12:13:01.545"></status>
</kw>
<kw name="Examinar" library="recursos">
<arguments>
<arg>(//input[@type='file'])[2]</arg>
<arg>${Cer}</arg>
</arguments>
<kw name="Choose File" library="SeleniumLibrary">
<doc>Inputs the ``file_path`` into the file input field ``locator``.</doc>
<arguments>
<arg>${arg1}</arg>
<arg>${arg2}</arg>
</arguments>
<msg timestamp="20200129 12:13:01.547" level="INFO">Sending C:\vinr770919lc8.cer to browser.</msg>
<status status="PASS" starttime="20200129 12:13:01.546" endtime="20200129 12:13:01.774"></status>
</kw>
<status status="PASS" starttime="20200129 12:13:01.546" endtime="20200129 12:13:01.774"></status>
</kw>
<kw name="Dormir" library="recursos">
<arguments>
<arg>1</arg>
</arguments>
<kw name="Sleep" library="BuiltIn">
<doc>Pauses the test executed for the given time.</doc>
<arguments>
<arg>${arg1}</arg>
</arguments>
<msg timestamp="20200129 12:13:02.775" level="INFO">Slept 1 second</msg>
<status status="PASS" starttime="20200129 12:13:01.774" endtime="20200129 12:13:02.775"></status>
</kw>
<status status="PASS" starttime="20200129 12:13:01.774" endtime="20200129 12:13:02.775"></status>
</kw>
<kw name="Pantalla" library="recursos">
<arguments>
<arg>${dir2}/Carga_key.png</arg>
</arguments>
<kw name="Capture Page Screenshot" library="SeleniumLibrary">
<doc>Takes a screenshot of the current page and embeds it into a log file.</doc>
<arguments>
<arg>${arg1}</arg>
</arguments>
<msg timestamp="20200129 12:13:03.246" level="INFO" html="yes">&lt;/td&gt;&lt;/tr&gt;&lt;tr&gt;&lt;td colspan="3"&gt;&lt;a href="Aviso/Carga_key.png"&gt;&lt;img src="Aviso/Carga_key.png" width="800px"&gt;&lt;/a&gt;</msg>
<status status="PASS" starttime="20200129 12:13:02.775" endtime="20200129 12:13:03.246"></status>
</kw>
<status status="PASS" starttime="20200129 12:13:02.775" endtime="20200129 12:13:03.246"></status>
</kw>
<kw name="Print" library="recursos">
<arguments>
<arg>Carga de Key y Cer OK</arg>
</arguments>
<kw name="Log To Console" library="BuiltIn">
<doc>Logs the given message to the console.</doc>
<arguments>
<arg>${arg1}</arg>
</arguments>
<status status="PASS" starttime="20200129 12:13:03.247" endtime="20200129 12:13:03.247"></status>
</kw>
<status status="PASS" starttime="20200129 12:13:03.247" endtime="20200129 12:13:03.247"></status>
</kw>
<kw name="Click" library="recursos">
<arguments>
<arg>(//input[@type='submit'])[12]</arg>
</arguments>
<kw name="Click Element" library="SeleniumLibrary">
<doc>Click the element identified by ``locator``.</doc>
<arguments>
<arg>xpath=${arg1}</arg>
</arguments>
<msg timestamp="20200129 12:13:03.248" level="INFO">Clicking element 'xpath=(//input[@type='submit'])[12]'.</msg>
<status status="PASS" starttime="20200129 12:13:03.248" endtime="20200129 12:14:17.585"></status>
</kw>
<status status="PASS" starttime="20200129 12:13:03.248" endtime="20200129 12:14:17.586"></status>
</kw>
<kw name="Scroll" library="recursos">
<arguments>
<arg>0</arg>
<arg>250</arg>
</arguments>
<kw name="Execute Javascript" library="SeleniumLibrary">
<doc>Executes the given JavaScript code with possible arguments.</doc>
<arguments>
<arg>window.scrollTo(${arg1},${arg2})</arg>
</arguments>
<msg timestamp="20200129 12:14:17.587" level="INFO">Executing JavaScript:
window.scrollTo(0,250)
Without any arguments.</msg>
<status status="PASS" starttime="20200129 12:14:17.586" endtime="20200129 12:14:17.695"></status>
</kw>
<status status="PASS" starttime="20200129 12:14:17.586" endtime="20200129 12:14:17.695"></status>
</kw>
<kw name="Pantalla" library="recursos">
<arguments>
<arg>${dir2}/Folio.png</arg>
</arguments>
<kw name="Capture Page Screenshot" library="SeleniumLibrary">
<doc>Takes a screenshot of the current page and embeds it into a log file.</doc>
<arguments>
<arg>${arg1}</arg>
</arguments>
<msg timestamp="20200129 12:14:18.158" level="INFO" html="yes">&lt;/td&gt;&lt;/tr&gt;&lt;tr&gt;&lt;td colspan="3"&gt;&lt;a href="Aviso/Folio.png"&gt;&lt;img src="Aviso/Folio.png" width="800px"&gt;&lt;/a&gt;</msg>
<status status="PASS" starttime="20200129 12:14:17.696" endtime="20200129 12:14:18.158"></status>
</kw>
<status status="PASS" starttime="20200129 12:14:17.695" endtime="20200129 12:14:18.158"></status>
</kw>
<kw name="Print" library="recursos">
<arguments>
<arg>Firma Generada Correctamente OK</arg>
</arguments>
<kw name="Log To Console" library="BuiltIn">
<doc>Logs the given message to the console.</doc>
<arguments>
<arg>${arg1}</arg>
</arguments>
<status status="PASS" starttime="20200129 12:14:18.158" endtime="20200129 12:14:18.158"></status>
</kw>
<status status="PASS" starttime="20200129 12:14:18.158" endtime="20200129 12:14:18.159"></status>
</kw>
<kw name="Click" library="recursos">
<arguments>
<arg>(//a[@href='#'])[2]</arg>
</arguments>
<kw name="Click Element" library="SeleniumLibrary">
<doc>Click the element identified by ``locator``.</doc>
<arguments>
<arg>xpath=${arg1}</arg>
</arguments>
<msg timestamp="20200129 12:14:18.159" level="INFO">Clicking element 'xpath=(//a[@href='#'])[2]'.</msg>
<status status="PASS" starttime="20200129 12:14:18.159" endtime="20200129 12:14:18.458"></status>
</kw>
<status status="PASS" starttime="20200129 12:14:18.159" endtime="20200129 12:14:18.458"></status>
</kw>
<kw name="Pantalla" library="recursos">
<arguments>
<arg>${dir2}/Imprimir_generar_aviso.png</arg>
</arguments>
<kw name="Capture Page Screenshot" library="SeleniumLibrary">
<doc>Takes a screenshot of the current page and embeds it into a log file.</doc>
<arguments>
<arg>${arg1}</arg>
</arguments>
<msg timestamp="20200129 12:14:18.988" level="INFO" html="yes">&lt;/td&gt;&lt;/tr&gt;&lt;tr&gt;&lt;td colspan="3"&gt;&lt;a href="Aviso/Imprimir_generar_aviso.png"&gt;&lt;img src="Aviso/Imprimir_generar_aviso.png" width="800px"&gt;&lt;/a&gt;</msg>
<status status="PASS" starttime="20200129 12:14:18.458" endtime="20200129 12:14:18.988"></status>
</kw>
<status status="PASS" starttime="20200129 12:14:18.458" endtime="20200129 12:14:18.988"></status>
</kw>
<kw name="Print" library="recursos">
<arguments>
<arg>Generar Ok</arg>
</arguments>
<kw name="Log To Console" library="BuiltIn">
<doc>Logs the given message to the console.</doc>
<arguments>
<arg>${arg1}</arg>
</arguments>
<status status="PASS" starttime="20200129 12:14:18.989" endtime="20200129 12:14:18.990"></status>
</kw>
<status status="PASS" starttime="20200129 12:14:18.989" endtime="20200129 12:14:18.990"></status>
</kw>
<kw name="Dormir" library="recursos">
<arguments>
<arg>20</arg>
</arguments>
<kw name="Sleep" library="BuiltIn">
<doc>Pauses the test executed for the given time.</doc>
<arguments>
<arg>${arg1}</arg>
</arguments>
<msg timestamp="20200129 12:14:38.992" level="INFO">Slept 20 seconds</msg>
<status status="PASS" starttime="20200129 12:14:18.991" endtime="20200129 12:14:38.992"></status>
</kw>
<status status="PASS" starttime="20200129 12:14:18.990" endtime="20200129 12:14:38.992"></status>
</kw>
<kw name="Click" library="recursos">
<arguments>
<arg>//*[@id="amtif:btnObtenPDF"]</arg>
</arguments>
<kw name="Click Element" library="SeleniumLibrary">
<doc>Click the element identified by ``locator``.</doc>
<arguments>
<arg>xpath=${arg1}</arg>
</arguments>
<msg timestamp="20200129 12:14:38.995" level="INFO">Clicking element 'xpath=//*[@id="amtif:btnObtenPDF"]'.</msg>
<kw name="Capture Page Screenshot" library="SeleniumLibrary">
<doc>Takes a screenshot of the current page and embeds it into a log file.</doc>
<msg timestamp="20200129 12:14:39.619" level="INFO" html="yes">&lt;/td&gt;&lt;/tr&gt;&lt;tr&gt;&lt;td colspan="3"&gt;&lt;a href="selenium-screenshot-1.png"&gt;&lt;img src="selenium-screenshot-1.png" width="800px"&gt;&lt;/a&gt;</msg>
<status status="PASS" starttime="20200129 12:14:39.108" endtime="20200129 12:14:39.620"></status>
</kw>
<msg timestamp="20200129 12:14:39.622" level="FAIL">Element with locator 'xpath=//*[@id="amtif:btnObtenPDF"]' not found.</msg>
<status status="FAIL" starttime="20200129 12:14:38.993" endtime="20200129 12:14:39.622"></status>
</kw>
<status status="FAIL" starttime="20200129 12:14:38.992" endtime="20200129 12:14:39.622"></status>
</kw>
<doc>Despojos y Harinas</doc>
<status status="FAIL" starttime="20200129 12:11:59.277" endtime="20200129 12:14:39.622" critical="yes">Element with locator 'xpath=//*[@id="amtif:btnObtenPDF"]' not found.</status>
</test>
<doc>Casos de Prueba CC-04-2019-AMTIF-OT04</doc>
<status status="FAIL" starttime="20200129 12:10:44.758" endtime="20200129 12:14:39.623"></status>
</suite>
<status status="FAIL" starttime="20200129 12:10:44.704" endtime="20200129 12:14:39.625"></status>
</suite>
<statistics>
<total>
<stat pass="1" fail="1">Critical Tests</stat>
<stat pass="1" fail="1">All Tests</stat>
</total>
<tag>
</tag>
<suite>
<stat pass="1" fail="1" id="s1" name="Suites">Suites</stat>
<stat pass="1" fail="1" id="s1-s1" name="Cp001 Chrome Copy 10">Suites.Cp001 Chrome Copy 10</stat>
</suite>
</statistics>
<errors>
</errors>
</robot>
