<?xml version="1.0" encoding="UTF-8"?>
<robot generator="Robot 3.1.2 (Python 3.7.6 on win32)" generated="20200129 12:13:49.003" rpa="false">
<suite id="s1" name="Suites">
<suite id="s1-s1" name="Cp001 Chrome Copy 7" source="C:\Test_amtif\amtif\test_uno\cp001_chrome copy 7.robot">
<test id="s1-s1-t1" name="CP009 Aviso de Movilización Tipo Inspección Federal MAAMTIF">
<kw name="Esperar Iniciar ok" library="recursos">
<arguments>
<arg>5</arg>
</arguments>
<kw name="Set Selenium Timeout" library="SeleniumLibrary">
<doc>Sets the timeout that is used by various keywords.</doc>
<arguments>
<arg>${arg1} seconds</arg>
</arguments>
<status status="PASS" starttime="20200129 12:13:49.881" endtime="20200129 12:13:49.882"></status>
</kw>
<status status="PASS" starttime="20200129 12:13:49.879" endtime="20200129 12:13:49.882"></status>
</kw>
<kw name="Dormir Todos" library="recursos">
<arguments>
<arg>${tiempo}</arg>
</arguments>
<kw name="Set Selenium Speed" library="SeleniumLibrary">
<doc>Sets the delay that is waited after each Selenium command.</doc>
<arguments>
<arg>${arg1} seconds</arg>
</arguments>
<status status="PASS" starttime="20200129 12:13:49.883" endtime="20200129 12:13:49.883"></status>
</kw>
<status status="PASS" starttime="20200129 12:13:49.882" endtime="20200129 12:13:49.883"></status>
</kw>
<kw name="Abrir navegador" library="recursos">
<kw name="Open Browser" library="SeleniumLibrary">
<doc>Opens a new browser instance to the optional ``url``.</doc>
<arguments>
<arg>${url}</arg>
<arg>${navegador}</arg>
</arguments>
<msg timestamp="20200129 12:13:49.884" level="INFO">Opening browser 'chrome' to base url 'https://adessistemas.senasica.gob.mx/amtif/login.xhtml'.</msg>
<status status="PASS" starttime="20200129 12:13:49.884" endtime="20200129 12:13:53.331"></status>
</kw>
<status status="PASS" starttime="20200129 12:13:49.884" endtime="20200129 12:13:53.331"></status>
</kw>
<kw name="Maximizar" library="recursos">
<kw name="Maximize Browser Window" library="SeleniumLibrary">
<doc>Maximizes current browser window.</doc>
<status status="PASS" starttime="20200129 12:13:53.332" endtime="20200129 12:13:54.741"></status>
</kw>
<status status="PASS" starttime="20200129 12:13:53.331" endtime="20200129 12:13:54.741"></status>
</kw>
<kw name="Login uno" library="recursos">
<kw name="Texto" library="recursos">
<arguments>
<arg>(//input[contains(@type,'text')])[1]</arg>
<arg>erojasc14760</arg>
</arguments>
<kw name="Input Text" library="SeleniumLibrary">
<doc>Types the given ``text`` into the text field identified by ``locator``.</doc>
<arguments>
<arg>xpath=${arg1}</arg>
<arg>${arg2}</arg>
</arguments>
<msg timestamp="20200129 12:13:54.743" level="INFO">Typing text 'erojasc14760' into text field 'xpath=(//input[contains(@type,'text')])[1]'.</msg>
<status status="PASS" starttime="20200129 12:13:54.742" endtime="20200129 12:13:55.315"></status>
</kw>
<status status="PASS" starttime="20200129 12:13:54.742" endtime="20200129 12:13:55.315"></status>
</kw>
<kw name="Texto" library="recursos">
<arguments>
<arg>(//input[@class='form-control'])[2]</arg>
<arg>sena2o14</arg>
</arguments>
<kw name="Input Text" library="SeleniumLibrary">
<doc>Types the given ``text`` into the text field identified by ``locator``.</doc>
<arguments>
<arg>xpath=${arg1}</arg>
<arg>${arg2}</arg>
</arguments>
<msg timestamp="20200129 12:13:55.316" level="INFO">Typing text 'sena2o14' into text field 'xpath=(//input[@class='form-control'])[2]'.</msg>
<status status="PASS" starttime="20200129 12:13:55.316" endtime="20200129 12:13:55.838"></status>
</kw>
<status status="PASS" starttime="20200129 12:13:55.316" endtime="20200129 12:13:55.838"></status>
</kw>
<kw name="Pantalla" library="recursos">
<arguments>
<arg>${dir}/Loguno.png</arg>
</arguments>
<kw name="Capture Page Screenshot" library="SeleniumLibrary">
<doc>Takes a screenshot of the current page and embeds it into a log file.</doc>
<arguments>
<arg>${arg1}</arg>
</arguments>
<msg timestamp="20200129 12:13:56.833" level="INFO" html="yes">&lt;/td&gt;&lt;/tr&gt;&lt;tr&gt;&lt;td colspan="3"&gt;&lt;a href="Img/Loguno.png"&gt;&lt;img src="Img/Loguno.png" width="800px"&gt;&lt;/a&gt;</msg>
<status status="PASS" starttime="20200129 12:13:55.839" endtime="20200129 12:13:56.834"></status>
</kw>
<status status="PASS" starttime="20200129 12:13:55.838" endtime="20200129 12:13:56.834"></status>
</kw>
<kw name="Click" library="recursos">
<arguments>
<arg>//input[@type='submit']</arg>
</arguments>
<kw name="Click Element" library="SeleniumLibrary">
<doc>Click the element identified by ``locator``.</doc>
<arguments>
<arg>xpath=${arg1}</arg>
</arguments>
<msg timestamp="20200129 12:13:56.835" level="INFO">Clicking element 'xpath=//input[@type='submit']'.</msg>
<status status="PASS" starttime="20200129 12:13:56.835" endtime="20200129 12:13:57.782"></status>
</kw>
<status status="PASS" starttime="20200129 12:13:56.834" endtime="20200129 12:13:57.782"></status>
</kw>
<status status="PASS" starttime="20200129 12:13:54.742" endtime="20200129 12:13:57.782"></status>
</kw>
<kw name="Login Tif" library="recursos">
<kw name="Texto" library="recursos">
<arguments>
<arg>(//input[contains(@id,'tif')])[1]</arg>
<arg>A-124</arg>
</arguments>
<kw name="Input Text" library="SeleniumLibrary">
<doc>Types the given ``text`` into the text field identified by ``locator``.</doc>
<arguments>
<arg>xpath=${arg1}</arg>
<arg>${arg2}</arg>
</arguments>
<msg timestamp="20200129 12:13:57.783" level="INFO">Typing text 'A-124' into text field 'xpath=(//input[contains(@id,'tif')])[1]'.</msg>
<status status="PASS" starttime="20200129 12:13:57.783" endtime="20200129 12:13:58.285"></status>
</kw>
<status status="PASS" starttime="20200129 12:13:57.783" endtime="20200129 12:13:58.285"></status>
</kw>
<kw name="Texto" library="recursos">
<arguments>
<arg>//input[contains(@type,'password')]</arg>
<arg>sen962fitA-124</arg>
</arguments>
<kw name="Input Text" library="SeleniumLibrary">
<doc>Types the given ``text`` into the text field identified by ``locator``.</doc>
<arguments>
<arg>xpath=${arg1}</arg>
<arg>${arg2}</arg>
</arguments>
<msg timestamp="20200129 12:13:58.287" level="INFO">Typing text 'sen962fitA-124' into text field 'xpath=//input[contains(@type,'password')]'.</msg>
<status status="PASS" starttime="20200129 12:13:58.286" endtime="20200129 12:13:59.340"></status>
</kw>
<status status="PASS" starttime="20200129 12:13:58.286" endtime="20200129 12:13:59.340"></status>
</kw>
<kw name="Pantalla" library="recursos">
<arguments>
<arg>${dir}/Tif.png</arg>
</arguments>
<kw name="Capture Page Screenshot" library="SeleniumLibrary">
<doc>Takes a screenshot of the current page and embeds it into a log file.</doc>
<arguments>
<arg>${arg1}</arg>
</arguments>
<msg timestamp="20200129 12:13:59.985" level="INFO" html="yes">&lt;/td&gt;&lt;/tr&gt;&lt;tr&gt;&lt;td colspan="3"&gt;&lt;a href="Img/Tif.png"&gt;&lt;img src="Img/Tif.png" width="800px"&gt;&lt;/a&gt;</msg>
<status status="PASS" starttime="20200129 12:13:59.341" endtime="20200129 12:13:59.986"></status>
</kw>
<status status="PASS" starttime="20200129 12:13:59.340" endtime="20200129 12:13:59.986"></status>
</kw>
<kw name="Click" library="recursos">
<arguments>
<arg>(//input[contains(@type,'submit')])[2]</arg>
</arguments>
<kw name="Click Element" library="SeleniumLibrary">
<doc>Click the element identified by ``locator``.</doc>
<arguments>
<arg>xpath=${arg1}</arg>
</arguments>
<msg timestamp="20200129 12:13:59.987" level="INFO">Clicking element 'xpath=(//input[contains(@type,'submit')])[2]'.</msg>
<status status="PASS" starttime="20200129 12:13:59.986" endtime="20200129 12:14:00.701"></status>
</kw>
<status status="PASS" starttime="20200129 12:13:59.986" endtime="20200129 12:14:00.701"></status>
</kw>
<status status="PASS" starttime="20200129 12:13:57.782" endtime="20200129 12:14:00.701"></status>
</kw>
<kw name="Resultado" library="recursos">
<arguments>
<arg>1</arg>
<arg>${dir}/Resultado_uno.png</arg>
<arg>Resultado Ok con dormir</arg>
</arguments>
<kw name="Sleep" library="BuiltIn">
<doc>Pauses the test executed for the given time.</doc>
<arguments>
<arg>${arg1}</arg>
</arguments>
<msg timestamp="20200129 12:14:01.704" level="INFO">Slept 1 second</msg>
<status status="PASS" starttime="20200129 12:14:00.702" endtime="20200129 12:14:01.704"></status>
</kw>
<kw name="Capture Page Screenshot" library="SeleniumLibrary">
<doc>Takes a screenshot of the current page and embeds it into a log file.</doc>
<arguments>
<arg>${arg2}</arg>
</arguments>
<msg timestamp="20200129 12:14:02.350" level="INFO" html="yes">&lt;/td&gt;&lt;/tr&gt;&lt;tr&gt;&lt;td colspan="3"&gt;&lt;a href="Img/Resultado_uno.png"&gt;&lt;img src="Img/Resultado_uno.png" width="800px"&gt;&lt;/a&gt;</msg>
<status status="PASS" starttime="20200129 12:14:01.704" endtime="20200129 12:14:02.350"></status>
</kw>
<kw name="Log To Console" library="BuiltIn">
<doc>Logs the given message to the console.</doc>
<arguments>
<arg>${arg3}</arg>
</arguments>
<status status="PASS" starttime="20200129 12:14:02.350" endtime="20200129 12:14:02.351"></status>
</kw>
<status status="PASS" starttime="20200129 12:14:00.701" endtime="20200129 12:14:02.351"></status>
</kw>
<kw name="Click" library="recursos">
<arguments>
<arg>(//a[@href='#'])[1]</arg>
</arguments>
<kw name="Click Element" library="SeleniumLibrary">
<doc>Click the element identified by ``locator``.</doc>
<arguments>
<arg>xpath=${arg1}</arg>
</arguments>
<msg timestamp="20200129 12:14:02.351" level="INFO">Clicking element 'xpath=(//a[@href='#'])[1]'.</msg>
<status status="PASS" starttime="20200129 12:14:02.351" endtime="20200129 12:14:03.523"></status>
</kw>
<status status="PASS" starttime="20200129 12:14:02.351" endtime="20200129 12:14:03.524"></status>
</kw>
<kw name="Scroll" library="recursos">
<arguments>
<arg>0</arg>
<arg>200</arg>
</arguments>
<kw name="Execute Javascript" library="SeleniumLibrary">
<doc>Executes the given JavaScript code with possible arguments.</doc>
<arguments>
<arg>window.scrollTo(${arg1},${arg2})</arg>
</arguments>
<msg timestamp="20200129 12:14:03.525" level="INFO">Executing JavaScript:
window.scrollTo(0,200)
Without any arguments.</msg>
<status status="PASS" starttime="20200129 12:14:03.524" endtime="20200129 12:14:03.803"></status>
</kw>
<status status="PASS" starttime="20200129 12:14:03.524" endtime="20200129 12:14:03.803"></status>
</kw>
<kw name="Pantalla" library="recursos">
<arguments>
<arg>${dir}/AvisoTif.png</arg>
</arguments>
<kw name="Capture Page Screenshot" library="SeleniumLibrary">
<doc>Takes a screenshot of the current page and embeds it into a log file.</doc>
<arguments>
<arg>${arg1}</arg>
</arguments>
<msg timestamp="20200129 12:14:04.579" level="INFO" html="yes">&lt;/td&gt;&lt;/tr&gt;&lt;tr&gt;&lt;td colspan="3"&gt;&lt;a href="Img/AvisoTif.png"&gt;&lt;img src="Img/AvisoTif.png" width="800px"&gt;&lt;/a&gt;</msg>
<status status="PASS" starttime="20200129 12:14:03.803" endtime="20200129 12:14:04.579"></status>
</kw>
<status status="PASS" starttime="20200129 12:14:03.803" endtime="20200129 12:14:04.579"></status>
</kw>
<kw name="Print" library="recursos">
<arguments>
<arg>Solicitud Aviso ok</arg>
</arguments>
<kw name="Log To Console" library="BuiltIn">
<doc>Logs the given message to the console.</doc>
<arguments>
<arg>${arg1}</arg>
</arguments>
<status status="PASS" starttime="20200129 12:14:04.580" endtime="20200129 12:14:04.580"></status>
</kw>
<status status="PASS" starttime="20200129 12:14:04.579" endtime="20200129 12:14:04.580"></status>
</kw>
<kw name="Click" library="recursos">
<arguments>
<arg>(//input[@type='submit'])[11]</arg>
</arguments>
<kw name="Click Element" library="SeleniumLibrary">
<doc>Click the element identified by ``locator``.</doc>
<arguments>
<arg>xpath=${arg1}</arg>
</arguments>
<msg timestamp="20200129 12:14:04.581" level="INFO">Clicking element 'xpath=(//input[@type='submit'])[11]'.</msg>
<status status="PASS" starttime="20200129 12:14:04.581" endtime="20200129 12:14:05.479"></status>
</kw>
<status status="PASS" starttime="20200129 12:14:04.581" endtime="20200129 12:14:05.479"></status>
</kw>
<kw name="Scroll" library="recursos">
<arguments>
<arg>0</arg>
<arg>200</arg>
</arguments>
<kw name="Execute Javascript" library="SeleniumLibrary">
<doc>Executes the given JavaScript code with possible arguments.</doc>
<arguments>
<arg>window.scrollTo(${arg1},${arg2})</arg>
</arguments>
<msg timestamp="20200129 12:14:05.480" level="INFO">Executing JavaScript:
window.scrollTo(0,200)
Without any arguments.</msg>
<status status="PASS" starttime="20200129 12:14:05.480" endtime="20200129 12:14:05.592"></status>
</kw>
<status status="PASS" starttime="20200129 12:14:05.479" endtime="20200129 12:14:05.592"></status>
</kw>
<kw name="Pantalla" library="recursos">
<arguments>
<arg>${dir}/Estable_destino.png</arg>
</arguments>
<kw name="Capture Page Screenshot" library="SeleniumLibrary">
<doc>Takes a screenshot of the current page and embeds it into a log file.</doc>
<arguments>
<arg>${arg1}</arg>
</arguments>
<msg timestamp="20200129 12:14:06.366" level="INFO" html="yes">&lt;/td&gt;&lt;/tr&gt;&lt;tr&gt;&lt;td colspan="3"&gt;&lt;a href="Img/Estable_destino.png"&gt;&lt;img src="Img/Estable_destino.png" width="800px"&gt;&lt;/a&gt;</msg>
<status status="PASS" starttime="20200129 12:14:05.592" endtime="20200129 12:14:06.366"></status>
</kw>
<status status="PASS" starttime="20200129 12:14:05.592" endtime="20200129 12:14:06.366"></status>
</kw>
<kw name="Print" library="recursos">
<arguments>
<arg>Establecimiento destino OK</arg>
</arguments>
<kw name="Log To Console" library="BuiltIn">
<doc>Logs the given message to the console.</doc>
<arguments>
<arg>${arg1}</arg>
</arguments>
<status status="PASS" starttime="20200129 12:14:06.367" endtime="20200129 12:14:06.367"></status>
</kw>
<status status="PASS" starttime="20200129 12:14:06.366" endtime="20200129 12:14:06.367"></status>
</kw>
<kw name="SR" library="recursos">
<arguments>
<arg>amtif:tipoPatron</arg>
<arg>Otro</arg>
</arguments>
<kw name="Select Radio Button" library="SeleniumLibrary">
<doc>Sets the radio button group ``group_name`` to ``value``.</doc>
<arguments>
<arg>${arg1}</arg>
<arg>${arg2}</arg>
</arguments>
<msg timestamp="20200129 12:14:06.368" level="INFO">Selecting 'Otro' from radio button 'amtif:tipoPatron'.</msg>
<status status="PASS" starttime="20200129 12:14:06.368" endtime="20200129 12:14:07.155"></status>
</kw>
<status status="PASS" starttime="20200129 12:14:06.367" endtime="20200129 12:14:07.155"></status>
</kw>
<kw name="Pantalla" library="recursos">
<arguments>
<arg>${dir}/RadioOtro.png</arg>
</arguments>
<kw name="Capture Page Screenshot" library="SeleniumLibrary">
<doc>Takes a screenshot of the current page and embeds it into a log file.</doc>
<arguments>
<arg>${arg1}</arg>
</arguments>
<msg timestamp="20200129 12:14:07.730" level="INFO" html="yes">&lt;/td&gt;&lt;/tr&gt;&lt;tr&gt;&lt;td colspan="3"&gt;&lt;a href="Img/RadioOtro.png"&gt;&lt;img src="Img/RadioOtro.png" width="800px"&gt;&lt;/a&gt;</msg>
<status status="PASS" starttime="20200129 12:14:07.157" endtime="20200129 12:14:07.731"></status>
</kw>
<status status="PASS" starttime="20200129 12:14:07.156" endtime="20200129 12:14:07.731"></status>
</kw>
<kw name="Print" library="recursos">
<arguments>
<arg>Radio Otro OK</arg>
</arguments>
<kw name="Log To Console" library="BuiltIn">
<doc>Logs the given message to the console.</doc>
<arguments>
<arg>${arg1}</arg>
</arguments>
<status status="PASS" starttime="20200129 12:14:07.732" endtime="20200129 12:14:07.733"></status>
</kw>
<status status="PASS" starttime="20200129 12:14:07.731" endtime="20200129 12:14:07.734"></status>
</kw>
<kw name="SR" library="recursos">
<arguments>
<arg>amtif:tipoPatron</arg>
<arg>TIF</arg>
</arguments>
<kw name="Select Radio Button" library="SeleniumLibrary">
<doc>Sets the radio button group ``group_name`` to ``value``.</doc>
<arguments>
<arg>${arg1}</arg>
<arg>${arg2}</arg>
</arguments>
<msg timestamp="20200129 12:14:07.735" level="INFO">Selecting 'TIF' from radio button 'amtif:tipoPatron'.</msg>
<status status="PASS" starttime="20200129 12:14:07.734" endtime="20200129 12:14:08.233"></status>
</kw>
<status status="PASS" starttime="20200129 12:14:07.734" endtime="20200129 12:14:08.233"></status>
</kw>
<kw name="Pantalla" library="recursos">
<arguments>
<arg>${dir}/RadioTif.png</arg>
</arguments>
<kw name="Capture Page Screenshot" library="SeleniumLibrary">
<doc>Takes a screenshot of the current page and embeds it into a log file.</doc>
<arguments>
<arg>${arg1}</arg>
</arguments>
<msg timestamp="20200129 12:14:08.784" level="INFO" html="yes">&lt;/td&gt;&lt;/tr&gt;&lt;tr&gt;&lt;td colspan="3"&gt;&lt;a href="Img/RadioTif.png"&gt;&lt;img src="Img/RadioTif.png" width="800px"&gt;&lt;/a&gt;</msg>
<status status="PASS" starttime="20200129 12:14:08.233" endtime="20200129 12:14:08.784"></status>
</kw>
<status status="PASS" starttime="20200129 12:14:08.233" endtime="20200129 12:14:08.784"></status>
</kw>
<kw name="Print" library="recursos">
<arguments>
<arg>Radio TIF OK</arg>
</arguments>
<kw name="Log To Console" library="BuiltIn">
<doc>Logs the given message to the console.</doc>
<arguments>
<arg>${arg1}</arg>
</arguments>
<status status="PASS" starttime="20200129 12:14:08.785" endtime="20200129 12:14:08.785"></status>
</kw>
<status status="PASS" starttime="20200129 12:14:08.784" endtime="20200129 12:14:08.785"></status>
</kw>
<kw name="Texto Vacio" library="recursos">
<arguments>
<arg>(//input[contains(@type,'text')])[1]</arg>
</arguments>
<kw name="Input Text" library="SeleniumLibrary">
<doc>Types the given ``text`` into the text field identified by ``locator``.</doc>
<arguments>
<arg>xpath=${arg1}</arg>
<arg>""</arg>
</arguments>
<msg timestamp="20200129 12:14:08.785" level="INFO">Typing text '""' into text field 'xpath=(//input[contains(@type,'text')])[1]'.</msg>
<status status="PASS" starttime="20200129 12:14:08.785" endtime="20200129 12:14:09.250"></status>
</kw>
<status status="PASS" starttime="20200129 12:14:08.785" endtime="20200129 12:14:09.250"></status>
</kw>
<kw name="Click" library="recursos">
<arguments>
<arg>(//input[contains(@type,'submit')])[1]</arg>
</arguments>
<kw name="Click Element" library="SeleniumLibrary">
<doc>Click the element identified by ``locator``.</doc>
<arguments>
<arg>xpath=${arg1}</arg>
</arguments>
<msg timestamp="20200129 12:14:09.252" level="INFO">Clicking element 'xpath=(//input[contains(@type,'submit')])[1]'.</msg>
<status status="PASS" starttime="20200129 12:14:09.251" endtime="20200129 12:14:09.678"></status>
</kw>
<status status="PASS" starttime="20200129 12:14:09.251" endtime="20200129 12:14:09.678"></status>
</kw>
<kw name="Dormir" library="recursos">
<arguments>
<arg>1</arg>
</arguments>
<kw name="Sleep" library="BuiltIn">
<doc>Pauses the test executed for the given time.</doc>
<arguments>
<arg>${arg1}</arg>
</arguments>
<msg timestamp="20200129 12:14:10.679" level="INFO">Slept 1 second</msg>
<status status="PASS" starttime="20200129 12:14:09.678" endtime="20200129 12:14:10.680"></status>
</kw>
<status status="PASS" starttime="20200129 12:14:09.678" endtime="20200129 12:14:10.680"></status>
</kw>
<kw name="Pantalla" library="recursos">
<arguments>
<arg>${dir}/BuscarTif_vacio.png</arg>
</arguments>
<kw name="Capture Page Screenshot" library="SeleniumLibrary">
<doc>Takes a screenshot of the current page and embeds it into a log file.</doc>
<arguments>
<arg>${arg1}</arg>
</arguments>
<msg timestamp="20200129 12:14:11.156" level="INFO" html="yes">&lt;/td&gt;&lt;/tr&gt;&lt;tr&gt;&lt;td colspan="3"&gt;&lt;a href="Img/BuscarTif_vacio.png"&gt;&lt;img src="Img/BuscarTif_vacio.png" width="800px"&gt;&lt;/a&gt;</msg>
<status status="PASS" starttime="20200129 12:14:10.681" endtime="20200129 12:14:11.156"></status>
</kw>
<status status="PASS" starttime="20200129 12:14:10.680" endtime="20200129 12:14:11.157"></status>
</kw>
<kw name="Texto" library="recursos">
<arguments>
<arg>(//input[contains(@type,'text')])[1]</arg>
<arg>A-124</arg>
</arguments>
<kw name="Input Text" library="SeleniumLibrary">
<doc>Types the given ``text`` into the text field identified by ``locator``.</doc>
<arguments>
<arg>xpath=${arg1}</arg>
<arg>${arg2}</arg>
</arguments>
<msg timestamp="20200129 12:14:11.157" level="INFO">Typing text 'A-124' into text field 'xpath=(//input[contains(@type,'text')])[1]'.</msg>
<status status="PASS" starttime="20200129 12:14:11.157" endtime="20200129 12:14:11.543"></status>
</kw>
<status status="PASS" starttime="20200129 12:14:11.157" endtime="20200129 12:14:11.543"></status>
</kw>
<kw name="Click" library="recursos">
<arguments>
<arg>(//input[contains(@type,'submit')])[1]</arg>
</arguments>
<kw name="Click Element" library="SeleniumLibrary">
<doc>Click the element identified by ``locator``.</doc>
<arguments>
<arg>xpath=${arg1}</arg>
</arguments>
<msg timestamp="20200129 12:14:11.544" level="INFO">Clicking element 'xpath=(//input[contains(@type,'submit')])[1]'.</msg>
<status status="PASS" starttime="20200129 12:14:11.543" endtime="20200129 12:14:11.826"></status>
</kw>
<status status="PASS" starttime="20200129 12:14:11.543" endtime="20200129 12:14:11.826"></status>
</kw>
<kw name="Scroll" library="recursos">
<arguments>
<arg>0</arg>
<arg>200</arg>
</arguments>
<kw name="Execute Javascript" library="SeleniumLibrary">
<doc>Executes the given JavaScript code with possible arguments.</doc>
<arguments>
<arg>window.scrollTo(${arg1},${arg2})</arg>
</arguments>
<msg timestamp="20200129 12:14:11.827" level="INFO">Executing JavaScript:
window.scrollTo(0,200)
Without any arguments.</msg>
<status status="PASS" starttime="20200129 12:14:11.826" endtime="20200129 12:14:11.931"></status>
</kw>
<status status="PASS" starttime="20200129 12:14:11.826" endtime="20200129 12:14:11.931"></status>
</kw>
<kw name="Dormir" library="recursos">
<arguments>
<arg>1</arg>
</arguments>
<kw name="Sleep" library="BuiltIn">
<doc>Pauses the test executed for the given time.</doc>
<arguments>
<arg>${arg1}</arg>
</arguments>
<msg timestamp="20200129 12:14:12.933" level="INFO">Slept 1 second</msg>
<status status="PASS" starttime="20200129 12:14:11.932" endtime="20200129 12:14:12.933"></status>
</kw>
<status status="PASS" starttime="20200129 12:14:11.932" endtime="20200129 12:14:12.933"></status>
</kw>
<kw name="Pantalla" library="recursos">
<arguments>
<arg>${dir}/TifEncontrado.png</arg>
</arguments>
<kw name="Capture Page Screenshot" library="SeleniumLibrary">
<doc>Takes a screenshot of the current page and embeds it into a log file.</doc>
<arguments>
<arg>${arg1}</arg>
</arguments>
<msg timestamp="20200129 12:14:13.449" level="INFO" html="yes">&lt;/td&gt;&lt;/tr&gt;&lt;tr&gt;&lt;td colspan="3"&gt;&lt;a href="Img/TifEncontrado.png"&gt;&lt;img src="Img/TifEncontrado.png" width="800px"&gt;&lt;/a&gt;</msg>
<status status="PASS" starttime="20200129 12:14:12.934" endtime="20200129 12:14:13.449"></status>
</kw>
<status status="PASS" starttime="20200129 12:14:12.933" endtime="20200129 12:14:13.450"></status>
</kw>
<kw name="Print" library="recursos">
<arguments>
<arg>Tif Encontrado OK</arg>
</arguments>
<kw name="Log To Console" library="BuiltIn">
<doc>Logs the given message to the console.</doc>
<arguments>
<arg>${arg1}</arg>
</arguments>
<status status="PASS" starttime="20200129 12:14:13.450" endtime="20200129 12:14:13.450"></status>
</kw>
<status status="PASS" starttime="20200129 12:14:13.450" endtime="20200129 12:14:13.450"></status>
</kw>
<kw name="Click" library="recursos">
<arguments>
<arg>(//input[contains(@type,'submit')])[14]</arg>
</arguments>
<kw name="Click Element" library="SeleniumLibrary">
<doc>Click the element identified by ``locator``.</doc>
<arguments>
<arg>xpath=${arg1}</arg>
</arguments>
<msg timestamp="20200129 12:14:13.451" level="INFO">Clicking element 'xpath=(//input[contains(@type,'submit')])[14]'.</msg>
<status status="PASS" starttime="20200129 12:14:13.451" endtime="20200129 12:14:14.275"></status>
</kw>
<status status="PASS" starttime="20200129 12:14:13.450" endtime="20200129 12:14:14.275"></status>
</kw>
<kw name="Scroll" library="recursos">
<arguments>
<arg>0</arg>
<arg>200</arg>
</arguments>
<kw name="Execute Javascript" library="SeleniumLibrary">
<doc>Executes the given JavaScript code with possible arguments.</doc>
<arguments>
<arg>window.scrollTo(${arg1},${arg2})</arg>
</arguments>
<msg timestamp="20200129 12:14:14.276" level="INFO">Executing JavaScript:
window.scrollTo(0,200)
Without any arguments.</msg>
<status status="PASS" starttime="20200129 12:14:14.275" endtime="20200129 12:14:14.395"></status>
</kw>
<status status="PASS" starttime="20200129 12:14:14.275" endtime="20200129 12:14:14.395"></status>
</kw>
<kw name="Pantalla" library="recursos">
<arguments>
<arg>${dir}/Productos_lotes.png</arg>
</arguments>
<kw name="Capture Page Screenshot" library="SeleniumLibrary">
<doc>Takes a screenshot of the current page and embeds it into a log file.</doc>
<arguments>
<arg>${arg1}</arg>
</arguments>
<msg timestamp="20200129 12:14:14.881" level="INFO" html="yes">&lt;/td&gt;&lt;/tr&gt;&lt;tr&gt;&lt;td colspan="3"&gt;&lt;a href="Img/Productos_lotes.png"&gt;&lt;img src="Img/Productos_lotes.png" width="800px"&gt;&lt;/a&gt;</msg>
<status status="PASS" starttime="20200129 12:14:14.395" endtime="20200129 12:14:14.881"></status>
</kw>
<status status="PASS" starttime="20200129 12:14:14.395" endtime="20200129 12:14:14.882"></status>
</kw>
<kw name="Print" library="recursos">
<arguments>
<arg>Productos y Lotes OK OK</arg>
</arguments>
<kw name="Log To Console" library="BuiltIn">
<doc>Logs the given message to the console.</doc>
<arguments>
<arg>${arg1}</arg>
</arguments>
<status status="PASS" starttime="20200129 12:14:14.882" endtime="20200129 12:14:14.883"></status>
</kw>
<status status="PASS" starttime="20200129 12:14:14.882" endtime="20200129 12:14:14.883"></status>
</kw>
<kw name="Click" library="recursos">
<arguments>
<arg>(//input[contains(@type,'checkbox')])[1]</arg>
</arguments>
<kw name="Click Element" library="SeleniumLibrary">
<doc>Click the element identified by ``locator``.</doc>
<arguments>
<arg>xpath=${arg1}</arg>
</arguments>
<msg timestamp="20200129 12:14:14.884" level="INFO">Clicking element 'xpath=(//input[contains(@type,'checkbox')])[1]'.</msg>
<status status="PASS" starttime="20200129 12:14:14.883" endtime="20200129 12:14:15.167"></status>
</kw>
<status status="PASS" starttime="20200129 12:14:14.883" endtime="20200129 12:14:15.167"></status>
</kw>
<kw name="Scroll" library="recursos">
<arguments>
<arg>0</arg>
<arg>400</arg>
</arguments>
<kw name="Execute Javascript" library="SeleniumLibrary">
<doc>Executes the given JavaScript code with possible arguments.</doc>
<arguments>
<arg>window.scrollTo(${arg1},${arg2})</arg>
</arguments>
<msg timestamp="20200129 12:14:15.169" level="INFO">Executing JavaScript:
window.scrollTo(0,400)
Without any arguments.</msg>
<status status="PASS" starttime="20200129 12:14:15.168" endtime="20200129 12:14:15.275"></status>
</kw>
<status status="PASS" starttime="20200129 12:14:15.167" endtime="20200129 12:14:15.275"></status>
</kw>
<kw name="Dormir" library="recursos">
<arguments>
<arg>2</arg>
</arguments>
<kw name="Sleep" library="BuiltIn">
<doc>Pauses the test executed for the given time.</doc>
<arguments>
<arg>${arg1}</arg>
</arguments>
<msg timestamp="20200129 12:14:17.276" level="INFO">Slept 2 seconds</msg>
<status status="PASS" starttime="20200129 12:14:15.276" endtime="20200129 12:14:17.276"></status>
</kw>
<status status="PASS" starttime="20200129 12:14:15.275" endtime="20200129 12:14:17.276"></status>
</kw>
<kw name="Click" library="recursos">
<arguments>
<arg>//*[@id="amtif:btnAbrirAgregarProducto"]</arg>
</arguments>
<kw name="Click Element" library="SeleniumLibrary">
<doc>Click the element identified by ``locator``.</doc>
<arguments>
<arg>xpath=${arg1}</arg>
</arguments>
<msg timestamp="20200129 12:14:17.277" level="INFO">Clicking element 'xpath=//*[@id="amtif:btnAbrirAgregarProducto"]'.</msg>
<status status="PASS" starttime="20200129 12:14:17.277" endtime="20200129 12:14:17.684"></status>
</kw>
<status status="PASS" starttime="20200129 12:14:17.277" endtime="20200129 12:14:17.684"></status>
</kw>
<kw name="Dormir" library="recursos">
<arguments>
<arg>1</arg>
</arguments>
<kw name="Sleep" library="BuiltIn">
<doc>Pauses the test executed for the given time.</doc>
<arguments>
<arg>${arg1}</arg>
</arguments>
<msg timestamp="20200129 12:14:18.686" level="INFO">Slept 1 second</msg>
<status status="PASS" starttime="20200129 12:14:17.685" endtime="20200129 12:14:18.686"></status>
</kw>
<status status="PASS" starttime="20200129 12:14:17.684" endtime="20200129 12:14:18.686"></status>
</kw>
<kw name="Pantalla" library="recursos">
<arguments>
<arg>${dir}/Agregar_Producto.png</arg>
</arguments>
<kw name="Capture Page Screenshot" library="SeleniumLibrary">
<doc>Takes a screenshot of the current page and embeds it into a log file.</doc>
<arguments>
<arg>${arg1}</arg>
</arguments>
<msg timestamp="20200129 12:14:19.215" level="INFO" html="yes">&lt;/td&gt;&lt;/tr&gt;&lt;tr&gt;&lt;td colspan="3"&gt;&lt;a href="Img/Agregar_Producto.png"&gt;&lt;img src="Img/Agregar_Producto.png" width="800px"&gt;&lt;/a&gt;</msg>
<status status="PASS" starttime="20200129 12:14:18.687" endtime="20200129 12:14:19.215"></status>
</kw>
<status status="PASS" starttime="20200129 12:14:18.686" endtime="20200129 12:14:19.215"></status>
</kw>
<kw name="SLI" library="recursos">
<arguments>
<arg>amtif:selProductos</arg>
<arg>3</arg>
</arguments>
<kw name="Select From List By Index" library="SeleniumLibrary">
<doc>Selects options from selection list ``locator`` by ``indexes``.</doc>
<arguments>
<arg>${arg1}</arg>
<arg>${arg2}</arg>
</arguments>
<msg timestamp="20200129 12:14:19.216" level="INFO">Selecting options from selection list 'amtif:selProductos' by index 3.</msg>
<status status="PASS" starttime="20200129 12:14:19.216" endtime="20200129 12:14:20.329"></status>
</kw>
<status status="PASS" starttime="20200129 12:14:19.215" endtime="20200129 12:14:20.330"></status>
</kw>
<kw name="SLI" library="recursos">
<arguments>
<arg>amtif:selProcesos</arg>
<arg>1</arg>
</arguments>
<kw name="Select From List By Index" library="SeleniumLibrary">
<doc>Selects options from selection list ``locator`` by ``indexes``.</doc>
<arguments>
<arg>${arg1}</arg>
<arg>${arg2}</arg>
</arguments>
<msg timestamp="20200129 12:14:20.330" level="INFO">Selecting options from selection list 'amtif:selProcesos' by index 1.</msg>
<status status="PASS" starttime="20200129 12:14:20.330" endtime="20200129 12:14:21.251"></status>
</kw>
<status status="PASS" starttime="20200129 12:14:20.330" endtime="20200129 12:14:21.251"></status>
</kw>
<kw name="SLI" library="recursos">
<arguments>
<arg>amtif:selMotivos</arg>
<arg>2</arg>
</arguments>
<kw name="Select From List By Index" library="SeleniumLibrary">
<doc>Selects options from selection list ``locator`` by ``indexes``.</doc>
<arguments>
<arg>${arg1}</arg>
<arg>${arg2}</arg>
</arguments>
<msg timestamp="20200129 12:14:21.252" level="INFO">Selecting options from selection list 'amtif:selMotivos' by index 2.</msg>
<status status="PASS" starttime="20200129 12:14:21.252" endtime="20200129 12:14:22.263"></status>
</kw>
<status status="PASS" starttime="20200129 12:14:21.251" endtime="20200129 12:14:22.263"></status>
</kw>
<kw name="Texto" library="recursos">
<arguments>
<arg>(//input[contains(@type,'text')])[1]</arg>
<arg>Demo Producto</arg>
</arguments>
<kw name="Input Text" library="SeleniumLibrary">
<doc>Types the given ``text`` into the text field identified by ``locator``.</doc>
<arguments>
<arg>xpath=${arg1}</arg>
<arg>${arg2}</arg>
</arguments>
<msg timestamp="20200129 12:14:22.264" level="INFO">Typing text 'Demo Producto' into text field 'xpath=(//input[contains(@type,'text')])[1]'.</msg>
<status status="PASS" starttime="20200129 12:14:22.263" endtime="20200129 12:14:22.688"></status>
</kw>
<status status="PASS" starttime="20200129 12:14:22.263" endtime="20200129 12:14:22.688"></status>
</kw>
<kw name="Texto" library="recursos">
<arguments>
<arg>(//input[@type='text'])[2]</arg>
<arg>10</arg>
</arguments>
<kw name="Input Text" library="SeleniumLibrary">
<doc>Types the given ``text`` into the text field identified by ``locator``.</doc>
<arguments>
<arg>xpath=${arg1}</arg>
<arg>${arg2}</arg>
</arguments>
<msg timestamp="20200129 12:14:22.690" level="INFO">Typing text '10' into text field 'xpath=(//input[@type='text'])[2]'.</msg>
<status status="PASS" starttime="20200129 12:14:22.689" endtime="20200129 12:14:23.092"></status>
</kw>
<status status="PASS" starttime="20200129 12:14:22.688" endtime="20200129 12:14:23.092"></status>
</kw>
<kw name="SLI" library="recursos">
<arguments>
<arg>amtif:selPresentaciones</arg>
<arg>3</arg>
</arguments>
<kw name="Select From List By Index" library="SeleniumLibrary">
<doc>Selects options from selection list ``locator`` by ``indexes``.</doc>
<arguments>
<arg>${arg1}</arg>
<arg>${arg2}</arg>
</arguments>
<msg timestamp="20200129 12:14:23.093" level="INFO">Selecting options from selection list 'amtif:selPresentaciones' by index 3.</msg>
<status status="PASS" starttime="20200129 12:14:23.093" endtime="20200129 12:14:24.257"></status>
</kw>
<status status="PASS" starttime="20200129 12:14:23.092" endtime="20200129 12:14:24.257"></status>
</kw>
<kw name="Pantalla" library="recursos">
<arguments>
<arg>${dir}/Producto_cargados.png</arg>
</arguments>
<kw name="Capture Page Screenshot" library="SeleniumLibrary">
<doc>Takes a screenshot of the current page and embeds it into a log file.</doc>
<arguments>
<arg>${arg1}</arg>
</arguments>
<msg timestamp="20200129 12:14:24.738" level="INFO" html="yes">&lt;/td&gt;&lt;/tr&gt;&lt;tr&gt;&lt;td colspan="3"&gt;&lt;a href="Img/Producto_cargados.png"&gt;&lt;img src="Img/Producto_cargados.png" width="800px"&gt;&lt;/a&gt;</msg>
<status status="PASS" starttime="20200129 12:14:24.258" endtime="20200129 12:14:24.738"></status>
</kw>
<status status="PASS" starttime="20200129 12:14:24.258" endtime="20200129 12:14:24.738"></status>
</kw>
<kw name="Print" library="recursos">
<arguments>
<arg>Productos Cargados Modal ok</arg>
</arguments>
<kw name="Log To Console" library="BuiltIn">
<doc>Logs the given message to the console.</doc>
<arguments>
<arg>${arg1}</arg>
</arguments>
<status status="PASS" starttime="20200129 12:14:24.739" endtime="20200129 12:14:24.739"></status>
</kw>
<status status="PASS" starttime="20200129 12:14:24.738" endtime="20200129 12:14:24.739"></status>
</kw>
<kw name="Click" library="recursos">
<arguments>
<arg>(//input[contains(@type,'submit')])[3]</arg>
</arguments>
<kw name="Click Element" library="SeleniumLibrary">
<doc>Click the element identified by ``locator``.</doc>
<arguments>
<arg>xpath=${arg1}</arg>
</arguments>
<msg timestamp="20200129 12:14:24.739" level="INFO">Clicking element 'xpath=(//input[contains(@type,'submit')])[3]'.</msg>
<status status="PASS" starttime="20200129 12:14:24.739" endtime="20200129 12:14:25.300"></status>
</kw>
<status status="PASS" starttime="20200129 12:14:24.739" endtime="20200129 12:14:25.300"></status>
</kw>
<kw name="Dormir" library="recursos">
<arguments>
<arg>1</arg>
</arguments>
<kw name="Sleep" library="BuiltIn">
<doc>Pauses the test executed for the given time.</doc>
<arguments>
<arg>${arg1}</arg>
</arguments>
<msg timestamp="20200129 12:14:26.301" level="INFO">Slept 1 second</msg>
<status status="PASS" starttime="20200129 12:14:25.301" endtime="20200129 12:14:26.301"></status>
</kw>
<status status="PASS" starttime="20200129 12:14:25.300" endtime="20200129 12:14:26.301"></status>
</kw>
<kw name="Scroll" library="recursos">
<arguments>
<arg>0</arg>
<arg>200</arg>
</arguments>
<kw name="Execute Javascript" library="SeleniumLibrary">
<doc>Executes the given JavaScript code with possible arguments.</doc>
<arguments>
<arg>window.scrollTo(${arg1},${arg2})</arg>
</arguments>
<msg timestamp="20200129 12:14:26.302" level="INFO">Executing JavaScript:
window.scrollTo(0,200)
Without any arguments.</msg>
<status status="PASS" starttime="20200129 12:14:26.301" endtime="20200129 12:14:26.408"></status>
</kw>
<status status="PASS" starttime="20200129 12:14:26.301" endtime="20200129 12:14:26.408"></status>
</kw>
<kw name="Pantalla" library="recursos">
<arguments>
<arg>${dir}/Producto_add.png</arg>
</arguments>
<kw name="Capture Page Screenshot" library="SeleniumLibrary">
<doc>Takes a screenshot of the current page and embeds it into a log file.</doc>
<arguments>
<arg>${arg1}</arg>
</arguments>
<msg timestamp="20200129 12:14:26.923" level="INFO" html="yes">&lt;/td&gt;&lt;/tr&gt;&lt;tr&gt;&lt;td colspan="3"&gt;&lt;a href="Img/Producto_add.png"&gt;&lt;img src="Img/Producto_add.png" width="800px"&gt;&lt;/a&gt;</msg>
<status status="PASS" starttime="20200129 12:14:26.408" endtime="20200129 12:14:26.923"></status>
</kw>
<status status="PASS" starttime="20200129 12:14:26.408" endtime="20200129 12:14:26.923"></status>
</kw>
<kw name="Print" library="recursos">
<arguments>
<arg>Cargados Ok</arg>
</arguments>
<kw name="Log To Console" library="BuiltIn">
<doc>Logs the given message to the console.</doc>
<arguments>
<arg>${arg1}</arg>
</arguments>
<status status="PASS" starttime="20200129 12:14:26.924" endtime="20200129 12:14:26.924"></status>
</kw>
<status status="PASS" starttime="20200129 12:14:26.924" endtime="20200129 12:14:26.924"></status>
</kw>
<kw name="Scroll" library="recursos">
<arguments>
<arg>0</arg>
<arg>600</arg>
</arguments>
<kw name="Execute Javascript" library="SeleniumLibrary">
<doc>Executes the given JavaScript code with possible arguments.</doc>
<arguments>
<arg>window.scrollTo(${arg1},${arg2})</arg>
</arguments>
<msg timestamp="20200129 12:14:26.925" level="INFO">Executing JavaScript:
window.scrollTo(0,600)
Without any arguments.</msg>
<status status="PASS" starttime="20200129 12:14:26.925" endtime="20200129 12:14:27.030"></status>
</kw>
<status status="PASS" starttime="20200129 12:14:26.924" endtime="20200129 12:14:27.030"></status>
</kw>
<kw name="Dormir" library="recursos">
<arguments>
<arg>2</arg>
</arguments>
<kw name="Sleep" library="BuiltIn">
<doc>Pauses the test executed for the given time.</doc>
<arguments>
<arg>${arg1}</arg>
</arguments>
<msg timestamp="20200129 12:14:29.032" level="INFO">Slept 2 seconds</msg>
<status status="PASS" starttime="20200129 12:14:27.031" endtime="20200129 12:14:29.032"></status>
</kw>
<status status="PASS" starttime="20200129 12:14:27.031" endtime="20200129 12:14:29.032"></status>
</kw>
<kw name="Click" library="recursos">
<arguments>
<arg>(//input[@type='submit'])[8]</arg>
</arguments>
<kw name="Click Element" library="SeleniumLibrary">
<doc>Click the element identified by ``locator``.</doc>
<arguments>
<arg>xpath=${arg1}</arg>
</arguments>
<msg timestamp="20200129 12:14:29.034" level="INFO">Clicking element 'xpath=(//input[@type='submit'])[8]'.</msg>
<status status="PASS" starttime="20200129 12:14:29.033" endtime="20200129 12:14:29.460"></status>
</kw>
<status status="PASS" starttime="20200129 12:14:29.033" endtime="20200129 12:14:29.460"></status>
</kw>
<kw name="Texto" library="recursos">
<arguments>
<arg>(//input[contains(@type,'text')])[3]</arg>
<arg>1234</arg>
</arguments>
<kw name="Input Text" library="SeleniumLibrary">
<doc>Types the given ``text`` into the text field identified by ``locator``.</doc>
<arguments>
<arg>xpath=${arg1}</arg>
<arg>${arg2}</arg>
</arguments>
<msg timestamp="20200129 12:14:29.461" level="INFO">Typing text '1234' into text field 'xpath=(//input[contains(@type,'text')])[3]'.</msg>
<status status="PASS" starttime="20200129 12:14:29.461" endtime="20200129 12:14:29.840"></status>
</kw>
<status status="PASS" starttime="20200129 12:14:29.460" endtime="20200129 12:14:29.840"></status>
</kw>
<kw name="Texto" library="recursos">
<arguments>
<arg>(//input[contains(@type,'text')])[4]</arg>
<arg>${fecha_sacrificio}</arg>
</arguments>
<kw name="Input Text" library="SeleniumLibrary">
<doc>Types the given ``text`` into the text field identified by ``locator``.</doc>
<arguments>
<arg>xpath=${arg1}</arg>
<arg>${arg2}</arg>
</arguments>
<msg timestamp="20200129 12:14:29.841" level="INFO">Typing text '21/01/2020' into text field 'xpath=(//input[contains(@type,'text')])[4]'.</msg>
<status status="PASS" starttime="20200129 12:14:29.841" endtime="20200129 12:14:30.332"></status>
</kw>
<status status="PASS" starttime="20200129 12:14:29.840" endtime="20200129 12:14:30.333"></status>
</kw>
<kw name="Texto" library="recursos">
<arguments>
<arg>(//input[contains(@type,'text')])[5]</arg>
<arg>${fecha_proceso}</arg>
</arguments>
<kw name="Input Text" library="SeleniumLibrary">
<doc>Types the given ``text`` into the text field identified by ``locator``.</doc>
<arguments>
<arg>xpath=${arg1}</arg>
<arg>${arg2}</arg>
</arguments>
<msg timestamp="20200129 12:14:30.334" level="INFO">Typing text '21/01/2020' into text field 'xpath=(//input[contains(@type,'text')])[5]'.</msg>
<status status="PASS" starttime="20200129 12:14:30.334" endtime="20200129 12:14:30.787"></status>
</kw>
<status status="PASS" starttime="20200129 12:14:30.333" endtime="20200129 12:14:30.787"></status>
</kw>
<kw name="Texto" library="recursos">
<arguments>
<arg>(//input[contains(@type,'text')])[6]</arg>
<arg>${fecha_empaque}</arg>
</arguments>
<kw name="Input Text" library="SeleniumLibrary">
<doc>Types the given ``text`` into the text field identified by ``locator``.</doc>
<arguments>
<arg>xpath=${arg1}</arg>
<arg>${arg2}</arg>
</arguments>
<msg timestamp="20200129 12:14:30.788" level="INFO">Typing text '21/01/2020' into text field 'xpath=(//input[contains(@type,'text')])[6]'.</msg>
<status status="PASS" starttime="20200129 12:14:30.787" endtime="20200129 12:14:31.233"></status>
</kw>
<status status="PASS" starttime="20200129 12:14:30.787" endtime="20200129 12:14:31.233"></status>
</kw>
<kw name="Pantalla" library="recursos">
<arguments>
<arg>${dir}/Agregar_lote.png</arg>
</arguments>
<kw name="Capture Page Screenshot" library="SeleniumLibrary">
<doc>Takes a screenshot of the current page and embeds it into a log file.</doc>
<arguments>
<arg>${arg1}</arg>
</arguments>
<msg timestamp="20200129 12:14:31.724" level="INFO" html="yes">&lt;/td&gt;&lt;/tr&gt;&lt;tr&gt;&lt;td colspan="3"&gt;&lt;a href="Img/Agregar_lote.png"&gt;&lt;img src="Img/Agregar_lote.png" width="800px"&gt;&lt;/a&gt;</msg>
<status status="PASS" starttime="20200129 12:14:31.234" endtime="20200129 12:14:31.724"></status>
</kw>
<status status="PASS" starttime="20200129 12:14:31.233" endtime="20200129 12:14:31.724"></status>
</kw>
<kw name="Click" library="recursos">
<arguments>
<arg>(//input[contains(@type,'submit')])[7]</arg>
</arguments>
<kw name="Click Element" library="SeleniumLibrary">
<doc>Click the element identified by ``locator``.</doc>
<arguments>
<arg>xpath=${arg1}</arg>
</arguments>
<msg timestamp="20200129 12:14:31.725" level="INFO">Clicking element 'xpath=(//input[contains(@type,'submit')])[7]'.</msg>
<status status="PASS" starttime="20200129 12:14:31.725" endtime="20200129 12:14:32.236"></status>
</kw>
<status status="PASS" starttime="20200129 12:14:31.724" endtime="20200129 12:14:32.236"></status>
</kw>
<kw name="Scroll" library="recursos">
<arguments>
<arg>0</arg>
<arg>700</arg>
</arguments>
<kw name="Execute Javascript" library="SeleniumLibrary">
<doc>Executes the given JavaScript code with possible arguments.</doc>
<arguments>
<arg>window.scrollTo(${arg1},${arg2})</arg>
</arguments>
<msg timestamp="20200129 12:14:32.237" level="INFO">Executing JavaScript:
window.scrollTo(0,700)
Without any arguments.</msg>
<status status="PASS" starttime="20200129 12:14:32.237" endtime="20200129 12:14:32.344"></status>
</kw>
<status status="PASS" starttime="20200129 12:14:32.237" endtime="20200129 12:14:32.344"></status>
</kw>
<kw name="Dormir" library="recursos">
<arguments>
<arg>1</arg>
</arguments>
<kw name="Sleep" library="BuiltIn">
<doc>Pauses the test executed for the given time.</doc>
<arguments>
<arg>${arg1}</arg>
</arguments>
<msg timestamp="20200129 12:14:33.347" level="INFO">Slept 1 second</msg>
<status status="PASS" starttime="20200129 12:14:32.345" endtime="20200129 12:14:33.347"></status>
</kw>
<status status="PASS" starttime="20200129 12:14:32.345" endtime="20200129 12:14:33.347"></status>
</kw>
<kw name="Pantalla" library="recursos">
<arguments>
<arg>${dir}/Lote_ok.png</arg>
</arguments>
<kw name="Capture Page Screenshot" library="SeleniumLibrary">
<doc>Takes a screenshot of the current page and embeds it into a log file.</doc>
<arguments>
<arg>${arg1}</arg>
</arguments>
<msg timestamp="20200129 12:14:33.894" level="INFO" html="yes">&lt;/td&gt;&lt;/tr&gt;&lt;tr&gt;&lt;td colspan="3"&gt;&lt;a href="Img/Lote_ok.png"&gt;&lt;img src="Img/Lote_ok.png" width="800px"&gt;&lt;/a&gt;</msg>
<status status="PASS" starttime="20200129 12:14:33.348" endtime="20200129 12:14:33.894"></status>
</kw>
<status status="PASS" starttime="20200129 12:14:33.347" endtime="20200129 12:14:33.895"></status>
</kw>
<kw name="Print" library="recursos">
<arguments>
<arg>Carga Lote ok</arg>
</arguments>
<kw name="Log To Console" library="BuiltIn">
<doc>Logs the given message to the console.</doc>
<arguments>
<arg>${arg1}</arg>
</arguments>
<status status="PASS" starttime="20200129 12:14:33.895" endtime="20200129 12:14:33.896"></status>
</kw>
<status status="PASS" starttime="20200129 12:14:33.895" endtime="20200129 12:14:33.897"></status>
</kw>
<kw name="Dormir" library="recursos">
<arguments>
<arg>1</arg>
</arguments>
<kw name="Sleep" library="BuiltIn">
<doc>Pauses the test executed for the given time.</doc>
<arguments>
<arg>${arg1}</arg>
</arguments>
<msg timestamp="20200129 12:14:34.898" level="INFO">Slept 1 second</msg>
<status status="PASS" starttime="20200129 12:14:33.897" endtime="20200129 12:14:34.898"></status>
</kw>
<status status="PASS" starttime="20200129 12:14:33.897" endtime="20200129 12:14:34.898"></status>
</kw>
<kw name="Click" library="recursos">
<arguments>
<arg>(//input[contains(@type,'submit')])[20]</arg>
</arguments>
<kw name="Click Element" library="SeleniumLibrary">
<doc>Click the element identified by ``locator``.</doc>
<arguments>
<arg>xpath=${arg1}</arg>
</arguments>
<msg timestamp="20200129 12:14:34.899" level="INFO">Clicking element 'xpath=(//input[contains(@type,'submit')])[20]'.</msg>
<status status="PASS" starttime="20200129 12:14:34.899" endtime="20200129 12:14:35.342"></status>
</kw>
<status status="PASS" starttime="20200129 12:14:34.899" endtime="20200129 12:14:35.342"></status>
</kw>
<kw name="Pantalla" library="recursos">
<arguments>
<arg>${dir}/Trasporte_agregados.png</arg>
</arguments>
<kw name="Capture Page Screenshot" library="SeleniumLibrary">
<doc>Takes a screenshot of the current page and embeds it into a log file.</doc>
<arguments>
<arg>${arg1}</arg>
</arguments>
<msg timestamp="20200129 12:14:35.899" level="INFO" html="yes">&lt;/td&gt;&lt;/tr&gt;&lt;tr&gt;&lt;td colspan="3"&gt;&lt;a href="Img/Trasporte_agregados.png"&gt;&lt;img src="Img/Trasporte_agregados.png" width="800px"&gt;&lt;/a&gt;</msg>
<status status="PASS" starttime="20200129 12:14:35.343" endtime="20200129 12:14:35.900"></status>
</kw>
<status status="PASS" starttime="20200129 12:14:35.343" endtime="20200129 12:14:35.900"></status>
</kw>
<kw name="Print" library="recursos">
<arguments>
<arg>Pantalla transporte OK</arg>
</arguments>
<kw name="Log To Console" library="BuiltIn">
<doc>Logs the given message to the console.</doc>
<arguments>
<arg>${arg1}</arg>
</arguments>
<status status="PASS" starttime="20200129 12:14:35.901" endtime="20200129 12:14:35.901"></status>
</kw>
<status status="PASS" starttime="20200129 12:14:35.900" endtime="20200129 12:14:35.902"></status>
</kw>
<kw name="Dormir" library="recursos">
<arguments>
<arg>2</arg>
</arguments>
<kw name="Sleep" library="BuiltIn">
<doc>Pauses the test executed for the given time.</doc>
<arguments>
<arg>${arg1}</arg>
</arguments>
<msg timestamp="20200129 12:14:37.904" level="INFO">Slept 2 seconds</msg>
<status status="PASS" starttime="20200129 12:14:35.903" endtime="20200129 12:14:37.904"></status>
</kw>
<status status="PASS" starttime="20200129 12:14:35.902" endtime="20200129 12:14:37.904"></status>
</kw>
<kw name="Click" library="recursos">
<arguments>
<arg>(//input[contains(@type,'submit')])[4]</arg>
</arguments>
<kw name="Click Element" library="SeleniumLibrary">
<doc>Click the element identified by ``locator``.</doc>
<arguments>
<arg>xpath=${arg1}</arg>
</arguments>
<msg timestamp="20200129 12:14:37.905" level="INFO">Clicking element 'xpath=(//input[contains(@type,'submit')])[4]'.</msg>
<status status="PASS" starttime="20200129 12:14:37.904" endtime="20200129 12:14:38.323"></status>
</kw>
<status status="PASS" starttime="20200129 12:14:37.904" endtime="20200129 12:14:38.323"></status>
</kw>
<kw name="Pantalla" library="recursos">
<arguments>
<arg>${dir}/Modal_agregar_trasnporte.png</arg>
</arguments>
<kw name="Capture Page Screenshot" library="SeleniumLibrary">
<doc>Takes a screenshot of the current page and embeds it into a log file.</doc>
<arguments>
<arg>${arg1}</arg>
</arguments>
<msg timestamp="20200129 12:14:38.840" level="INFO" html="yes">&lt;/td&gt;&lt;/tr&gt;&lt;tr&gt;&lt;td colspan="3"&gt;&lt;a href="Img/Modal_agregar_trasnporte.png"&gt;&lt;img src="Img/Modal_agregar_trasnporte.png" width="800px"&gt;&lt;/a&gt;</msg>
<status status="PASS" starttime="20200129 12:14:38.324" endtime="20200129 12:14:38.840"></status>
</kw>
<status status="PASS" starttime="20200129 12:14:38.323" endtime="20200129 12:14:38.840"></status>
</kw>
<kw name="Texto" library="recursos">
<arguments>
<arg>(//input[contains(@type,'text')])[1]</arg>
<arg>1234567890</arg>
</arguments>
<kw name="Input Text" library="SeleniumLibrary">
<doc>Types the given ``text`` into the text field identified by ``locator``.</doc>
<arguments>
<arg>xpath=${arg1}</arg>
<arg>${arg2}</arg>
</arguments>
<msg timestamp="20200129 12:14:38.841" level="INFO">Typing text '1234567890' into text field 'xpath=(//input[contains(@type,'text')])[1]'.</msg>
<status status="PASS" starttime="20200129 12:14:38.841" endtime="20200129 12:14:39.305"></status>
</kw>
<status status="PASS" starttime="20200129 12:14:38.841" endtime="20200129 12:14:39.305"></status>
</kw>
<kw name="Texto" library="recursos">
<arguments>
<arg>(//input[contains(@type,'text')])[2]</arg>
<arg>12345678901234567892</arg>
</arguments>
<kw name="Input Text" library="SeleniumLibrary">
<doc>Types the given ``text`` into the text field identified by ``locator``.</doc>
<arguments>
<arg>xpath=${arg1}</arg>
<arg>${arg2}</arg>
</arguments>
<msg timestamp="20200129 12:14:39.306" level="INFO">Typing text '12345678901234567892' into text field 'xpath=(//input[contains(@type,'text')])[2]'.</msg>
<status status="PASS" starttime="20200129 12:14:39.306" endtime="20200129 12:14:39.760"></status>
</kw>
<status status="PASS" starttime="20200129 12:14:39.305" endtime="20200129 12:14:39.761"></status>
</kw>
<kw name="Click" library="recursos">
<arguments>
<arg>(//input[contains(@type,'submit')])[3]</arg>
</arguments>
<kw name="Click Element" library="SeleniumLibrary">
<doc>Click the element identified by ``locator``.</doc>
<arguments>
<arg>xpath=${arg1}</arg>
</arguments>
<msg timestamp="20200129 12:14:39.762" level="INFO">Clicking element 'xpath=(//input[contains(@type,'submit')])[3]'.</msg>
<status status="PASS" starttime="20200129 12:14:39.761" endtime="20200129 12:14:40.270"></status>
</kw>
<status status="PASS" starttime="20200129 12:14:39.761" endtime="20200129 12:14:40.270"></status>
</kw>
<kw name="Pantalla" library="recursos">
<arguments>
<arg>${dir}/Add_transporte.png</arg>
</arguments>
<kw name="Capture Page Screenshot" library="SeleniumLibrary">
<doc>Takes a screenshot of the current page and embeds it into a log file.</doc>
<arguments>
<arg>${arg1}</arg>
</arguments>
<msg timestamp="20200129 12:14:40.876" level="INFO" html="yes">&lt;/td&gt;&lt;/tr&gt;&lt;tr&gt;&lt;td colspan="3"&gt;&lt;a href="Img/Add_transporte.png"&gt;&lt;img src="Img/Add_transporte.png" width="800px"&gt;&lt;/a&gt;</msg>
<status status="PASS" starttime="20200129 12:14:40.270" endtime="20200129 12:14:40.877"></status>
</kw>
<status status="PASS" starttime="20200129 12:14:40.270" endtime="20200129 12:14:40.877"></status>
</kw>
<kw name="Print" library="recursos">
<arguments>
<arg>Se agrega el Transporte OK</arg>
</arguments>
<kw name="Log To Console" library="BuiltIn">
<doc>Logs the given message to the console.</doc>
<arguments>
<arg>${arg1}</arg>
</arguments>
<status status="PASS" starttime="20200129 12:14:40.878" endtime="20200129 12:14:40.879"></status>
</kw>
<status status="PASS" starttime="20200129 12:14:40.877" endtime="20200129 12:14:40.879"></status>
</kw>
<kw name="Dormir" library="recursos">
<arguments>
<arg>1</arg>
</arguments>
<kw name="Sleep" library="BuiltIn">
<doc>Pauses the test executed for the given time.</doc>
<arguments>
<arg>${arg1}</arg>
</arguments>
<msg timestamp="20200129 12:14:41.881" level="INFO">Slept 1 second</msg>
<status status="PASS" starttime="20200129 12:14:40.880" endtime="20200129 12:14:41.881"></status>
</kw>
<status status="PASS" starttime="20200129 12:14:40.879" endtime="20200129 12:14:41.881"></status>
</kw>
<kw name="Click" library="recursos">
<arguments>
<arg>(//input[contains(@type,'submit')])[16]</arg>
</arguments>
<kw name="Click Element" library="SeleniumLibrary">
<doc>Click the element identified by ``locator``.</doc>
<arguments>
<arg>xpath=${arg1}</arg>
</arguments>
<msg timestamp="20200129 12:14:41.882" level="INFO">Clicking element 'xpath=(//input[contains(@type,'submit')])[16]'.</msg>
<status status="PASS" starttime="20200129 12:14:41.881" endtime="20200129 12:14:42.491"></status>
</kw>
<status status="PASS" starttime="20200129 12:14:41.881" endtime="20200129 12:14:42.491"></status>
</kw>
<kw name="Pantalla" library="recursos">
<arguments>
<arg>${dir}/transporte_lote.png</arg>
</arguments>
<kw name="Capture Page Screenshot" library="SeleniumLibrary">
<doc>Takes a screenshot of the current page and embeds it into a log file.</doc>
<arguments>
<arg>${arg1}</arg>
</arguments>
<msg timestamp="20200129 12:14:42.992" level="INFO" html="yes">&lt;/td&gt;&lt;/tr&gt;&lt;tr&gt;&lt;td colspan="3"&gt;&lt;a href="Img/transporte_lote.png"&gt;&lt;img src="Img/transporte_lote.png" width="800px"&gt;&lt;/a&gt;</msg>
<status status="PASS" starttime="20200129 12:14:42.492" endtime="20200129 12:14:42.992"></status>
</kw>
<status status="PASS" starttime="20200129 12:14:42.491" endtime="20200129 12:14:42.992"></status>
</kw>
<kw name="Print" library="recursos">
<arguments>
<arg>Numoer de Lote y Placas ok</arg>
</arguments>
<kw name="Log To Console" library="BuiltIn">
<doc>Logs the given message to the console.</doc>
<arguments>
<arg>${arg1}</arg>
</arguments>
<status status="PASS" starttime="20200129 12:14:42.993" endtime="20200129 12:14:42.993"></status>
</kw>
<status status="PASS" starttime="20200129 12:14:42.992" endtime="20200129 12:14:42.993"></status>
</kw>
<kw name="Dormir" library="recursos">
<arguments>
<arg>4</arg>
</arguments>
<kw name="Sleep" library="BuiltIn">
<doc>Pauses the test executed for the given time.</doc>
<arguments>
<arg>${arg1}</arg>
</arguments>
<msg timestamp="20200129 12:14:46.995" level="INFO">Slept 4 seconds</msg>
<status status="PASS" starttime="20200129 12:14:42.994" endtime="20200129 12:14:46.995"></status>
</kw>
<status status="PASS" starttime="20200129 12:14:42.993" endtime="20200129 12:14:46.995"></status>
</kw>
<kw name="Click" library="recursos">
<arguments>
<arg>(//input[contains(@type,'submit')])[12]</arg>
</arguments>
<kw name="Click Element" library="SeleniumLibrary">
<doc>Click the element identified by ``locator``.</doc>
<arguments>
<arg>xpath=${arg1}</arg>
</arguments>
<msg timestamp="20200129 12:14:46.996" level="INFO">Clicking element 'xpath=(//input[contains(@type,'submit')])[12]'.</msg>
<status status="PASS" starttime="20200129 12:14:46.996" endtime="20200129 12:14:48.720"></status>
</kw>
<status status="PASS" starttime="20200129 12:14:46.995" endtime="20200129 12:14:48.720"></status>
</kw>
<kw name="Pantalla" library="recursos">
<arguments>
<arg>${dir}/Numero_folio.png</arg>
</arguments>
<kw name="Capture Page Screenshot" library="SeleniumLibrary">
<doc>Takes a screenshot of the current page and embeds it into a log file.</doc>
<arguments>
<arg>${arg1}</arg>
</arguments>
<msg timestamp="20200129 12:14:49.246" level="INFO" html="yes">&lt;/td&gt;&lt;/tr&gt;&lt;tr&gt;&lt;td colspan="3"&gt;&lt;a href="Img/Numero_folio.png"&gt;&lt;img src="Img/Numero_folio.png" width="800px"&gt;&lt;/a&gt;</msg>
<status status="PASS" starttime="20200129 12:14:48.720" endtime="20200129 12:14:49.246"></status>
</kw>
<status status="PASS" starttime="20200129 12:14:48.720" endtime="20200129 12:14:49.246"></status>
</kw>
<kw name="Scroll" library="recursos">
<arguments>
<arg>0</arg>
<arg>200</arg>
</arguments>
<kw name="Execute Javascript" library="SeleniumLibrary">
<doc>Executes the given JavaScript code with possible arguments.</doc>
<arguments>
<arg>window.scrollTo(${arg1},${arg2})</arg>
</arguments>
<msg timestamp="20200129 12:14:49.247" level="INFO">Executing JavaScript:
window.scrollTo(0,200)
Without any arguments.</msg>
<status status="PASS" starttime="20200129 12:14:49.247" endtime="20200129 12:14:49.351"></status>
</kw>
<status status="PASS" starttime="20200129 12:14:49.246" endtime="20200129 12:14:49.351"></status>
</kw>
<kw name="Dormir" library="recursos">
<arguments>
<arg>1</arg>
</arguments>
<kw name="Sleep" library="BuiltIn">
<doc>Pauses the test executed for the given time.</doc>
<arguments>
<arg>${arg1}</arg>
</arguments>
<msg timestamp="20200129 12:14:50.353" level="INFO">Slept 1 second</msg>
<status status="PASS" starttime="20200129 12:14:49.352" endtime="20200129 12:14:50.353"></status>
</kw>
<status status="PASS" starttime="20200129 12:14:49.352" endtime="20200129 12:14:50.353"></status>
</kw>
<kw name="Scroll" library="recursos">
<arguments>
<arg>0</arg>
<arg>500</arg>
</arguments>
<kw name="Execute Javascript" library="SeleniumLibrary">
<doc>Executes the given JavaScript code with possible arguments.</doc>
<arguments>
<arg>window.scrollTo(${arg1},${arg2})</arg>
</arguments>
<msg timestamp="20200129 12:14:50.354" level="INFO">Executing JavaScript:
window.scrollTo(0,500)
Without any arguments.</msg>
<status status="PASS" starttime="20200129 12:14:50.354" endtime="20200129 12:14:50.462"></status>
</kw>
<status status="PASS" starttime="20200129 12:14:50.353" endtime="20200129 12:14:50.462"></status>
</kw>
<kw name="Dormir" library="recursos">
<arguments>
<arg>1</arg>
</arguments>
<kw name="Sleep" library="BuiltIn">
<doc>Pauses the test executed for the given time.</doc>
<arguments>
<arg>${arg1}</arg>
</arguments>
<msg timestamp="20200129 12:14:51.462" level="INFO">Slept 1 second</msg>
<status status="PASS" starttime="20200129 12:14:50.462" endtime="20200129 12:14:51.462"></status>
</kw>
<status status="PASS" starttime="20200129 12:14:50.462" endtime="20200129 12:14:51.462"></status>
</kw>
<kw name="Scroll" library="recursos">
<arguments>
<arg>0</arg>
<arg>800</arg>
</arguments>
<kw name="Execute Javascript" library="SeleniumLibrary">
<doc>Executes the given JavaScript code with possible arguments.</doc>
<arguments>
<arg>window.scrollTo(${arg1},${arg2})</arg>
</arguments>
<msg timestamp="20200129 12:14:51.463" level="INFO">Executing JavaScript:
window.scrollTo(0,800)
Without any arguments.</msg>
<status status="PASS" starttime="20200129 12:14:51.462" endtime="20200129 12:14:51.567"></status>
</kw>
<status status="PASS" starttime="20200129 12:14:51.462" endtime="20200129 12:14:51.567"></status>
</kw>
<kw name="Scroll" library="recursos">
<arguments>
<arg>0</arg>
<arg>0</arg>
</arguments>
<kw name="Execute Javascript" library="SeleniumLibrary">
<doc>Executes the given JavaScript code with possible arguments.</doc>
<arguments>
<arg>window.scrollTo(${arg1},${arg2})</arg>
</arguments>
<msg timestamp="20200129 12:14:51.569" level="INFO">Executing JavaScript:
window.scrollTo(0,0)
Without any arguments.</msg>
<status status="PASS" starttime="20200129 12:14:51.568" endtime="20200129 12:14:51.675"></status>
</kw>
<status status="PASS" starttime="20200129 12:14:51.568" endtime="20200129 12:14:51.675"></status>
</kw>
<kw name="Dormir" library="recursos">
<arguments>
<arg>2</arg>
</arguments>
<kw name="Sleep" library="BuiltIn">
<doc>Pauses the test executed for the given time.</doc>
<arguments>
<arg>${arg1}</arg>
</arguments>
<msg timestamp="20200129 12:14:53.675" level="INFO">Slept 2 seconds</msg>
<status status="PASS" starttime="20200129 12:14:51.675" endtime="20200129 12:14:53.675"></status>
</kw>
<status status="PASS" starttime="20200129 12:14:51.675" endtime="20200129 12:14:53.676"></status>
</kw>
<kw name="Click" library="recursos">
<arguments>
<arg>//a[contains(.,'Imprimir hoja')]</arg>
</arguments>
<kw name="Click Element" library="SeleniumLibrary">
<doc>Click the element identified by ``locator``.</doc>
<arguments>
<arg>xpath=${arg1}</arg>
</arguments>
<msg timestamp="20200129 12:14:53.677" level="INFO">Clicking element 'xpath=//a[contains(.,'Imprimir hoja')]'.</msg>
<status status="PASS" starttime="20200129 12:14:53.676" endtime="20200129 12:14:54.777"></status>
</kw>
<status status="PASS" starttime="20200129 12:14:53.676" endtime="20200129 12:14:54.777"></status>
</kw>
<kw name="Click" library="recursos">
<arguments>
<arg>//a[contains(.,'Imprimir aviso')]</arg>
</arguments>
<kw name="Click Element" library="SeleniumLibrary">
<doc>Click the element identified by ``locator``.</doc>
<arguments>
<arg>xpath=${arg1}</arg>
</arguments>
<msg timestamp="20200129 12:14:54.778" level="INFO">Clicking element 'xpath=//a[contains(.,'Imprimir aviso')]'.</msg>
<status status="PASS" starttime="20200129 12:14:54.778" endtime="20200129 12:14:55.329"></status>
</kw>
<status status="PASS" starttime="20200129 12:14:54.777" endtime="20200129 12:14:55.329"></status>
</kw>
<kw name="Pantalla" library="recursos">
<arguments>
<arg>${dir}/Imprimir_hoja.png</arg>
</arguments>
<kw name="Capture Page Screenshot" library="SeleniumLibrary">
<doc>Takes a screenshot of the current page and embeds it into a log file.</doc>
<arguments>
<arg>${arg1}</arg>
</arguments>
<msg timestamp="20200129 12:14:55.850" level="INFO" html="yes">&lt;/td&gt;&lt;/tr&gt;&lt;tr&gt;&lt;td colspan="3"&gt;&lt;a href="Img/Imprimir_hoja.png"&gt;&lt;img src="Img/Imprimir_hoja.png" width="800px"&gt;&lt;/a&gt;</msg>
<status status="PASS" starttime="20200129 12:14:55.330" endtime="20200129 12:14:55.850"></status>
</kw>
<status status="PASS" starttime="20200129 12:14:55.330" endtime="20200129 12:14:55.850"></status>
</kw>
<kw name="Print" library="recursos">
<arguments>
<arg>Imprimir hoja y Aviso Ok</arg>
</arguments>
<kw name="Log To Console" library="BuiltIn">
<doc>Logs the given message to the console.</doc>
<arguments>
<arg>${arg1}</arg>
</arguments>
<status status="PASS" starttime="20200129 12:14:55.851" endtime="20200129 12:14:55.851"></status>
</kw>
<status status="PASS" starttime="20200129 12:14:55.850" endtime="20200129 12:14:55.851"></status>
</kw>
<kw name="Dormir" library="recursos">
<arguments>
<arg>2</arg>
</arguments>
<kw name="Sleep" library="BuiltIn">
<doc>Pauses the test executed for the given time.</doc>
<arguments>
<arg>${arg1}</arg>
</arguments>
<msg timestamp="20200129 12:14:57.853" level="INFO">Slept 2 seconds</msg>
<status status="PASS" starttime="20200129 12:14:55.851" endtime="20200129 12:14:57.853"></status>
</kw>
<status status="PASS" starttime="20200129 12:14:55.851" endtime="20200129 12:14:57.853"></status>
</kw>
<kw name="Cerrar" library="recursos">
<kw name="Close Browser" library="SeleniumLibrary">
<doc>Closes the current browser.</doc>
<status status="PASS" starttime="20200129 12:14:57.854" endtime="20200129 12:14:59.979"></status>
</kw>
<status status="PASS" starttime="20200129 12:14:57.853" endtime="20200129 12:14:59.979"></status>
</kw>
<doc>Inspección Federal MAAMTIF</doc>
<status status="PASS" starttime="20200129 12:13:49.876" endtime="20200129 12:14:59.979" critical="yes"></status>
</test>
<test id="s1-s1-t2" name="CP052 Capturar Aviso Despojos y Harinas">
<kw name="Esperar Iniciar ok" library="recursos">
<arguments>
<arg>25</arg>
</arguments>
<kw name="Set Selenium Timeout" library="SeleniumLibrary">
<doc>Sets the timeout that is used by various keywords.</doc>
<arguments>
<arg>${arg1} seconds</arg>
</arguments>
<status status="PASS" starttime="20200129 12:14:59.983" endtime="20200129 12:14:59.984"></status>
</kw>
<status status="PASS" starttime="20200129 12:14:59.982" endtime="20200129 12:14:59.984"></status>
</kw>
<kw name="Dormir Todos" library="recursos">
<arguments>
<arg>${tiempo}</arg>
</arguments>
<kw name="Set Selenium Speed" library="SeleniumLibrary">
<doc>Sets the delay that is waited after each Selenium command.</doc>
<arguments>
<arg>${arg1} seconds</arg>
</arguments>
<status status="PASS" starttime="20200129 12:14:59.985" endtime="20200129 12:14:59.985"></status>
</kw>
<status status="PASS" starttime="20200129 12:14:59.984" endtime="20200129 12:14:59.985"></status>
</kw>
<kw name="Abrir navegador" library="recursos">
<kw name="Open Browser" library="SeleniumLibrary">
<doc>Opens a new browser instance to the optional ``url``.</doc>
<arguments>
<arg>${url}</arg>
<arg>${navegador}</arg>
</arguments>
<msg timestamp="20200129 12:14:59.986" level="INFO">Opening browser 'chrome' to base url 'https://adessistemas.senasica.gob.mx/amtif/login.xhtml'.</msg>
<status status="PASS" starttime="20200129 12:14:59.986" endtime="20200129 12:15:02.929"></status>
</kw>
<status status="PASS" starttime="20200129 12:14:59.985" endtime="20200129 12:15:02.929"></status>
</kw>
<kw name="Maximizar" library="recursos">
<kw name="Maximize Browser Window" library="SeleniumLibrary">
<doc>Maximizes current browser window.</doc>
<status status="PASS" starttime="20200129 12:15:02.930" endtime="20200129 12:15:04.155"></status>
</kw>
<status status="PASS" starttime="20200129 12:15:02.929" endtime="20200129 12:15:04.155"></status>
</kw>
<kw name="Login uno" library="recursos">
<kw name="Texto" library="recursos">
<arguments>
<arg>(//input[contains(@type,'text')])[1]</arg>
<arg>erojasc14760</arg>
</arguments>
<kw name="Input Text" library="SeleniumLibrary">
<doc>Types the given ``text`` into the text field identified by ``locator``.</doc>
<arguments>
<arg>xpath=${arg1}</arg>
<arg>${arg2}</arg>
</arguments>
<msg timestamp="20200129 12:15:04.156" level="INFO">Typing text 'erojasc14760' into text field 'xpath=(//input[contains(@type,'text')])[1]'.</msg>
<status status="PASS" starttime="20200129 12:15:04.156" endtime="20200129 12:15:04.605"></status>
</kw>
<status status="PASS" starttime="20200129 12:15:04.156" endtime="20200129 12:15:04.605"></status>
</kw>
<kw name="Texto" library="recursos">
<arguments>
<arg>(//input[@class='form-control'])[2]</arg>
<arg>sena2o14</arg>
</arguments>
<kw name="Input Text" library="SeleniumLibrary">
<doc>Types the given ``text`` into the text field identified by ``locator``.</doc>
<arguments>
<arg>xpath=${arg1}</arg>
<arg>${arg2}</arg>
</arguments>
<msg timestamp="20200129 12:15:04.606" level="INFO">Typing text 'sena2o14' into text field 'xpath=(//input[@class='form-control'])[2]'.</msg>
<status status="PASS" starttime="20200129 12:15:04.606" endtime="20200129 12:15:05.046"></status>
</kw>
<status status="PASS" starttime="20200129 12:15:04.605" endtime="20200129 12:15:05.046"></status>
</kw>
<kw name="Pantalla" library="recursos">
<arguments>
<arg>${dir}/Loguno.png</arg>
</arguments>
<kw name="Capture Page Screenshot" library="SeleniumLibrary">
<doc>Takes a screenshot of the current page and embeds it into a log file.</doc>
<arguments>
<arg>${arg1}</arg>
</arguments>
<msg timestamp="20200129 12:15:05.683" level="INFO" html="yes">&lt;/td&gt;&lt;/tr&gt;&lt;tr&gt;&lt;td colspan="3"&gt;&lt;a href="Img/Loguno.png"&gt;&lt;img src="Img/Loguno.png" width="800px"&gt;&lt;/a&gt;</msg>
<status status="PASS" starttime="20200129 12:15:05.047" endtime="20200129 12:15:05.683"></status>
</kw>
<status status="PASS" starttime="20200129 12:15:05.046" endtime="20200129 12:15:05.684"></status>
</kw>
<kw name="Click" library="recursos">
<arguments>
<arg>//input[@type='submit']</arg>
</arguments>
<kw name="Click Element" library="SeleniumLibrary">
<doc>Click the element identified by ``locator``.</doc>
<arguments>
<arg>xpath=${arg1}</arg>
</arguments>
<msg timestamp="20200129 12:15:05.685" level="INFO">Clicking element 'xpath=//input[@type='submit']'.</msg>
<status status="PASS" starttime="20200129 12:15:05.685" endtime="20200129 12:15:06.366"></status>
</kw>
<status status="PASS" starttime="20200129 12:15:05.684" endtime="20200129 12:15:06.366"></status>
</kw>
<status status="PASS" starttime="20200129 12:15:04.155" endtime="20200129 12:15:06.366"></status>
</kw>
<kw name="Login Tif" library="recursos">
<kw name="Texto" library="recursos">
<arguments>
<arg>(//input[contains(@id,'tif')])[1]</arg>
<arg>A-124</arg>
</arguments>
<kw name="Input Text" library="SeleniumLibrary">
<doc>Types the given ``text`` into the text field identified by ``locator``.</doc>
<arguments>
<arg>xpath=${arg1}</arg>
<arg>${arg2}</arg>
</arguments>
<msg timestamp="20200129 12:15:06.368" level="INFO">Typing text 'A-124' into text field 'xpath=(//input[contains(@id,'tif')])[1]'.</msg>
<status status="PASS" starttime="20200129 12:15:06.367" endtime="20200129 12:15:06.824"></status>
</kw>
<status status="PASS" starttime="20200129 12:15:06.367" endtime="20200129 12:15:06.824"></status>
</kw>
<kw name="Texto" library="recursos">
<arguments>
<arg>//input[contains(@type,'password')]</arg>
<arg>sen962fitA-124</arg>
</arguments>
<kw name="Input Text" library="SeleniumLibrary">
<doc>Types the given ``text`` into the text field identified by ``locator``.</doc>
<arguments>
<arg>xpath=${arg1}</arg>
<arg>${arg2}</arg>
</arguments>
<msg timestamp="20200129 12:15:06.825" level="INFO">Typing text 'sen962fitA-124' into text field 'xpath=//input[contains(@type,'password')]'.</msg>
<status status="PASS" starttime="20200129 12:15:06.825" endtime="20200129 12:15:07.329"></status>
</kw>
<status status="PASS" starttime="20200129 12:15:06.824" endtime="20200129 12:15:07.329"></status>
</kw>
<kw name="Pantalla" library="recursos">
<arguments>
<arg>${dir}/Tif.png</arg>
</arguments>
<kw name="Capture Page Screenshot" library="SeleniumLibrary">
<doc>Takes a screenshot of the current page and embeds it into a log file.</doc>
<arguments>
<arg>${arg1}</arg>
</arguments>
<msg timestamp="20200129 12:15:07.853" level="INFO" html="yes">&lt;/td&gt;&lt;/tr&gt;&lt;tr&gt;&lt;td colspan="3"&gt;&lt;a href="Img/Tif.png"&gt;&lt;img src="Img/Tif.png" width="800px"&gt;&lt;/a&gt;</msg>
<status status="PASS" starttime="20200129 12:15:07.330" endtime="20200129 12:15:07.853"></status>
</kw>
<status status="PASS" starttime="20200129 12:15:07.330" endtime="20200129 12:15:07.854"></status>
</kw>
<kw name="Click" library="recursos">
<arguments>
<arg>(//input[contains(@type,'submit')])[2]</arg>
</arguments>
<kw name="Click Element" library="SeleniumLibrary">
<doc>Click the element identified by ``locator``.</doc>
<arguments>
<arg>xpath=${arg1}</arg>
</arguments>
<msg timestamp="20200129 12:15:07.854" level="INFO">Clicking element 'xpath=(//input[contains(@type,'submit')])[2]'.</msg>
<status status="PASS" starttime="20200129 12:15:07.854" endtime="20200129 12:15:09.377"></status>
</kw>
<status status="PASS" starttime="20200129 12:15:07.854" endtime="20200129 12:15:09.377"></status>
</kw>
<status status="PASS" starttime="20200129 12:15:06.367" endtime="20200129 12:15:09.377"></status>
</kw>
<kw name="Click" library="recursos">
<arguments>
<arg>(//a[@href='#'])[2]</arg>
</arguments>
<kw name="Click Element" library="SeleniumLibrary">
<doc>Click the element identified by ``locator``.</doc>
<arguments>
<arg>xpath=${arg1}</arg>
</arguments>
<msg timestamp="20200129 12:15:09.378" level="INFO">Clicking element 'xpath=(//a[@href='#'])[2]'.</msg>
<status status="PASS" starttime="20200129 12:15:09.377" endtime="20200129 12:15:11.227"></status>
</kw>
<status status="PASS" starttime="20200129 12:15:09.377" endtime="20200129 12:15:11.227"></status>
</kw>
<kw name="Scroll" library="recursos">
<arguments>
<arg>0</arg>
<arg>200</arg>
</arguments>
<kw name="Execute Javascript" library="SeleniumLibrary">
<doc>Executes the given JavaScript code with possible arguments.</doc>
<arguments>
<arg>window.scrollTo(${arg1},${arg2})</arg>
</arguments>
<msg timestamp="20200129 12:15:11.228" level="INFO">Executing JavaScript:
window.scrollTo(0,200)
Without any arguments.</msg>
<status status="PASS" starttime="20200129 12:15:11.227" endtime="20200129 12:15:11.334"></status>
</kw>
<status status="PASS" starttime="20200129 12:15:11.227" endtime="20200129 12:15:11.334"></status>
</kw>
<kw name="Pantalla" library="recursos">
<arguments>
<arg>${dir2}/Aviso_despojo.png</arg>
</arguments>
<kw name="Capture Page Screenshot" library="SeleniumLibrary">
<doc>Takes a screenshot of the current page and embeds it into a log file.</doc>
<arguments>
<arg>${arg1}</arg>
</arguments>
<msg timestamp="20200129 12:15:11.812" level="INFO" html="yes">&lt;/td&gt;&lt;/tr&gt;&lt;tr&gt;&lt;td colspan="3"&gt;&lt;a href="Aviso/Aviso_despojo.png"&gt;&lt;img src="Aviso/Aviso_despojo.png" width="800px"&gt;&lt;/a&gt;</msg>
<status status="PASS" starttime="20200129 12:15:11.335" endtime="20200129 12:15:11.813"></status>
</kw>
<status status="PASS" starttime="20200129 12:15:11.334" endtime="20200129 12:15:11.813"></status>
</kw>
<kw name="Scroll" library="recursos">
<arguments>
<arg>0</arg>
<arg>200</arg>
</arguments>
<kw name="Execute Javascript" library="SeleniumLibrary">
<doc>Executes the given JavaScript code with possible arguments.</doc>
<arguments>
<arg>window.scrollTo(${arg1},${arg2})</arg>
</arguments>
<msg timestamp="20200129 12:15:11.814" level="INFO">Executing JavaScript:
window.scrollTo(0,200)
Without any arguments.</msg>
<status status="PASS" starttime="20200129 12:15:11.814" endtime="20200129 12:15:11.935"></status>
</kw>
<status status="PASS" starttime="20200129 12:15:11.813" endtime="20200129 12:15:11.935"></status>
</kw>
<kw name="Print" library="recursos">
<arguments>
<arg>Solicitud Aviso y despojo ok</arg>
</arguments>
<kw name="Log To Console" library="BuiltIn">
<doc>Logs the given message to the console.</doc>
<arguments>
<arg>${arg1}</arg>
</arguments>
<status status="PASS" starttime="20200129 12:15:11.936" endtime="20200129 12:15:11.936"></status>
</kw>
<status status="PASS" starttime="20200129 12:15:11.935" endtime="20200129 12:15:11.936"></status>
</kw>
<kw name="SLI" library="recursos">
<arguments>
<arg>amtif:selTipoEst</arg>
<arg>2</arg>
</arguments>
<kw name="Select From List By Index" library="SeleniumLibrary">
<doc>Selects options from selection list ``locator`` by ``indexes``.</doc>
<arguments>
<arg>${arg1}</arg>
<arg>${arg2}</arg>
</arguments>
<msg timestamp="20200129 12:15:11.938" level="INFO">Selecting options from selection list 'amtif:selTipoEst' by index 2.</msg>
<status status="PASS" starttime="20200129 12:15:11.937" endtime="20200129 12:15:12.975"></status>
</kw>
<status status="PASS" starttime="20200129 12:15:11.936" endtime="20200129 12:15:12.975"></status>
</kw>
<kw name="SLI" library="recursos">
<arguments>
<arg>amtif:selTipoPatron</arg>
<arg>1</arg>
</arguments>
<kw name="Select From List By Index" library="SeleniumLibrary">
<doc>Selects options from selection list ``locator`` by ``indexes``.</doc>
<arguments>
<arg>${arg1}</arg>
<arg>${arg2}</arg>
</arguments>
<msg timestamp="20200129 12:15:12.977" level="INFO">Selecting options from selection list 'amtif:selTipoPatron' by index 1.</msg>
<status status="PASS" starttime="20200129 12:15:12.976" endtime="20200129 12:15:13.893"></status>
</kw>
<status status="PASS" starttime="20200129 12:15:12.976" endtime="20200129 12:15:13.893"></status>
</kw>
<kw name="Dormir" library="recursos">
<arguments>
<arg>1</arg>
</arguments>
<kw name="Sleep" library="BuiltIn">
<doc>Pauses the test executed for the given time.</doc>
<arguments>
<arg>${arg1}</arg>
</arguments>
<msg timestamp="20200129 12:15:14.894" level="INFO">Slept 1 second</msg>
<status status="PASS" starttime="20200129 12:15:13.894" endtime="20200129 12:15:14.894"></status>
</kw>
<status status="PASS" starttime="20200129 12:15:13.893" endtime="20200129 12:15:14.894"></status>
</kw>
<kw name="Texto" library="recursos">
<arguments>
<arg>(//input[@type='text'])[1]</arg>
<arg>COMERCIALIZADORA</arg>
</arguments>
<kw name="Input Text" library="SeleniumLibrary">
<doc>Types the given ``text`` into the text field identified by ``locator``.</doc>
<arguments>
<arg>xpath=${arg1}</arg>
<arg>${arg2}</arg>
</arguments>
<msg timestamp="20200129 12:15:14.895" level="INFO">Typing text 'COMERCIALIZADORA' into text field 'xpath=(//input[@type='text'])[1]'.</msg>
<status status="PASS" starttime="20200129 12:15:14.895" endtime="20200129 12:15:15.331"></status>
</kw>
<status status="PASS" starttime="20200129 12:15:14.895" endtime="20200129 12:15:15.331"></status>
</kw>
<kw name="Dormir" library="recursos">
<arguments>
<arg>5</arg>
</arguments>
<kw name="Sleep" library="BuiltIn">
<doc>Pauses the test executed for the given time.</doc>
<arguments>
<arg>${arg1}</arg>
</arguments>
<msg timestamp="20200129 12:15:20.332" level="INFO">Slept 5 seconds</msg>
<status status="PASS" starttime="20200129 12:15:15.331" endtime="20200129 12:15:20.332"></status>
</kw>
<status status="PASS" starttime="20200129 12:15:15.331" endtime="20200129 12:15:20.332"></status>
</kw>
<kw name="Click" library="recursos">
<arguments>
<arg>(//input[contains(@type,'submit')])[1]</arg>
</arguments>
<kw name="Click Element" library="SeleniumLibrary">
<doc>Click the element identified by ``locator``.</doc>
<arguments>
<arg>xpath=${arg1}</arg>
</arguments>
<msg timestamp="20200129 12:15:20.332" level="INFO">Clicking element 'xpath=(//input[contains(@type,'submit')])[1]'.</msg>
<status status="PASS" starttime="20200129 12:15:20.332" endtime="20200129 12:15:20.591"></status>
</kw>
<status status="PASS" starttime="20200129 12:15:20.332" endtime="20200129 12:15:20.591"></status>
</kw>
<kw name="Scroll" library="recursos">
<arguments>
<arg>0</arg>
<arg>400</arg>
</arguments>
<kw name="Execute Javascript" library="SeleniumLibrary">
<doc>Executes the given JavaScript code with possible arguments.</doc>
<arguments>
<arg>window.scrollTo(${arg1},${arg2})</arg>
</arguments>
<msg timestamp="20200129 12:15:20.592" level="INFO">Executing JavaScript:
window.scrollTo(0,400)
Without any arguments.</msg>
<status status="PASS" starttime="20200129 12:15:20.592" endtime="20200129 12:15:20.699"></status>
</kw>
<status status="PASS" starttime="20200129 12:15:20.591" endtime="20200129 12:15:20.699"></status>
</kw>
<kw name="Pantalla" library="recursos">
<arguments>
<arg>${dir2}/Establecimiento_des.png</arg>
</arguments>
<kw name="Capture Page Screenshot" library="SeleniumLibrary">
<doc>Takes a screenshot of the current page and embeds it into a log file.</doc>
<arguments>
<arg>${arg1}</arg>
</arguments>
<msg timestamp="20200129 12:15:21.185" level="INFO" html="yes">&lt;/td&gt;&lt;/tr&gt;&lt;tr&gt;&lt;td colspan="3"&gt;&lt;a href="Aviso/Establecimiento_des.png"&gt;&lt;img src="Aviso/Establecimiento_des.png" width="800px"&gt;&lt;/a&gt;</msg>
<status status="PASS" starttime="20200129 12:15:20.700" endtime="20200129 12:15:21.185"></status>
</kw>
<status status="PASS" starttime="20200129 12:15:20.699" endtime="20200129 12:15:21.185"></status>
</kw>
<kw name="Print" library="recursos">
<arguments>
<arg>Establecimiento de Destino OK</arg>
</arguments>
<kw name="Log To Console" library="BuiltIn">
<doc>Logs the given message to the console.</doc>
<arguments>
<arg>${arg1}</arg>
</arguments>
<status status="PASS" starttime="20200129 12:15:21.185" endtime="20200129 12:15:21.185"></status>
</kw>
<status status="PASS" starttime="20200129 12:15:21.185" endtime="20200129 12:15:21.186"></status>
</kw>
<kw name="Dormir" library="recursos">
<arguments>
<arg>2</arg>
</arguments>
[...]
<arguments>
<arg>window.scrollTo(${arg1},${arg2})</arg>
</arguments>
<msg timestamp="20200129 12:15:46.281" level="INFO">Executing JavaScript:
window.scrollTo(0,250)
Without any arguments.</msg>
<status status="PASS" starttime="20200129 12:15:46.281" endtime="20200129 12:15:46.384"></status>
</kw>
<status status="PASS" starttime="20200129 12:15:46.280" endtime="20200129 12:15:46.384"></status>
</kw>
<kw name="Pantalla" library="recursos">
<arguments>
<arg>${dir2}/Transportes_agregados.png</arg>
</arguments>
<kw name="Capture Page Screenshot" library="SeleniumLibrary">
<doc>Takes a screenshot of the current page and embeds it into a log file.</doc>
<arguments>
<arg>${arg1}</arg>
</arguments>
<msg timestamp="20200129 12:15:46.852" level="INFO" html="yes">&lt;/td&gt;&lt;/tr&gt;&lt;tr&gt;&lt;td colspan="3"&gt;&lt;a href="Aviso/Transportes_agregados.png"&gt;&lt;img src="Aviso/Transportes_agregados.png" width="800px"&gt;&lt;/a&gt;</msg>
<status status="PASS" starttime="20200129 12:15:46.385" endtime="20200129 12:15:46.852"></status>
</kw>
<status status="PASS" starttime="20200129 12:15:46.385" endtime="20200129 12:15:46.853"></status>
</kw>
<kw name="Print" library="recursos">
<arguments>
<arg>Transportes Agregados OK</arg>
</arguments>
<kw name="Log To Console" library="BuiltIn">
<doc>Logs the given message to the console.</doc>
<arguments>
<arg>${arg1}</arg>
</arguments>
<status status="PASS" starttime="20200129 12:15:46.853" endtime="20200129 12:15:46.854"></status>
</kw>
<status status="PASS" starttime="20200129 12:15:46.853" endtime="20200129 12:15:46.854"></status>
</kw>
<kw name="Dormir" library="recursos">
<arguments>
<arg>2</arg>
</arguments>
<kw name="Sleep" library="BuiltIn">
<doc>Pauses the test executed for the given time.</doc>
<arguments>
<arg>${arg1}</arg>
</arguments>
<msg timestamp="20200129 12:15:48.856" level="INFO">Slept 2 seconds</msg>
<status status="PASS" starttime="20200129 12:15:46.854" endtime="20200129 12:15:48.856"></status>
</kw>
<status status="PASS" starttime="20200129 12:15:46.854" endtime="20200129 12:15:48.856"></status>
</kw>
<kw name="Click" library="recursos">
<arguments>
<arg>(//input[contains(@type,'submit')])[16]</arg>
</arguments>
<kw name="Click Element" library="SeleniumLibrary">
<doc>Click the element identified by ``locator``.</doc>
<arguments>
<arg>xpath=${arg1}</arg>
</arguments>
<msg timestamp="20200129 12:15:48.857" level="INFO">Clicking element 'xpath=(//input[contains(@type,'submit')])[16]'.</msg>
<status status="PASS" starttime="20200129 12:15:48.856" endtime="20200129 12:15:50.673"></status>
</kw>
<status status="PASS" starttime="20200129 12:15:48.856" endtime="20200129 12:15:50.673"></status>
</kw>
<kw name="Scroll" library="recursos">
<arguments>
<arg>0</arg>
<arg>0</arg>
</arguments>
<kw name="Execute Javascript" library="SeleniumLibrary">
<doc>Executes the given JavaScript code with possible arguments.</doc>
<arguments>
<arg>window.scrollTo(${arg1},${arg2})</arg>
</arguments>
<msg timestamp="20200129 12:15:50.674" level="INFO">Executing JavaScript:
window.scrollTo(0,0)
Without any arguments.</msg>
<status status="PASS" starttime="20200129 12:15:50.674" endtime="20200129 12:15:50.779"></status>
</kw>
<status status="PASS" starttime="20200129 12:15:50.673" endtime="20200129 12:15:50.779"></status>
</kw>
<kw name="Dormir" library="recursos">
<arguments>
<arg>2</arg>
</arguments>
<kw name="Sleep" library="BuiltIn">
<doc>Pauses the test executed for the given time.</doc>
<arguments>
<arg>${arg1}</arg>
</arguments>
<msg timestamp="20200129 12:15:52.780" level="INFO">Slept 2 seconds</msg>
<status status="PASS" starttime="20200129 12:15:50.780" endtime="20200129 12:15:52.780"></status>
</kw>
<status status="PASS" starttime="20200129 12:15:50.779" endtime="20200129 12:15:52.780"></status>
</kw>
<kw name="Pantalla" library="recursos">
<arguments>
<arg>${dir2}/Resumen.png</arg>
</arguments>
<kw name="Capture Page Screenshot" library="SeleniumLibrary">
<doc>Takes a screenshot of the current page and embeds it into a log file.</doc>
<arguments>
<arg>${arg1}</arg>
</arguments>
<msg timestamp="20200129 12:15:53.237" level="INFO" html="yes">&lt;/td&gt;&lt;/tr&gt;&lt;tr&gt;&lt;td colspan="3"&gt;&lt;a href="Aviso/Resumen.png"&gt;&lt;img src="Aviso/Resumen.png" width="800px"&gt;&lt;/a&gt;</msg>
<status status="PASS" starttime="20200129 12:15:52.782" endtime="20200129 12:15:53.237"></status>
</kw>
<status status="PASS" starttime="20200129 12:15:52.781" endtime="20200129 12:15:53.237"></status>
</kw>
<kw name="Print" library="recursos">
<arguments>
<arg>Resumen final</arg>
</arguments>
<kw name="Log To Console" library="BuiltIn">
<doc>Logs the given message to the console.</doc>
<arguments>
<arg>${arg1}</arg>
</arguments>
<status status="PASS" starttime="20200129 12:15:53.238" endtime="20200129 12:15:53.238"></status>
</kw>
<status status="PASS" starttime="20200129 12:15:53.237" endtime="20200129 12:15:53.238"></status>
</kw>
<kw name="Scroll" library="recursos">
<arguments>
<arg>0</arg>
<arg>800</arg>
</arguments>
<kw name="Execute Javascript" library="SeleniumLibrary">
<doc>Executes the given JavaScript code with possible arguments.</doc>
<arguments>
<arg>window.scrollTo(${arg1},${arg2})</arg>
</arguments>
<msg timestamp="20200129 12:15:53.239" level="INFO">Executing JavaScript:
window.scrollTo(0,800)
Without any arguments.</msg>
<status status="PASS" starttime="20200129 12:15:53.239" endtime="20200129 12:15:53.344"></status>
</kw>
<status status="PASS" starttime="20200129 12:15:53.238" endtime="20200129 12:15:53.344"></status>
</kw>
<kw name="Dormir" library="recursos">
<arguments>
<arg>2</arg>
</arguments>
<kw name="Sleep" library="BuiltIn">
<doc>Pauses the test executed for the given time.</doc>
<arguments>
<arg>${arg1}</arg>
</arguments>
<msg timestamp="20200129 12:15:55.345" level="INFO">Slept 2 seconds</msg>
<status status="PASS" starttime="20200129 12:15:53.345" endtime="20200129 12:15:55.345"></status>
</kw>
<status status="PASS" starttime="20200129 12:15:53.344" endtime="20200129 12:15:55.345"></status>
</kw>
<kw name="Pantalla" library="recursos">
<arguments>
<arg>${dir2}/Firmar.png</arg>
</arguments>
<kw name="Capture Page Screenshot" library="SeleniumLibrary">
<doc>Takes a screenshot of the current page and embeds it into a log file.</doc>
<arguments>
<arg>${arg1}</arg>
</arguments>
<msg timestamp="20200129 12:15:55.813" level="INFO" html="yes">&lt;/td&gt;&lt;/tr&gt;&lt;tr&gt;&lt;td colspan="3"&gt;&lt;a href="Aviso/Firmar.png"&gt;&lt;img src="Aviso/Firmar.png" width="800px"&gt;&lt;/a&gt;</msg>
<status status="PASS" starttime="20200129 12:15:55.345" endtime="20200129 12:15:55.813"></status>
</kw>
<status status="PASS" starttime="20200129 12:15:55.345" endtime="20200129 12:15:55.813"></status>
</kw>
<kw name="Click" library="recursos">
<arguments>
<arg>(//input[contains(@type,'submit')])[14]</arg>
</arguments>
<kw name="Click Element" library="SeleniumLibrary">
<doc>Click the element identified by ``locator``.</doc>
<arguments>
<arg>xpath=${arg1}</arg>
</arguments>
<msg timestamp="20200129 12:15:55.814" level="INFO">Clicking element 'xpath=(//input[contains(@type,'submit')])[14]'.</msg>
<status status="PASS" starttime="20200129 12:15:55.814" endtime="20200129 12:15:56.536"></status>
</kw>
<status status="PASS" starttime="20200129 12:15:55.813" endtime="20200129 12:15:56.536"></status>
</kw>
<kw name="Dormir" library="recursos">
<arguments>
<arg>1</arg>
</arguments>
<kw name="Sleep" library="BuiltIn">
<doc>Pauses the test executed for the given time.</doc>
<arguments>
<arg>${arg1}</arg>
</arguments>
<msg timestamp="20200129 12:15:57.538" level="INFO">Slept 1 second</msg>
<status status="PASS" starttime="20200129 12:15:56.536" endtime="20200129 12:15:57.538"></status>
</kw>
<status status="PASS" starttime="20200129 12:15:56.536" endtime="20200129 12:15:57.538"></status>
</kw>
<kw name="Texto" library="recursos">
<arguments>
<arg>(//input[contains(@type,'text')])[1]</arg>
<arg>${rfc}</arg>
</arguments>
<kw name="Input Text" library="SeleniumLibrary">
<doc>Types the given ``text`` into the text field identified by ``locator``.</doc>
<arguments>
<arg>xpath=${arg1}</arg>
<arg>${arg2}</arg>
</arguments>
<msg timestamp="20200129 12:15:57.539" level="INFO">Typing text 'vinr770919lc8' into text field 'xpath=(//input[contains(@type,'text')])[1]'.</msg>
<status status="PASS" starttime="20200129 12:15:57.538" endtime="20200129 12:15:57.946"></status>
</kw>
<status status="PASS" starttime="20200129 12:15:57.538" endtime="20200129 12:15:57.946"></status>
</kw>
<kw name="Texto" library="recursos">
<arguments>
<arg>(//input[contains(@class,'form-control')])[2]</arg>
<arg>${pass}</arg>
</arguments>
<kw name="Input Text" library="SeleniumLibrary">
<doc>Types the given ``text`` into the text field identified by ``locator``.</doc>
<arguments>
<arg>xpath=${arg1}</arg>
<arg>${arg2}</arg>
</arguments>
<msg timestamp="20200129 12:15:57.947" level="INFO">Typing text 'Rorro131319+' into text field 'xpath=(//input[contains(@class,'form-control')])[2]'.</msg>
<status status="PASS" starttime="20200129 12:15:57.947" endtime="20200129 12:15:58.346"></status>
</kw>
<status status="PASS" starttime="20200129 12:15:57.947" endtime="20200129 12:15:58.346"></status>
</kw>
<kw name="Pantalla" library="recursos">
<arguments>
<arg>${dir2}/Firma_electronica.png</arg>
</arguments>
<kw name="Capture Page Screenshot" library="SeleniumLibrary">
<doc>Takes a screenshot of the current page and embeds it into a log file.</doc>
<arguments>
<arg>${arg1}</arg>
</arguments>
<msg timestamp="20200129 12:15:58.829" level="INFO" html="yes">&lt;/td&gt;&lt;/tr&gt;&lt;tr&gt;&lt;td colspan="3"&gt;&lt;a href="Aviso/Firma_electronica.png"&gt;&lt;img src="Aviso/Firma_electronica.png" width="800px"&gt;&lt;/a&gt;</msg>
<status status="PASS" starttime="20200129 12:15:58.346" endtime="20200129 12:15:58.829"></status>
</kw>
<status status="PASS" starttime="20200129 12:15:58.346" endtime="20200129 12:15:58.829"></status>
</kw>
<kw name="Dormir" library="recursos">
<arguments>
<arg>1</arg>
</arguments>
<kw name="Sleep" library="BuiltIn">
<doc>Pauses the test executed for the given time.</doc>
<arguments>
<arg>${arg1}</arg>
</arguments>
<msg timestamp="20200129 12:15:59.831" level="INFO">Slept 1 second</msg>
<status status="PASS" starttime="20200129 12:15:58.830" endtime="20200129 12:15:59.831"></status>
</kw>
<status status="PASS" starttime="20200129 12:15:58.829" endtime="20200129 12:15:59.831"></status>
</kw>
<kw name="Examinar" library="recursos">
<arguments>
<arg>(//input[@type='file'])[1]</arg>
<arg>${key}</arg>
</arguments>
<kw name="Choose File" library="SeleniumLibrary">
<doc>Inputs the ``file_path`` into the file input field ``locator``.</doc>
<arguments>
<arg>${arg1}</arg>
<arg>${arg2}</arg>
</arguments>
<msg timestamp="20200129 12:15:59.832" level="INFO">Sending C:\ClavePrivada.key to browser.</msg>
<status status="PASS" starttime="20200129 12:15:59.832" endtime="20200129 12:16:00.065"></status>
</kw>
<status status="PASS" starttime="20200129 12:15:59.831" endtime="20200129 12:16:00.066"></status>
</kw>
<kw name="Examinar" library="recursos">
<arguments>
<arg>(//input[@type='file'])[2]</arg>
<arg>${Cer}</arg>
</arguments>
<kw name="Choose File" library="SeleniumLibrary">
<doc>Inputs the ``file_path`` into the file input field ``locator``.</doc>
<arguments>
<arg>${arg1}</arg>
<arg>${arg2}</arg>
</arguments>
<msg timestamp="20200129 12:16:00.067" level="INFO">Sending C:\vinr770919lc8.cer to browser.</msg>
<status status="PASS" starttime="20200129 12:16:00.066" endtime="20200129 12:16:00.301"></status>
</kw>
<status status="PASS" starttime="20200129 12:16:00.066" endtime="20200129 12:16:00.301"></status>
</kw>
<kw name="Dormir" library="recursos">
<arguments>
<arg>1</arg>
</arguments>
<kw name="Sleep" library="BuiltIn">
<doc>Pauses the test executed for the given time.</doc>
<arguments>
<arg>${arg1}</arg>
</arguments>
<msg timestamp="20200129 12:16:01.302" level="INFO">Slept 1 second</msg>
<status status="PASS" starttime="20200129 12:16:00.301" endtime="20200129 12:16:01.302"></status>
</kw>
<status status="PASS" starttime="20200129 12:16:00.301" endtime="20200129 12:16:01.302"></status>
</kw>
<kw name="Pantalla" library="recursos">
<arguments>
<arg>${dir2}/Carga_key.png</arg>
</arguments>
<kw name="Capture Page Screenshot" library="SeleniumLibrary">
<doc>Takes a screenshot of the current page and embeds it into a log file.</doc>
<arguments>
<arg>${arg1}</arg>
</arguments>
<msg timestamp="20200129 12:16:01.777" level="INFO" html="yes">&lt;/td&gt;&lt;/tr&gt;&lt;tr&gt;&lt;td colspan="3"&gt;&lt;a href="Aviso/Carga_key.png"&gt;&lt;img src="Aviso/Carga_key.png" width="800px"&gt;&lt;/a&gt;</msg>
<status status="PASS" starttime="20200129 12:16:01.302" endtime="20200129 12:16:01.778"></status>
</kw>
<status status="PASS" starttime="20200129 12:16:01.302" endtime="20200129 12:16:01.778"></status>
</kw>
<kw name="Print" library="recursos">
<arguments>
<arg>Carga de Key y Cer OK</arg>
</arguments>
<kw name="Log To Console" library="BuiltIn">
<doc>Logs the given message to the console.</doc>
<arguments>
<arg>${arg1}</arg>
</arguments>
<status status="PASS" starttime="20200129 12:16:01.779" endtime="20200129 12:16:01.779"></status>
</kw>
<status status="PASS" starttime="20200129 12:16:01.778" endtime="20200129 12:16:01.779"></status>
</kw>
<kw name="Click" library="recursos">
<arguments>
<arg>(//input[@type='submit'])[12]</arg>
</arguments>
<kw name="Click Element" library="SeleniumLibrary">
<doc>Click the element identified by ``locator``.</doc>
<arguments>
<arg>xpath=${arg1}</arg>
</arguments>
<msg timestamp="20200129 12:16:01.780" level="INFO">Clicking element 'xpath=(//input[@type='submit'])[12]'.</msg>
<status status="PASS" starttime="20200129 12:16:01.780" endtime="20200129 12:16:16.365"></status>
</kw>
<status status="PASS" starttime="20200129 12:16:01.779" endtime="20200129 12:16:16.366"></status>
</kw>
<kw name="Scroll" library="recursos">
<arguments>
<arg>0</arg>
<arg>250</arg>
</arguments>
<kw name="Execute Javascript" library="SeleniumLibrary">
<doc>Executes the given JavaScript code with possible arguments.</doc>
<arguments>
<arg>window.scrollTo(${arg1},${arg2})</arg>
</arguments>
<msg timestamp="20200129 12:16:16.368" level="INFO">Executing JavaScript:
window.scrollTo(0,250)
Without any arguments.</msg>
<status status="PASS" starttime="20200129 12:16:16.367" endtime="20200129 12:16:16.475"></status>
</kw>
<status status="PASS" starttime="20200129 12:16:16.366" endtime="20200129 12:16:16.475"></status>
</kw>
<kw name="Pantalla" library="recursos">
<arguments>
<arg>${dir2}/Folio.png</arg>
</arguments>
<kw name="Capture Page Screenshot" library="SeleniumLibrary">
<doc>Takes a screenshot of the current page and embeds it into a log file.</doc>
<arguments>
<arg>${arg1}</arg>
</arguments>
<msg timestamp="20200129 12:16:16.977" level="INFO" html="yes">&lt;/td&gt;&lt;/tr&gt;&lt;tr&gt;&lt;td colspan="3"&gt;&lt;a href="Aviso/Folio.png"&gt;&lt;img src="Aviso/Folio.png" width="800px"&gt;&lt;/a&gt;</msg>
<status status="PASS" starttime="20200129 12:16:16.475" endtime="20200129 12:16:16.977"></status>
</kw>
<status status="PASS" starttime="20200129 12:16:16.475" endtime="20200129 12:16:16.978"></status>
</kw>
<kw name="Print" library="recursos">
<arguments>
<arg>Firma Generada Correctamente OK</arg>
</arguments>
<kw name="Log To Console" library="BuiltIn">
<doc>Logs the given message to the console.</doc>
<arguments>
<arg>${arg1}</arg>
</arguments>
<status status="PASS" starttime="20200129 12:16:16.978" endtime="20200129 12:16:16.978"></status>
</kw>
<status status="PASS" starttime="20200129 12:16:16.978" endtime="20200129 12:16:16.978"></status>
</kw>
<kw name="Click" library="recursos">
<arguments>
<arg>(//a[@href='#'])[2]</arg>
</arguments>
<kw name="Click Element" library="SeleniumLibrary">
<doc>Click the element identified by ``locator``.</doc>
<arguments>
<arg>xpath=${arg1}</arg>
</arguments>
<msg timestamp="20200129 12:16:16.978" level="INFO">Clicking element 'xpath=(//a[@href='#'])[2]'.</msg>
<status status="PASS" starttime="20200129 12:16:16.978" endtime="20200129 12:16:17.259"></status>
</kw>
<status status="PASS" starttime="20200129 12:16:16.978" endtime="20200129 12:16:17.259"></status>
</kw>
<kw name="Pantalla" library="recursos">
<arguments>
<arg>${dir2}/Imprimir_generar_aviso.png</arg>
</arguments>
<kw name="Capture Page Screenshot" library="SeleniumLibrary">
<doc>Takes a screenshot of the current page and embeds it into a log file.</doc>
<arguments>
<arg>${arg1}</arg>
</arguments>
<msg timestamp="20200129 12:16:17.768" level="INFO" html="yes">&lt;/td&gt;&lt;/tr&gt;&lt;tr&gt;&lt;td colspan="3"&gt;&lt;a href="Aviso/Imprimir_generar_aviso.png"&gt;&lt;img src="Aviso/Imprimir_generar_aviso.png" width="800px"&gt;&lt;/a&gt;</msg>
<status status="PASS" starttime="20200129 12:16:17.260" endtime="20200129 12:16:17.768"></status>
</kw>
<status status="PASS" starttime="20200129 12:16:17.259" endtime="20200129 12:16:17.768"></status>
</kw>
<kw name="Print" library="recursos">
<arguments>
<arg>Generar Ok</arg>
</arguments>
<kw name="Log To Console" library="BuiltIn">
<doc>Logs the given message to the console.</doc>
<arguments>
<arg>${arg1}</arg>
</arguments>
<status status="PASS" starttime="20200129 12:16:17.769" endtime="20200129 12:16:17.769"></status>
</kw>
<status status="PASS" starttime="20200129 12:16:17.768" endtime="20200129 12:16:17.769"></status>
</kw>
<kw name="Dormir" library="recursos">
<arguments>
<arg>20</arg>
</arguments>
<kw name="Sleep" library="BuiltIn">
<doc>Pauses the test executed for the given time.</doc>
<arguments>
<arg>${arg1}</arg>
</arguments>
<msg timestamp="20200129 12:16:37.770" level="INFO">Slept 20 seconds</msg>
<status status="PASS" starttime="20200129 12:16:17.769" endtime="20200129 12:16:37.770"></status>
</kw>
<status status="PASS" starttime="20200129 12:16:17.769" endtime="20200129 12:16:37.771"></status>
</kw>
<kw name="Click" library="recursos">
<arguments>
<arg>//*[@id="amtif:btnObtenPDF"]</arg>
</arguments>
<kw name="Click Element" library="SeleniumLibrary">
<doc>Click the element identified by ``locator``.</doc>
<arguments>
<arg>xpath=${arg1}</arg>
</arguments>
<msg timestamp="20200129 12:16:37.772" level="INFO">Clicking element 'xpath=//*[@id="amtif:btnObtenPDF"]'.</msg>
<kw name="Capture Page Screenshot" library="SeleniumLibrary">
<doc>Takes a screenshot of the current page and embeds it into a log file.</doc>
<msg timestamp="20200129 12:16:38.444" level="INFO" html="yes">&lt;/td&gt;&lt;/tr&gt;&lt;tr&gt;&lt;td colspan="3"&gt;&lt;a href="selenium-screenshot-1.png"&gt;&lt;img src="selenium-screenshot-1.png" width="800px"&gt;&lt;/a&gt;</msg>
<status status="PASS" starttime="20200129 12:16:37.897" endtime="20200129 12:16:38.444"></status>
</kw>
<msg timestamp="20200129 12:16:38.446" level="FAIL">Element with locator 'xpath=//*[@id="amtif:btnObtenPDF"]' not found.</msg>
<status status="FAIL" starttime="20200129 12:16:37.772" endtime="20200129 12:16:38.446"></status>
</kw>
<status status="FAIL" starttime="20200129 12:16:37.771" endtime="20200129 12:16:38.446"></status>
</kw>
<doc>Despojos y Harinas</doc>
<status status="FAIL" starttime="20200129 12:14:59.980" endtime="20200129 12:16:38.446" critical="yes">Element with locator 'xpath=//*[@id="amtif:btnObtenPDF"]' not found.</status>
</test>
<doc>Casos de Prueba CC-04-2019-AMTIF-OT04</doc>
<status status="FAIL" starttime="20200129 12:13:49.074" endtime="20200129 12:16:38.447"></status>
</suite>
<status status="FAIL" starttime="20200129 12:13:49.005" endtime="20200129 12:16:38.448"></status>
</suite>
<statistics>
<total>
<stat pass="1" fail="1">Critical Tests</stat>
<stat pass="1" fail="1">All Tests</stat>
</total>
<tag>
</tag>
<suite>
<stat pass="1" fail="1" id="s1" name="Suites">Suites</stat>
<stat pass="1" fail="1" id="s1-s1" name="Cp001 Chrome Copy 7">Suites.Cp001 Chrome Copy 7</stat>
</suite>
</statistics>
<errors>
</errors>
</robot>
